[15-Oct-2023 01:05:39 UTC] PHP Warning:  Undefined property: stdClass::$guests_content in /home/swiftwav/analytics.cyrixx.com/themes/altum/views/partials/announcements.php on line 4
[15-Oct-2023 01:05:39 UTC] PHP Warning:  Undefined property: stdClass::$users_content in /home/swiftwav/analytics.cyrixx.com/themes/altum/views/partials/announcements.php on line 4
[15-Oct-2023 01:11:43 UTC] PHP Warning:  Undefined property: stdClass::$guests_content in /home/swiftwav/analytics.cyrixx.com/themes/altum/views/partials/announcements.php on line 4
[15-Oct-2023 01:11:43 UTC] PHP Warning:  Undefined property: stdClass::$users_content in /home/swiftwav/analytics.cyrixx.com/themes/altum/views/partials/announcements.php on line 4
[15-Oct-2023 01:11:44 UTC] PHP Warning:  Undefined property: stdClass::$guests_content in /home/swiftwav/analytics.cyrixx.com/themes/altum/views/partials/announcements.php on line 4
[15-Oct-2023 01:11:44 UTC] PHP Warning:  Undefined property: stdClass::$users_content in /home/swiftwav/analytics.cyrixx.com/themes/altum/views/partials/announcements.php on line 4
[15-Oct-2023 01:28:15 UTC] PHP Warning:  Undefined property: stdClass::$guests_content in /home/swiftwav/analytics.cyrixx.com/themes/altum/views/partials/announcements.php on line 4
[15-Oct-2023 01:28:15 UTC] PHP Warning:  Undefined property: stdClass::$users_content in /home/swiftwav/analytics.cyrixx.com/themes/altum/views/partials/announcements.php on line 4
[15-Oct-2023 01:28:15 UTC] PHP Warning:  Undefined property: stdClass::$guests_content in /home/swiftwav/analytics.cyrixx.com/themes/altum/views/partials/announcements.php on line 4
[15-Oct-2023 01:28:15 UTC] PHP Warning:  Undefined property: stdClass::$users_content in /home/swiftwav/analytics.cyrixx.com/themes/altum/views/partials/announcements.php on line 4
[15-Oct-2023 01:28:15 UTC] PHP Warning:  Undefined property: stdClass::$guests_content in /home/swiftwav/analytics.cyrixx.com/themes/altum/views/partials/announcements.php on line 4
[15-Oct-2023 01:28:15 UTC] PHP Warning:  Undefined property: stdClass::$users_content in /home/swiftwav/analytics.cyrixx.com/themes/altum/views/partials/announcements.php on line 4
[15-Oct-2023 01:28:16 UTC] PHP Warning:  Undefined property: stdClass::$guests_content in /home/swiftwav/analytics.cyrixx.com/themes/altum/views/partials/announcements.php on line 4
[15-Oct-2023 01:28:16 UTC] PHP Warning:  Undefined property: stdClass::$users_content in /home/swiftwav/analytics.cyrixx.com/themes/altum/views/partials/announcements.php on line 4
[15-Oct-2023 01:28:16 UTC] PHP Warning:  Undefined property: stdClass::$guests_content in /home/swiftwav/analytics.cyrixx.com/themes/altum/views/partials/announcements.php on line 4
[15-Oct-2023 01:28:16 UTC] PHP Warning:  Undefined property: stdClass::$users_content in /home/swiftwav/analytics.cyrixx.com/themes/altum/views/partials/announcements.php on line 4
[15-Oct-2023 01:28:17 UTC] PHP Warning:  Undefined property: stdClass::$guests_content in /home/swiftwav/analytics.cyrixx.com/themes/altum/views/partials/announcements.php on line 4
[15-Oct-2023 01:28:17 UTC] PHP Warning:  Undefined property: stdClass::$users_content in /home/swiftwav/analytics.cyrixx.com/themes/altum/views/partials/announcements.php on line 4
[15-Oct-2023 01:28:17 UTC] PHP Warning:  Undefined property: stdClass::$guests_content in /home/swiftwav/analytics.cyrixx.com/themes/altum/views/partials/announcements.php on line 4
[15-Oct-2023 01:28:17 UTC] PHP Warning:  Undefined property: stdClass::$users_content in /home/swiftwav/analytics.cyrixx.com/themes/altum/views/partials/announcements.php on line 4
[15-Oct-2023 01:28:17 UTC] PHP Warning:  Undefined property: stdClass::$guests_content in /home/swiftwav/analytics.cyrixx.com/themes/altum/views/partials/announcements.php on line 4
[15-Oct-2023 01:28:17 UTC] PHP Warning:  Undefined property: stdClass::$users_content in /home/swiftwav/analytics.cyrixx.com/themes/altum/views/partials/announcements.php on line 4
[15-Oct-2023 01:28:18 UTC] PHP Warning:  Undefined property: stdClass::$guests_content in /home/swiftwav/analytics.cyrixx.com/themes/altum/views/partials/announcements.php on line 4
[15-Oct-2023 01:28:18 UTC] PHP Warning:  Undefined property: stdClass::$users_content in /home/swiftwav/analytics.cyrixx.com/themes/altum/views/partials/announcements.php on line 4
[15-Oct-2023 01:28:18 UTC] PHP Warning:  Undefined property: stdClass::$guests_content in /home/swiftwav/analytics.cyrixx.com/themes/altum/views/partials/announcements.php on line 4
[15-Oct-2023 01:28:18 UTC] PHP Warning:  Undefined property: stdClass::$users_content in /home/swiftwav/analytics.cyrixx.com/themes/altum/views/partials/announcements.php on line 4
[15-Oct-2023 01:28:18 UTC] PHP Warning:  Undefined property: stdClass::$guests_content in /home/swiftwav/analytics.cyrixx.com/themes/altum/views/partials/announcements.php on line 4
[15-Oct-2023 01:28:18 UTC] PHP Warning:  Undefined property: stdClass::$users_content in /home/swiftwav/analytics.cyrixx.com/themes/altum/views/partials/announcements.php on line 4
[15-Oct-2023 01:28:18 UTC] PHP Warning:  Undefined property: stdClass::$guests_content in /home/swiftwav/analytics.cyrixx.com/themes/altum/views/partials/announcements.php on line 4
[15-Oct-2023 01:28:18 UTC] PHP Warning:  Undefined property: stdClass::$users_content in /home/swiftwav/analytics.cyrixx.com/themes/altum/views/partials/announcements.php on line 4
[15-Oct-2023 01:28:19 UTC] PHP Warning:  Undefined property: stdClass::$guests_content in /home/swiftwav/analytics.cyrixx.com/themes/altum/views/partials/announcements.php on line 4
[15-Oct-2023 01:28:19 UTC] PHP Warning:  Undefined property: stdClass::$users_content in /home/swiftwav/analytics.cyrixx.com/themes/altum/views/partials/announcements.php on line 4
[15-Oct-2023 01:28:19 UTC] PHP Warning:  Undefined property: stdClass::$guests_content in /home/swiftwav/analytics.cyrixx.com/themes/altum/views/partials/announcements.php on line 4
[15-Oct-2023 01:28:19 UTC] PHP Warning:  Undefined property: stdClass::$users_content in /home/swiftwav/analytics.cyrixx.com/themes/altum/views/partials/announcements.php on line 4
[15-Oct-2023 01:28:19 UTC] PHP Warning:  Undefined property: stdClass::$guests_content in /home/swiftwav/analytics.cyrixx.com/themes/altum/views/partials/announcements.php on line 4
[15-Oct-2023 01:28:19 UTC] PHP Warning:  Undefined property: stdClass::$users_content in /home/swiftwav/analytics.cyrixx.com/themes/altum/views/partials/announcements.php on line 4
[15-Oct-2023 01:28:20 UTC] PHP Warning:  Undefined property: stdClass::$guests_content in /home/swiftwav/analytics.cyrixx.com/themes/altum/views/partials/announcements.php on line 4
[15-Oct-2023 01:28:20 UTC] PHP Warning:  Undefined property: stdClass::$users_content in /home/swiftwav/analytics.cyrixx.com/themes/altum/views/partials/announcements.php on line 4
[15-Oct-2023 01:28:20 UTC] PHP Warning:  Undefined property: stdClass::$guests_content in /home/swiftwav/analytics.cyrixx.com/themes/altum/views/partials/announcements.php on line 4
[15-Oct-2023 01:28:20 UTC] PHP Warning:  Undefined property: stdClass::$users_content in /home/swiftwav/analytics.cyrixx.com/themes/altum/views/partials/announcements.php on line 4
[15-Oct-2023 01:28:20 UTC] PHP Warning:  Undefined property: stdClass::$guests_content in /home/swiftwav/analytics.cyrixx.com/themes/altum/views/partials/announcements.php on line 4
[15-Oct-2023 01:28:20 UTC] PHP Warning:  Undefined property: stdClass::$users_content in /home/swiftwav/analytics.cyrixx.com/themes/altum/views/partials/announcements.php on line 4
[15-Oct-2023 01:28:21 UTC] PHP Warning:  Undefined property: stdClass::$guests_content in /home/swiftwav/analytics.cyrixx.com/themes/altum/views/partials/announcements.php on line 4
[15-Oct-2023 01:28:21 UTC] PHP Warning:  Undefined property: stdClass::$users_content in /home/swiftwav/analytics.cyrixx.com/themes/altum/views/partials/announcements.php on line 4
[15-Oct-2023 06:23:57 UTC] PHP Warning:  Undefined property: stdClass::$guests_content in /home/swiftwav/analytics.cyrixx.com/themes/altum/views/partials/announcements.php on line 4
[15-Oct-2023 06:23:57 UTC] PHP Warning:  Undefined property: stdClass::$users_content in /home/swiftwav/analytics.cyrixx.com/themes/altum/views/partials/announcements.php on line 4
[15-Oct-2023 06:25:42 UTC] PHP Warning:  Undefined property: stdClass::$guests_content in /home/swiftwav/analytics.cyrixx.com/themes/altum/views/partials/announcements.php on line 4
[15-Oct-2023 06:25:42 UTC] PHP Warning:  Undefined property: stdClass::$users_content in /home/swiftwav/analytics.cyrixx.com/themes/altum/views/partials/announcements.php on line 4
[15-Oct-2023 06:25:42 UTC] PHP Warning:  Undefined property: stdClass::$guests_content in /home/swiftwav/analytics.cyrixx.com/themes/altum/views/partials/announcements.php on line 4
[15-Oct-2023 06:25:42 UTC] PHP Warning:  Undefined property: stdClass::$users_content in /home/swiftwav/analytics.cyrixx.com/themes/altum/views/partials/announcements.php on line 4
[15-Oct-2023 06:25:42 UTC] PHP Warning:  Undefined property: stdClass::$guests_content in /home/swiftwav/analytics.cyrixx.com/themes/altum/views/partials/announcements.php on line 4
[15-Oct-2023 06:25:42 UTC] PHP Warning:  Undefined property: stdClass::$users_content in /home/swiftwav/analytics.cyrixx.com/themes/altum/views/partials/announcements.php on line 4
[15-Oct-2023 06:25:42 UTC] PHP Warning:  Undefined property: stdClass::$guests_content in /home/swiftwav/analytics.cyrixx.com/themes/altum/views/partials/announcements.php on line 4
[15-Oct-2023 06:25:42 UTC] PHP Warning:  Undefined property: stdClass::$users_content in /home/swiftwav/analytics.cyrixx.com/themes/altum/views/partials/announcements.php on line 4
[15-Oct-2023 06:25:42 UTC] PHP Warning:  Undefined property: stdClass::$guests_content in /home/swiftwav/analytics.cyrixx.com/themes/altum/views/partials/announcements.php on line 4
[15-Oct-2023 06:25:42 UTC] PHP Warning:  Undefined property: stdClass::$users_content in /home/swiftwav/analytics.cyrixx.com/themes/altum/views/partials/announcements.php on line 4
[15-Oct-2023 06:25:42 UTC] PHP Warning:  Undefined property: stdClass::$guests_content in /home/swiftwav/analytics.cyrixx.com/themes/altum/views/partials/announcements.php on line 4
[15-Oct-2023 06:25:42 UTC] PHP Warning:  Undefined property: stdClass::$users_content in /home/swiftwav/analytics.cyrixx.com/themes/altum/views/partials/announcements.php on line 4
[15-Oct-2023 06:25:42 UTC] PHP Warning:  Undefined property: stdClass::$guests_content in /home/swiftwav/analytics.cyrixx.com/themes/altum/views/partials/announcements.php on line 4
[15-Oct-2023 06:25:42 UTC] PHP Warning:  Undefined property: stdClass::$users_content in /home/swiftwav/analytics.cyrixx.com/themes/altum/views/partials/announcements.php on line 4
[15-Oct-2023 06:25:42 UTC] PHP Warning:  Undefined property: stdClass::$guests_content in /home/swiftwav/analytics.cyrixx.com/themes/altum/views/partials/announcements.php on line 4
[15-Oct-2023 06:25:42 UTC] PHP Warning:  Undefined property: stdClass::$users_content in /home/swiftwav/analytics.cyrixx.com/themes/altum/views/partials/announcements.php on line 4
[15-Oct-2023 06:25:42 UTC] PHP Warning:  Undefined property: stdClass::$guests_content in /home/swiftwav/analytics.cyrixx.com/themes/altum/views/partials/announcements.php on line 4
[15-Oct-2023 06:25:42 UTC] PHP Warning:  Undefined property: stdClass::$users_content in /home/swiftwav/analytics.cyrixx.com/themes/altum/views/partials/announcements.php on line 4
[15-Oct-2023 06:57:12 UTC] PHP Fatal error:  Uncaught mysqli_sql_exception: Too many connections in /home/swiftwav/analytics.cyrixx.com/app/core/Database.php:23
Stack trace:
#0 /home/swiftwav/analytics.cyrixx.com/app/core/Database.php(23): mysqli->__construct('localhost', 'swiftwav_analyt...', 'swiftwav_analyt...', 'swiftwav_analyt...')
#1 /home/swiftwav/analytics.cyrixx.com/app/core/App.php(22): Altum\Database::initialize()
#2 /home/swiftwav/analytics.cyrixx.com/index.php(20): Altum\App->__construct()
#3 {main}
  thrown in /home/swiftwav/analytics.cyrixx.com/app/core/Database.php on line 23
[15-Oct-2023 10:19:01 UTC] PHP Warning:  Undefined property: stdClass::$guests_content in /home/swiftwav/analytics.cyrixx.com/themes/altum/views/partials/announcements.php on line 4
[15-Oct-2023 10:19:01 UTC] PHP Warning:  Undefined property: stdClass::$users_content in /home/swiftwav/analytics.cyrixx.com/themes/altum/views/partials/announcements.php on line 4
[15-Oct-2023 10:19:02 UTC] PHP Warning:  Undefined property: stdClass::$guests_content in /home/swiftwav/analytics.cyrixx.com/themes/altum/views/partials/announcements.php on line 4
[15-Oct-2023 10:19:02 UTC] PHP Warning:  Undefined property: stdClass::$users_content in /home/swiftwav/analytics.cyrixx.com/themes/altum/views/partials/announcements.php on line 4
[15-Oct-2023 10:19:05 UTC] PHP Warning:  Undefined property: stdClass::$guests_content in /home/swiftwav/analytics.cyrixx.com/themes/altum/views/partials/announcements.php on line 4
[15-Oct-2023 10:19:05 UTC] PHP Warning:  Undefined property: stdClass::$users_content in /home/swiftwav/analytics.cyrixx.com/themes/altum/views/partials/announcements.php on line 4
[15-Oct-2023 10:19:06 UTC] PHP Warning:  Undefined property: stdClass::$guests_content in /home/swiftwav/analytics.cyrixx.com/themes/altum/views/partials/announcements.php on line 4
[15-Oct-2023 10:19:06 UTC] PHP Warning:  Undefined property: stdClass::$users_content in /home/swiftwav/analytics.cyrixx.com/themes/altum/views/partials/announcements.php on line 4
[15-Oct-2023 10:19:22 UTC] PHP Warning:  Undefined property: stdClass::$guests_content in /home/swiftwav/analytics.cyrixx.com/themes/altum/views/partials/announcements.php on line 4
[15-Oct-2023 10:19:22 UTC] PHP Warning:  Undefined property: stdClass::$users_content in /home/swiftwav/analytics.cyrixx.com/themes/altum/views/partials/announcements.php on line 4
[15-Oct-2023 10:19:23 UTC] PHP Warning:  Undefined property: stdClass::$guests_content in /home/swiftwav/analytics.cyrixx.com/themes/altum/views/partials/announcements.php on line 4
[15-Oct-2023 10:19:23 UTC] PHP Warning:  Undefined property: stdClass::$users_content in /home/swiftwav/analytics.cyrixx.com/themes/altum/views/partials/announcements.php on line 4
[15-Oct-2023 10:19:23 UTC] PHP Warning:  Undefined property: stdClass::$guests_content in /home/swiftwav/analytics.cyrixx.com/themes/altum/views/partials/announcements.php on line 4
[15-Oct-2023 10:19:23 UTC] PHP Warning:  Undefined property: stdClass::$users_content in /home/swiftwav/analytics.cyrixx.com/themes/altum/views/partials/announcements.php on line 4
[15-Oct-2023 13:48:51 UTC] PHP Warning:  Undefined property: stdClass::$guests_content in /home/swiftwav/analytics.cyrixx.com/themes/altum/views/partials/announcements.php on line 4
[15-Oct-2023 13:48:51 UTC] PHP Warning:  Undefined property: stdClass::$users_content in /home/swiftwav/analytics.cyrixx.com/themes/altum/views/partials/announcements.php on line 4
[15-Oct-2023 13:48:53 UTC] PHP Warning:  Undefined property: stdClass::$guests_content in /home/swiftwav/analytics.cyrixx.com/themes/altum/views/partials/announcements.php on line 4
[15-Oct-2023 13:48:53 UTC] PHP Warning:  Undefined property: stdClass::$users_content in /home/swiftwav/analytics.cyrixx.com/themes/altum/views/partials/announcements.php on line 4
[15-Oct-2023 15:28:30 UTC] PHP Warning:  Undefined property: stdClass::$guests_content in /home/swiftwav/analytics.cyrixx.com/themes/altum/views/partials/announcements.php on line 4
[15-Oct-2023 15:28:30 UTC] PHP Warning:  Undefined property: stdClass::$users_content in /home/swiftwav/analytics.cyrixx.com/themes/altum/views/partials/announcements.php on line 4
[15-Oct-2023 17:12:44 UTC] PHP Warning:  Undefined property: stdClass::$guests_content in /home/swiftwav/analytics.cyrixx.com/themes/altum/views/partials/announcements.php on line 4
[15-Oct-2023 17:12:44 UTC] PHP Warning:  Undefined property: stdClass::$users_content in /home/swiftwav/analytics.cyrixx.com/themes/altum/views/partials/announcements.php on line 4
[15-Oct-2023 17:12:46 UTC] PHP Warning:  Undefined property: stdClass::$guests_content in /home/swiftwav/analytics.cyrixx.com/themes/altum/views/partials/announcements.php on line 4
[15-Oct-2023 17:12:46 UTC] PHP Warning:  Undefined property: stdClass::$users_content in /home/swiftwav/analytics.cyrixx.com/themes/altum/views/partials/announcements.php on line 4
[15-Oct-2023 17:32:48 UTC] PHP Warning:  Undefined property: stdClass::$guests_content in /home/swiftwav/analytics.cyrixx.com/themes/altum/views/partials/announcements.php on line 4
[15-Oct-2023 17:32:48 UTC] PHP Warning:  Undefined property: stdClass::$users_content in /home/swiftwav/analytics.cyrixx.com/themes/altum/views/partials/announcements.php on line 4
[15-Oct-2023 17:32:48 UTC] PHP Warning:  Undefined property: stdClass::$guests_content in /home/swiftwav/analytics.cyrixx.com/themes/altum/views/partials/announcements.php on line 4
[15-Oct-2023 17:32:48 UTC] PHP Warning:  Undefined property: stdClass::$users_content in /home/swiftwav/analytics.cyrixx.com/themes/altum/views/partials/announcements.php on line 4
[15-Oct-2023 17:32:49 UTC] PHP Warning:  Undefined property: stdClass::$guests_content in /home/swiftwav/analytics.cyrixx.com/themes/altum/views/partials/announcements.php on line 4
[15-Oct-2023 17:32:49 UTC] PHP Warning:  Undefined property: stdClass::$users_content in /home/swiftwav/analytics.cyrixx.com/themes/altum/views/partials/announcements.php on line 4
[15-Oct-2023 17:32:49 UTC] PHP Warning:  Undefined property: stdClass::$guests_content in /home/swiftwav/analytics.cyrixx.com/themes/altum/views/partials/announcements.php on line 4
[15-Oct-2023 17:32:49 UTC] PHP Warning:  Undefined property: stdClass::$users_content in /home/swiftwav/analytics.cyrixx.com/themes/altum/views/partials/announcements.php on line 4
[15-Oct-2023 17:32:50 UTC] PHP Warning:  Undefined property: stdClass::$guests_content in /home/swiftwav/analytics.cyrixx.com/themes/altum/views/partials/announcements.php on line 4
[15-Oct-2023 17:32:50 UTC] PHP Warning:  Undefined property: stdClass::$users_content in /home/swiftwav/analytics.cyrixx.com/themes/altum/views/partials/announcements.php on line 4
[15-Oct-2023 17:32:50 UTC] PHP Warning:  Undefined property: stdClass::$guests_content in /home/swiftwav/analytics.cyrixx.com/themes/altum/views/partials/announcements.php on line 4
[15-Oct-2023 17:32:50 UTC] PHP Warning:  Undefined property: stdClass::$users_content in /home/swiftwav/analytics.cyrixx.com/themes/altum/views/partials/announcements.php on line 4
[15-Oct-2023 17:32:51 UTC] PHP Warning:  Undefined property: stdClass::$guests_content in /home/swiftwav/analytics.cyrixx.com/themes/altum/views/partials/announcements.php on line 4
[15-Oct-2023 17:32:51 UTC] PHP Warning:  Undefined property: stdClass::$users_content in /home/swiftwav/analytics.cyrixx.com/themes/altum/views/partials/announcements.php on line 4
[15-Oct-2023 17:32:51 UTC] PHP Warning:  Undefined property: stdClass::$guests_content in /home/swiftwav/analytics.cyrixx.com/themes/altum/views/partials/announcements.php on line 4
[15-Oct-2023 17:32:51 UTC] PHP Warning:  Undefined property: stdClass::$users_content in /home/swiftwav/analytics.cyrixx.com/themes/altum/views/partials/announcements.php on line 4
[15-Oct-2023 17:32:51 UTC] PHP Warning:  Undefined property: stdClass::$guests_content in /home/swiftwav/analytics.cyrixx.com/themes/altum/views/partials/announcements.php on line 4
[15-Oct-2023 17:32:51 UTC] PHP Warning:  Undefined property: stdClass::$users_content in /home/swiftwav/analytics.cyrixx.com/themes/altum/views/partials/announcements.php on line 4
[15-Oct-2023 17:32:51 UTC] PHP Warning:  Undefined property: stdClass::$guests_content in /home/swiftwav/analytics.cyrixx.com/themes/altum/views/partials/announcements.php on line 4
[15-Oct-2023 17:32:51 UTC] PHP Warning:  Undefined property: stdClass::$users_content in /home/swiftwav/analytics.cyrixx.com/themes/altum/views/partials/announcements.php on line 4
[15-Oct-2023 17:32:53 UTC] PHP Warning:  Undefined property: stdClass::$guests_content in /home/swiftwav/analytics.cyrixx.com/themes/altum/views/partials/announcements.php on line 4
[15-Oct-2023 17:32:53 UTC] PHP Warning:  Undefined property: stdClass::$users_content in /home/swiftwav/analytics.cyrixx.com/themes/altum/views/partials/announcements.php on line 4
[15-Oct-2023 17:32:53 UTC] PHP Warning:  Undefined property: stdClass::$guests_content in /home/swiftwav/analytics.cyrixx.com/themes/altum/views/partials/announcements.php on line 4
[15-Oct-2023 17:32:53 UTC] PHP Warning:  Undefined property: stdClass::$users_content in /home/swiftwav/analytics.cyrixx.com/themes/altum/views/partials/announcements.php on line 4
[15-Oct-2023 17:32:53 UTC] PHP Warning:  Undefined property: stdClass::$guests_content in /home/swiftwav/analytics.cyrixx.com/themes/altum/views/partials/announcements.php on line 4
[15-Oct-2023 17:32:53 UTC] PHP Warning:  Undefined property: stdClass::$users_content in /home/swiftwav/analytics.cyrixx.com/themes/altum/views/partials/announcements.php on line 4
[15-Oct-2023 17:32:54 UTC] PHP Warning:  Undefined property: stdClass::$guests_content in /home/swiftwav/analytics.cyrixx.com/themes/altum/views/partials/announcements.php on line 4
[15-Oct-2023 17:32:54 UTC] PHP Warning:  Undefined property: stdClass::$users_content in /home/swiftwav/analytics.cyrixx.com/themes/altum/views/partials/announcements.php on line 4
[15-Oct-2023 17:32:54 UTC] PHP Warning:  Undefined property: stdClass::$guests_content in /home/swiftwav/analytics.cyrixx.com/themes/altum/views/partials/announcements.php on line 4
[15-Oct-2023 17:32:54 UTC] PHP Warning:  Undefined property: stdClass::$users_content in /home/swiftwav/analytics.cyrixx.com/themes/altum/views/partials/announcements.php on line 4
[15-Oct-2023 17:32:54 UTC] PHP Warning:  Undefined property: stdClass::$guests_content in /home/swiftwav/analytics.cyrixx.com/themes/altum/views/partials/announcements.php on line 4
[15-Oct-2023 17:32:54 UTC] PHP Warning:  Undefined property: stdClass::$users_content in /home/swiftwav/analytics.cyrixx.com/themes/altum/views/partials/announcements.php on line 4
[15-Oct-2023 17:32:55 UTC] PHP Warning:  Undefined property: stdClass::$guests_content in /home/swiftwav/analytics.cyrixx.com/themes/altum/views/partials/announcements.php on line 4
[15-Oct-2023 17:32:55 UTC] PHP Warning:  Undefined property: stdClass::$users_content in /home/swiftwav/analytics.cyrixx.com/themes/altum/views/partials/announcements.php on line 4
[15-Oct-2023 17:32:55 UTC] PHP Warning:  Undefined property: stdClass::$guests_content in /home/swiftwav/analytics.cyrixx.com/themes/altum/views/partials/announcements.php on line 4
[15-Oct-2023 17:32:55 UTC] PHP Warning:  Undefined property: stdClass::$users_content in /home/swiftwav/analytics.cyrixx.com/themes/altum/views/partials/announcements.php on line 4
[15-Oct-2023 17:32:55 UTC] PHP Warning:  Undefined property: stdClass::$guests_content in /home/swiftwav/analytics.cyrixx.com/themes/altum/views/partials/announcements.php on line 4
[15-Oct-2023 17:32:55 UTC] PHP Warning:  Undefined property: stdClass::$users_content in /home/swiftwav/analytics.cyrixx.com/themes/altum/views/partials/announcements.php on line 4
[15-Oct-2023 18:08:10 UTC] PHP Warning:  Undefined property: stdClass::$guests_content in /home/swiftwav/analytics.cyrixx.com/themes/altum/views/partials/announcements.php on line 4
[15-Oct-2023 18:08:10 UTC] PHP Warning:  Undefined property: stdClass::$users_content in /home/swiftwav/analytics.cyrixx.com/themes/altum/views/partials/announcements.php on line 4
[15-Oct-2023 18:13:37 UTC] PHP Warning:  Undefined property: stdClass::$guests_content in /home/swiftwav/analytics.cyrixx.com/themes/altum/views/partials/announcements.php on line 4
[15-Oct-2023 18:13:37 UTC] PHP Warning:  Undefined property: stdClass::$users_content in /home/swiftwav/analytics.cyrixx.com/themes/altum/views/partials/announcements.php on line 4
[15-Oct-2023 19:42:38 UTC] PHP Warning:  Undefined property: stdClass::$guests_content in /home/swiftwav/analytics.cyrixx.com/themes/altum/views/partials/announcements.php on line 4
[15-Oct-2023 19:42:38 UTC] PHP Warning:  Undefined property: stdClass::$users_content in /home/swiftwav/analytics.cyrixx.com/themes/altum/views/partials/announcements.php on line 4
[15-Oct-2023 21:15:23 UTC] PHP Warning:  Undefined property: stdClass::$guests_content in /home/swiftwav/analytics.cyrixx.com/themes/altum/views/partials/announcements.php on line 4
[15-Oct-2023 21:15:23 UTC] PHP Warning:  Undefined property: stdClass::$users_content in /home/swiftwav/analytics.cyrixx.com/themes/altum/views/partials/announcements.php on line 4
[15-Oct-2023 22:24:44 UTC] PHP Warning:  Undefined property: stdClass::$guests_content in /home/swiftwav/analytics.cyrixx.com/themes/altum/views/partials/announcements.php on line 4
[15-Oct-2023 22:24:44 UTC] PHP Warning:  Undefined property: stdClass::$users_content in /home/swiftwav/analytics.cyrixx.com/themes/altum/views/partials/announcements.php on line 4
