[21-Sep-2023 03:16:55 UTC] PHP Warning:  Undefined property: stdClass::$guests_content in /home/swiftwav/analytics.cyrixx.com/themes/altum/views/partials/announcements.php on line 4
[21-Sep-2023 03:16:55 UTC] PHP Warning:  Undefined property: stdClass::$users_content in /home/swiftwav/analytics.cyrixx.com/themes/altum/views/partials/announcements.php on line 4
[21-Sep-2023 07:49:49 UTC] PHP Warning:  Undefined property: stdClass::$guests_content in /home/swiftwav/analytics.cyrixx.com/themes/altum/views/partials/announcements.php on line 4
[21-Sep-2023 07:49:49 UTC] PHP Warning:  Undefined property: stdClass::$users_content in /home/swiftwav/analytics.cyrixx.com/themes/altum/views/partials/announcements.php on line 4
[21-Sep-2023 07:49:50 UTC] PHP Warning:  Undefined property: stdClass::$guests_content in /home/swiftwav/analytics.cyrixx.com/themes/altum/views/partials/announcements.php on line 4
[21-Sep-2023 07:49:50 UTC] PHP Warning:  Undefined property: stdClass::$users_content in /home/swiftwav/analytics.cyrixx.com/themes/altum/views/partials/announcements.php on line 4
[21-Sep-2023 07:49:50 UTC] PHP Warning:  Undefined property: stdClass::$guests_content in /home/swiftwav/analytics.cyrixx.com/themes/altum/views/partials/announcements.php on line 4
[21-Sep-2023 07:49:50 UTC] PHP Warning:  Undefined property: stdClass::$users_content in /home/swiftwav/analytics.cyrixx.com/themes/altum/views/partials/announcements.php on line 4
[21-Sep-2023 07:49:50 UTC] PHP Warning:  Undefined property: stdClass::$guests_content in /home/swiftwav/analytics.cyrixx.com/themes/altum/views/partials/announcements.php on line 4
[21-Sep-2023 07:49:50 UTC] PHP Warning:  Undefined property: stdClass::$users_content in /home/swiftwav/analytics.cyrixx.com/themes/altum/views/partials/announcements.php on line 4
[21-Sep-2023 07:49:51 UTC] PHP Warning:  Undefined property: stdClass::$guests_content in /home/swiftwav/analytics.cyrixx.com/themes/altum/views/partials/announcements.php on line 4
[21-Sep-2023 07:49:51 UTC] PHP Warning:  Undefined property: stdClass::$users_content in /home/swiftwav/analytics.cyrixx.com/themes/altum/views/partials/announcements.php on line 4
[21-Sep-2023 07:49:51 UTC] PHP Warning:  Undefined property: stdClass::$guests_content in /home/swiftwav/analytics.cyrixx.com/themes/altum/views/partials/announcements.php on line 4
[21-Sep-2023 07:49:51 UTC] PHP Warning:  Undefined property: stdClass::$users_content in /home/swiftwav/analytics.cyrixx.com/themes/altum/views/partials/announcements.php on line 4
[21-Sep-2023 07:49:51 UTC] PHP Warning:  Undefined property: stdClass::$guests_content in /home/swiftwav/analytics.cyrixx.com/themes/altum/views/partials/announcements.php on line 4
[21-Sep-2023 07:49:51 UTC] PHP Warning:  Undefined property: stdClass::$users_content in /home/swiftwav/analytics.cyrixx.com/themes/altum/views/partials/announcements.php on line 4
[21-Sep-2023 07:49:52 UTC] PHP Warning:  Undefined property: stdClass::$guests_content in /home/swiftwav/analytics.cyrixx.com/themes/altum/views/partials/announcements.php on line 4
[21-Sep-2023 07:49:52 UTC] PHP Warning:  Undefined property: stdClass::$users_content in /home/swiftwav/analytics.cyrixx.com/themes/altum/views/partials/announcements.php on line 4
[21-Sep-2023 07:49:52 UTC] PHP Warning:  Undefined property: stdClass::$guests_content in /home/swiftwav/analytics.cyrixx.com/themes/altum/views/partials/announcements.php on line 4
[21-Sep-2023 07:49:52 UTC] PHP Warning:  Undefined property: stdClass::$users_content in /home/swiftwav/analytics.cyrixx.com/themes/altum/views/partials/announcements.php on line 4
[21-Sep-2023 07:49:52 UTC] PHP Warning:  Undefined property: stdClass::$guests_content in /home/swiftwav/analytics.cyrixx.com/themes/altum/views/partials/announcements.php on line 4
[21-Sep-2023 07:49:52 UTC] PHP Warning:  Undefined property: stdClass::$users_content in /home/swiftwav/analytics.cyrixx.com/themes/altum/views/partials/announcements.php on line 4
[21-Sep-2023 07:49:53 UTC] PHP Warning:  Undefined property: stdClass::$guests_content in /home/swiftwav/analytics.cyrixx.com/themes/altum/views/partials/announcements.php on line 4
[21-Sep-2023 07:49:53 UTC] PHP Warning:  Undefined property: stdClass::$users_content in /home/swiftwav/analytics.cyrixx.com/themes/altum/views/partials/announcements.php on line 4
[21-Sep-2023 07:49:53 UTC] PHP Warning:  Undefined property: stdClass::$guests_content in /home/swiftwav/analytics.cyrixx.com/themes/altum/views/partials/announcements.php on line 4
[21-Sep-2023 07:49:53 UTC] PHP Warning:  Undefined property: stdClass::$users_content in /home/swiftwav/analytics.cyrixx.com/themes/altum/views/partials/announcements.php on line 4
[21-Sep-2023 07:49:53 UTC] PHP Warning:  Undefined property: stdClass::$guests_content in /home/swiftwav/analytics.cyrixx.com/themes/altum/views/partials/announcements.php on line 4
[21-Sep-2023 07:49:53 UTC] PHP Warning:  Undefined property: stdClass::$users_content in /home/swiftwav/analytics.cyrixx.com/themes/altum/views/partials/announcements.php on line 4
[21-Sep-2023 07:49:54 UTC] PHP Warning:  Undefined property: stdClass::$guests_content in /home/swiftwav/analytics.cyrixx.com/themes/altum/views/partials/announcements.php on line 4
[21-Sep-2023 07:49:54 UTC] PHP Warning:  Undefined property: stdClass::$users_content in /home/swiftwav/analytics.cyrixx.com/themes/altum/views/partials/announcements.php on line 4
[21-Sep-2023 07:49:54 UTC] PHP Warning:  Undefined property: stdClass::$guests_content in /home/swiftwav/analytics.cyrixx.com/themes/altum/views/partials/announcements.php on line 4
[21-Sep-2023 07:49:54 UTC] PHP Warning:  Undefined property: stdClass::$users_content in /home/swiftwav/analytics.cyrixx.com/themes/altum/views/partials/announcements.php on line 4
[21-Sep-2023 07:49:54 UTC] PHP Warning:  Undefined property: stdClass::$guests_content in /home/swiftwav/analytics.cyrixx.com/themes/altum/views/partials/announcements.php on line 4
[21-Sep-2023 07:49:54 UTC] PHP Warning:  Undefined property: stdClass::$users_content in /home/swiftwav/analytics.cyrixx.com/themes/altum/views/partials/announcements.php on line 4
[21-Sep-2023 07:49:55 UTC] PHP Warning:  Undefined property: stdClass::$guests_content in /home/swiftwav/analytics.cyrixx.com/themes/altum/views/partials/announcements.php on line 4
[21-Sep-2023 07:49:55 UTC] PHP Warning:  Undefined property: stdClass::$users_content in /home/swiftwav/analytics.cyrixx.com/themes/altum/views/partials/announcements.php on line 4
[21-Sep-2023 07:49:55 UTC] PHP Warning:  Undefined property: stdClass::$guests_content in /home/swiftwav/analytics.cyrixx.com/themes/altum/views/partials/announcements.php on line 4
[21-Sep-2023 07:49:55 UTC] PHP Warning:  Undefined property: stdClass::$users_content in /home/swiftwav/analytics.cyrixx.com/themes/altum/views/partials/announcements.php on line 4
[21-Sep-2023 07:49:55 UTC] PHP Warning:  Undefined property: stdClass::$guests_content in /home/swiftwav/analytics.cyrixx.com/themes/altum/views/partials/announcements.php on line 4
[21-Sep-2023 07:49:55 UTC] PHP Warning:  Undefined property: stdClass::$users_content in /home/swiftwav/analytics.cyrixx.com/themes/altum/views/partials/announcements.php on line 4
[21-Sep-2023 08:14:38 UTC] PHP Deprecated:  mb_strlen(): Passing null to parameter #1 ($string) of type string is deprecated in /home/swiftwav/analytics.cyrixx.com/app/controllers/PixelTrack.php on line 750
[21-Sep-2023 13:49:09 UTC] PHP Warning:  Undefined property: stdClass::$guests_content in /home/swiftwav/analytics.cyrixx.com/themes/altum/views/partials/announcements.php on line 4
[21-Sep-2023 13:49:09 UTC] PHP Warning:  Undefined property: stdClass::$users_content in /home/swiftwav/analytics.cyrixx.com/themes/altum/views/partials/announcements.php on line 4
[21-Sep-2023 13:49:10 UTC] PHP Warning:  Undefined property: stdClass::$guests_content in /home/swiftwav/analytics.cyrixx.com/themes/altum/views/partials/announcements.php on line 4
[21-Sep-2023 13:49:10 UTC] PHP Warning:  Undefined property: stdClass::$users_content in /home/swiftwav/analytics.cyrixx.com/themes/altum/views/partials/announcements.php on line 4
[21-Sep-2023 13:49:20 UTC] PHP Warning:  Undefined property: stdClass::$guests_content in /home/swiftwav/analytics.cyrixx.com/themes/altum/views/partials/announcements.php on line 4
[21-Sep-2023 13:49:20 UTC] PHP Warning:  Undefined property: stdClass::$users_content in /home/swiftwav/analytics.cyrixx.com/themes/altum/views/partials/announcements.php on line 4
[21-Sep-2023 13:49:20 UTC] PHP Warning:  Undefined property: stdClass::$guests_content in /home/swiftwav/analytics.cyrixx.com/themes/altum/views/partials/announcements.php on line 4
[21-Sep-2023 13:49:20 UTC] PHP Warning:  Undefined property: stdClass::$users_content in /home/swiftwav/analytics.cyrixx.com/themes/altum/views/partials/announcements.php on line 4
[21-Sep-2023 17:32:53 UTC] PHP Warning:  Undefined property: stdClass::$guests_content in /home/swiftwav/analytics.cyrixx.com/themes/altum/views/partials/announcements.php on line 4
[21-Sep-2023 17:32:53 UTC] PHP Warning:  Undefined property: stdClass::$users_content in /home/swiftwav/analytics.cyrixx.com/themes/altum/views/partials/announcements.php on line 4
[21-Sep-2023 17:32:55 UTC] PHP Warning:  Undefined property: stdClass::$guests_content in /home/swiftwav/analytics.cyrixx.com/themes/altum/views/partials/announcements.php on line 4
[21-Sep-2023 17:32:55 UTC] PHP Warning:  Undefined property: stdClass::$users_content in /home/swiftwav/analytics.cyrixx.com/themes/altum/views/partials/announcements.php on line 4
[21-Sep-2023 17:32:59 UTC] PHP Warning:  Undefined property: stdClass::$guests_content in /home/swiftwav/analytics.cyrixx.com/themes/altum/views/partials/announcements.php on line 4
[21-Sep-2023 17:32:59 UTC] PHP Warning:  Undefined property: stdClass::$users_content in /home/swiftwav/analytics.cyrixx.com/themes/altum/views/partials/announcements.php on line 4
[21-Sep-2023 17:32:59 UTC] PHP Warning:  Undefined property: stdClass::$guests_content in /home/swiftwav/analytics.cyrixx.com/themes/altum/views/partials/announcements.php on line 4
[21-Sep-2023 17:32:59 UTC] PHP Warning:  Undefined property: stdClass::$users_content in /home/swiftwav/analytics.cyrixx.com/themes/altum/views/partials/announcements.php on line 4
[21-Sep-2023 17:39:03 UTC] PHP Warning:  Undefined property: stdClass::$guests_content in /home/swiftwav/analytics.cyrixx.com/themes/altum/views/partials/announcements.php on line 4
[21-Sep-2023 17:39:03 UTC] PHP Warning:  Undefined property: stdClass::$users_content in /home/swiftwav/analytics.cyrixx.com/themes/altum/views/partials/announcements.php on line 4
[21-Sep-2023 17:39:04 UTC] PHP Warning:  Undefined property: stdClass::$guests_content in /home/swiftwav/analytics.cyrixx.com/themes/altum/views/partials/announcements.php on line 4
[21-Sep-2023 17:39:04 UTC] PHP Warning:  Undefined property: stdClass::$users_content in /home/swiftwav/analytics.cyrixx.com/themes/altum/views/partials/announcements.php on line 4
[21-Sep-2023 17:40:13 UTC] PHP Warning:  Undefined property: stdClass::$guests_content in /home/swiftwav/analytics.cyrixx.com/themes/altum/views/partials/announcements.php on line 4
[21-Sep-2023 17:40:13 UTC] PHP Warning:  Undefined property: stdClass::$users_content in /home/swiftwav/analytics.cyrixx.com/themes/altum/views/partials/announcements.php on line 4
[21-Sep-2023 17:40:17 UTC] PHP Deprecated:  Implicit conversion from float 13.685 to int loses precision in /home/swiftwav/analytics.cyrixx.com/app/core/Date.php on line 218
[21-Sep-2023 17:40:17 UTC] PHP Deprecated:  Implicit conversion from float 821.1 to int loses precision in /home/swiftwav/analytics.cyrixx.com/app/core/Date.php on line 219
[21-Sep-2023 17:40:17 UTC] PHP Deprecated:  Implicit conversion from float 0.08333333333333333 to int loses precision in /home/swiftwav/analytics.cyrixx.com/app/core/Date.php on line 218
[21-Sep-2023 17:40:17 UTC] PHP Deprecated:  Implicit conversion from float 1.5833333333333333 to int loses precision in /home/swiftwav/analytics.cyrixx.com/app/core/Date.php on line 218
[21-Sep-2023 17:40:17 UTC] PHP Deprecated:  Implicit conversion from float 0.13333333333333333 to int loses precision in /home/swiftwav/analytics.cyrixx.com/app/core/Date.php on line 218
[21-Sep-2023 17:40:17 UTC] PHP Deprecated:  Implicit conversion from float 0.05 to int loses precision in /home/swiftwav/analytics.cyrixx.com/app/core/Date.php on line 218
[21-Sep-2023 17:40:17 UTC] PHP Deprecated:  Implicit conversion from float 28.166666666666668 to int loses precision in /home/swiftwav/analytics.cyrixx.com/app/core/Date.php on line 218
[21-Sep-2023 17:40:17 UTC] PHP Deprecated:  Implicit conversion from float 13.8 to int loses precision in /home/swiftwav/analytics.cyrixx.com/app/core/Date.php on line 218
[21-Sep-2023 17:40:17 UTC] PHP Deprecated:  Implicit conversion from float 14.833333333333334 to int loses precision in /home/swiftwav/analytics.cyrixx.com/app/core/Date.php on line 218
[21-Sep-2023 17:40:17 UTC] PHP Deprecated:  Implicit conversion from float 0.5833333333333334 to int loses precision in /home/swiftwav/analytics.cyrixx.com/app/core/Date.php on line 218
[21-Sep-2023 17:40:17 UTC] PHP Deprecated:  Implicit conversion from float 24.616666666666667 to int loses precision in /home/swiftwav/analytics.cyrixx.com/app/core/Date.php on line 218
[21-Sep-2023 17:40:17 UTC] PHP Warning:  Undefined property: stdClass::$guests_content in /home/swiftwav/analytics.cyrixx.com/themes/altum/views/partials/announcements.php on line 4
[21-Sep-2023 17:40:17 UTC] PHP Warning:  Undefined property: stdClass::$users_content in /home/swiftwav/analytics.cyrixx.com/themes/altum/views/partials/announcements.php on line 4
[21-Sep-2023 17:40:18 UTC] PHP Warning:  Undefined property: stdClass::$guests_content in /home/swiftwav/analytics.cyrixx.com/themes/altum/views/partials/announcements.php on line 4
[21-Sep-2023 17:40:18 UTC] PHP Warning:  Undefined property: stdClass::$users_content in /home/swiftwav/analytics.cyrixx.com/themes/altum/views/partials/announcements.php on line 4
[21-Sep-2023 17:40:27 UTC] PHP Deprecated:  Implicit conversion from float 21.686666666666667 to int loses precision in /home/swiftwav/analytics.cyrixx.com/app/core/Date.php on line 218
[21-Sep-2023 17:40:27 UTC] PHP Deprecated:  Implicit conversion from float 1301.2 to int loses precision in /home/swiftwav/analytics.cyrixx.com/app/core/Date.php on line 219
[21-Sep-2023 17:40:27 UTC] PHP Deprecated:  Implicit conversion from float 0.16666666666666666 to int loses precision in /home/swiftwav/analytics.cyrixx.com/app/core/Date.php on line 218
[21-Sep-2023 17:40:27 UTC] PHP Deprecated:  Implicit conversion from float 1.8166666666666667 to int loses precision in /home/swiftwav/analytics.cyrixx.com/app/core/Date.php on line 218
[21-Sep-2023 17:40:27 UTC] PHP Deprecated:  Implicit conversion from float 5.483333333333333 to int loses precision in /home/swiftwav/analytics.cyrixx.com/app/core/Date.php on line 218
[21-Sep-2023 17:40:27 UTC] PHP Deprecated:  Implicit conversion from float 35.583333333333336 to int loses precision in /home/swiftwav/analytics.cyrixx.com/app/core/Date.php on line 218
[21-Sep-2023 17:40:27 UTC] PHP Deprecated:  Implicit conversion from float 38.2 to int loses precision in /home/swiftwav/analytics.cyrixx.com/app/core/Date.php on line 218
[21-Sep-2023 17:40:27 UTC] PHP Deprecated:  Implicit conversion from float 20.416666666666668 to int loses precision in /home/swiftwav/analytics.cyrixx.com/app/core/Date.php on line 218
[21-Sep-2023 17:40:27 UTC] PHP Deprecated:  Implicit conversion from float 11.216666666666667 to int loses precision in /home/swiftwav/analytics.cyrixx.com/app/core/Date.php on line 218
[21-Sep-2023 17:40:27 UTC] PHP Deprecated:  Implicit conversion from float 0.15 to int loses precision in /home/swiftwav/analytics.cyrixx.com/app/core/Date.php on line 218
[21-Sep-2023 17:40:27 UTC] PHP Deprecated:  Implicit conversion from float 56.31666666666667 to int loses precision in /home/swiftwav/analytics.cyrixx.com/app/core/Date.php on line 218
[21-Sep-2023 17:40:27 UTC] PHP Deprecated:  Implicit conversion from float 47.516666666666666 to int loses precision in /home/swiftwav/analytics.cyrixx.com/app/core/Date.php on line 218
[21-Sep-2023 17:40:27 UTC] PHP Warning:  Undefined property: stdClass::$guests_content in /home/swiftwav/analytics.cyrixx.com/themes/altum/views/partials/announcements.php on line 4
[21-Sep-2023 17:40:27 UTC] PHP Warning:  Undefined property: stdClass::$users_content in /home/swiftwav/analytics.cyrixx.com/themes/altum/views/partials/announcements.php on line 4
[21-Sep-2023 17:40:28 UTC] PHP Warning:  Undefined property: stdClass::$guests_content in /home/swiftwav/analytics.cyrixx.com/themes/altum/views/partials/announcements.php on line 4
[21-Sep-2023 17:40:28 UTC] PHP Warning:  Undefined property: stdClass::$users_content in /home/swiftwav/analytics.cyrixx.com/themes/altum/views/partials/announcements.php on line 4
[21-Sep-2023 17:40:34 UTC] PHP Deprecated:  Implicit conversion from float 11.216666666666667 to int loses precision in /home/swiftwav/analytics.cyrixx.com/app/core/Date.php on line 218
[21-Sep-2023 17:40:34 UTC] PHP Warning:  Undefined property: stdClass::$guests_content in /home/swiftwav/analytics.cyrixx.com/themes/altum/views/partials/announcements.php on line 4
[21-Sep-2023 17:40:34 UTC] PHP Warning:  Undefined property: stdClass::$users_content in /home/swiftwav/analytics.cyrixx.com/themes/altum/views/partials/announcements.php on line 4
[21-Sep-2023 17:40:35 UTC] PHP Warning:  Undefined property: stdClass::$guests_content in /home/swiftwav/analytics.cyrixx.com/themes/altum/views/partials/announcements.php on line 4
[21-Sep-2023 17:40:35 UTC] PHP Warning:  Undefined property: stdClass::$users_content in /home/swiftwav/analytics.cyrixx.com/themes/altum/views/partials/announcements.php on line 4
[21-Sep-2023 17:42:17 UTC] PHP Deprecated:  Implicit conversion from float 23.1 to int loses precision in /home/swiftwav/analytics.cyrixx.com/app/core/Date.php on line 218
[21-Sep-2023 17:42:17 UTC] PHP Deprecated:  Implicit conversion from float 54.416666666666664 to int loses precision in /home/swiftwav/analytics.cyrixx.com/app/core/Date.php on line 218
[21-Sep-2023 17:42:17 UTC] PHP Deprecated:  Implicit conversion from float 1.1 to int loses precision in /home/swiftwav/analytics.cyrixx.com/app/core/Date.php on line 218
[21-Sep-2023 17:42:17 UTC] PHP Deprecated:  Implicit conversion from float 102.06666666666666 to int loses precision in /home/swiftwav/analytics.cyrixx.com/app/core/Date.php on line 218
[21-Sep-2023 17:42:17 UTC] PHP Deprecated:  Implicit conversion from float 10.433333333333334 to int loses precision in /home/swiftwav/analytics.cyrixx.com/app/core/Date.php on line 218
[21-Sep-2023 17:42:17 UTC] PHP Deprecated:  Implicit conversion from float 0.23333333333333334 to int loses precision in /home/swiftwav/analytics.cyrixx.com/app/core/Date.php on line 218
[21-Sep-2023 17:42:17 UTC] PHP Deprecated:  Implicit conversion from float 8.616666666666667 to int loses precision in /home/swiftwav/analytics.cyrixx.com/app/core/Date.php on line 218
[21-Sep-2023 17:42:17 UTC] PHP Deprecated:  Implicit conversion from float 0.5 to int loses precision in /home/swiftwav/analytics.cyrixx.com/app/core/Date.php on line 218
[21-Sep-2023 17:42:17 UTC] PHP Deprecated:  Implicit conversion from float 52.333333333333336 to int loses precision in /home/swiftwav/analytics.cyrixx.com/app/core/Date.php on line 218
[21-Sep-2023 17:42:17 UTC] PHP Deprecated:  Implicit conversion from float 1.2 to int loses precision in /home/swiftwav/analytics.cyrixx.com/app/core/Date.php on line 218
[21-Sep-2023 17:42:17 UTC] PHP Deprecated:  Implicit conversion from float 0.1 to int loses precision in /home/swiftwav/analytics.cyrixx.com/app/core/Date.php on line 218
[21-Sep-2023 17:42:17 UTC] PHP Warning:  Undefined property: stdClass::$guests_content in /home/swiftwav/analytics.cyrixx.com/themes/altum/views/partials/announcements.php on line 4
[21-Sep-2023 17:42:17 UTC] PHP Warning:  Undefined property: stdClass::$users_content in /home/swiftwav/analytics.cyrixx.com/themes/altum/views/partials/announcements.php on line 4
[21-Sep-2023 17:42:18 UTC] PHP Warning:  Undefined property: stdClass::$guests_content in /home/swiftwav/analytics.cyrixx.com/themes/altum/views/partials/announcements.php on line 4
[21-Sep-2023 17:42:18 UTC] PHP Warning:  Undefined property: stdClass::$users_content in /home/swiftwav/analytics.cyrixx.com/themes/altum/views/partials/announcements.php on line 4
[21-Sep-2023 17:42:28 UTC] PHP Deprecated:  Implicit conversion from float 47.23166666666667 to int loses precision in /home/swiftwav/analytics.cyrixx.com/app/core/Date.php on line 218
[21-Sep-2023 17:42:28 UTC] PHP Deprecated:  Implicit conversion from float 2833.9 to int loses precision in /home/swiftwav/analytics.cyrixx.com/app/core/Date.php on line 219
[21-Sep-2023 17:42:28 UTC] PHP Deprecated:  Implicit conversion from float 78.2 to int loses precision in /home/swiftwav/analytics.cyrixx.com/app/core/Date.php on line 218
[21-Sep-2023 17:42:28 UTC] PHP Deprecated:  Implicit conversion from float 22.783333333333335 to int loses precision in /home/swiftwav/analytics.cyrixx.com/app/core/Date.php on line 218
[21-Sep-2023 17:42:28 UTC] PHP Deprecated:  Implicit conversion from float 0.36666666666666664 to int loses precision in /home/swiftwav/analytics.cyrixx.com/app/core/Date.php on line 218
[21-Sep-2023 17:42:28 UTC] PHP Deprecated:  Implicit conversion from float 12.4 to int loses precision in /home/swiftwav/analytics.cyrixx.com/app/core/Date.php on line 218
[21-Sep-2023 17:42:28 UTC] PHP Deprecated:  Implicit conversion from float 10.4 to int loses precision in /home/swiftwav/analytics.cyrixx.com/app/core/Date.php on line 218
[21-Sep-2023 17:42:28 UTC] PHP Deprecated:  Implicit conversion from float 0.95 to int loses precision in /home/swiftwav/analytics.cyrixx.com/app/core/Date.php on line 218
[21-Sep-2023 17:42:28 UTC] PHP Deprecated:  Implicit conversion from float 321.93333333333334 to int loses precision in /home/swiftwav/analytics.cyrixx.com/app/core/Date.php on line 218
[21-Sep-2023 17:42:28 UTC] PHP Deprecated:  Implicit conversion from float 0.55 to int loses precision in /home/swiftwav/analytics.cyrixx.com/app/core/Date.php on line 218
[21-Sep-2023 17:42:28 UTC] PHP Deprecated:  Implicit conversion from float 2.5 to int loses precision in /home/swiftwav/analytics.cyrixx.com/app/core/Date.php on line 218
[21-Sep-2023 17:42:28 UTC] PHP Deprecated:  Implicit conversion from float 22.233333333333334 to int loses precision in /home/swiftwav/analytics.cyrixx.com/app/core/Date.php on line 218
[21-Sep-2023 17:42:28 UTC] PHP Warning:  Undefined property: stdClass::$guests_content in /home/swiftwav/analytics.cyrixx.com/themes/altum/views/partials/announcements.php on line 4
[21-Sep-2023 17:42:28 UTC] PHP Warning:  Undefined property: stdClass::$users_content in /home/swiftwav/analytics.cyrixx.com/themes/altum/views/partials/announcements.php on line 4
[21-Sep-2023 17:42:28 UTC] PHP Warning:  Undefined property: stdClass::$guests_content in /home/swiftwav/analytics.cyrixx.com/themes/altum/views/partials/announcements.php on line 4
[21-Sep-2023 17:42:28 UTC] PHP Warning:  Undefined property: stdClass::$users_content in /home/swiftwav/analytics.cyrixx.com/themes/altum/views/partials/announcements.php on line 4
[21-Sep-2023 17:42:32 UTC] PHP Deprecated:  Implicit conversion from float 9.513333333333332 to int loses precision in /home/swiftwav/analytics.cyrixx.com/app/core/Date.php on line 218
[21-Sep-2023 17:42:32 UTC] PHP Deprecated:  Implicit conversion from float 570.8 to int loses precision in /home/swiftwav/analytics.cyrixx.com/app/core/Date.php on line 219
[21-Sep-2023 17:42:32 UTC] PHP Deprecated:  Implicit conversion from float 20.066666666666666 to int loses precision in /home/swiftwav/analytics.cyrixx.com/app/core/Date.php on line 218
[21-Sep-2023 17:42:32 UTC] PHP Deprecated:  Implicit conversion from float 12.183333333333334 to int loses precision in /home/swiftwav/analytics.cyrixx.com/app/core/Date.php on line 218
[21-Sep-2023 17:42:32 UTC] PHP Deprecated:  Implicit conversion from float 0.5666666666666667 to int loses precision in /home/swiftwav/analytics.cyrixx.com/app/core/Date.php on line 218
[21-Sep-2023 17:42:32 UTC] PHP Deprecated:  Implicit conversion from float 26.066666666666666 to int loses precision in /home/swiftwav/analytics.cyrixx.com/app/core/Date.php on line 218
[21-Sep-2023 17:42:32 UTC] PHP Deprecated:  Implicit conversion from float 1.5333333333333334 to int loses precision in /home/swiftwav/analytics.cyrixx.com/app/core/Date.php on line 218
[21-Sep-2023 17:42:32 UTC] PHP Deprecated:  Implicit conversion from float 0.5166666666666667 to int loses precision in /home/swiftwav/analytics.cyrixx.com/app/core/Date.php on line 218
[21-Sep-2023 17:42:32 UTC] PHP Deprecated:  Implicit conversion from float 9.283333333333333 to int loses precision in /home/swiftwav/analytics.cyrixx.com/app/core/Date.php on line 218
[21-Sep-2023 17:42:32 UTC] PHP Deprecated:  Implicit conversion from float 1.6833333333333333 to int loses precision in /home/swiftwav/analytics.cyrixx.com/app/core/Date.php on line 218
[21-Sep-2023 17:42:32 UTC] PHP Deprecated:  Implicit conversion from float 1.2333333333333334 to int loses precision in /home/swiftwav/analytics.cyrixx.com/app/core/Date.php on line 218
[21-Sep-2023 17:42:32 UTC] PHP Warning:  Undefined property: stdClass::$guests_content in /home/swiftwav/analytics.cyrixx.com/themes/altum/views/partials/announcements.php on line 4
[21-Sep-2023 17:42:32 UTC] PHP Warning:  Undefined property: stdClass::$users_content in /home/swiftwav/analytics.cyrixx.com/themes/altum/views/partials/announcements.php on line 4
[21-Sep-2023 17:42:33 UTC] PHP Warning:  Undefined property: stdClass::$guests_content in /home/swiftwav/analytics.cyrixx.com/themes/altum/views/partials/announcements.php on line 4
[21-Sep-2023 17:42:33 UTC] PHP Warning:  Undefined property: stdClass::$users_content in /home/swiftwav/analytics.cyrixx.com/themes/altum/views/partials/announcements.php on line 4
[21-Sep-2023 17:42:37 UTC] PHP Deprecated:  Implicit conversion from float 38.19166666666667 to int loses precision in /home/swiftwav/analytics.cyrixx.com/app/core/Date.php on line 218
[21-Sep-2023 17:42:37 UTC] PHP Deprecated:  Implicit conversion from float 2291.5 to int loses precision in /home/swiftwav/analytics.cyrixx.com/app/core/Date.php on line 219
[21-Sep-2023 17:42:37 UTC] PHP Deprecated:  Implicit conversion from float 26.333333333333332 to int loses precision in /home/swiftwav/analytics.cyrixx.com/app/core/Date.php on line 218
[21-Sep-2023 17:42:37 UTC] PHP Deprecated:  Implicit conversion from float 0.2833333333333333 to int loses precision in /home/swiftwav/analytics.cyrixx.com/app/core/Date.php on line 218
[21-Sep-2023 17:42:37 UTC] PHP Deprecated:  Implicit conversion from float 10.3 to int loses precision in /home/swiftwav/analytics.cyrixx.com/app/core/Date.php on line 218
[21-Sep-2023 17:42:37 UTC] PHP Deprecated:  Implicit conversion from float 0.13333333333333333 to int loses precision in /home/swiftwav/analytics.cyrixx.com/app/core/Date.php on line 218
[21-Sep-2023 17:42:37 UTC] PHP Deprecated:  Implicit conversion from float 11.233333333333333 to int loses precision in /home/swiftwav/analytics.cyrixx.com/app/core/Date.php on line 218
[21-Sep-2023 17:42:37 UTC] PHP Deprecated:  Implicit conversion from float 200.73333333333332 to int loses precision in /home/swiftwav/analytics.cyrixx.com/app/core/Date.php on line 218
[21-Sep-2023 17:42:37 UTC] PHP Deprecated:  Implicit conversion from float 7.433333333333334 to int loses precision in /home/swiftwav/analytics.cyrixx.com/app/core/Date.php on line 218
[21-Sep-2023 17:42:37 UTC] PHP Deprecated:  Implicit conversion from float 105.66666666666667 to int loses precision in /home/swiftwav/analytics.cyrixx.com/app/core/Date.php on line 218
[21-Sep-2023 17:42:37 UTC] PHP Deprecated:  Implicit conversion from float 13.833333333333334 to int loses precision in /home/swiftwav/analytics.cyrixx.com/app/core/Date.php on line 218
[21-Sep-2023 17:42:37 UTC] PHP Deprecated:  Implicit conversion from float 5.966666666666667 to int loses precision in /home/swiftwav/analytics.cyrixx.com/app/core/Date.php on line 218
[21-Sep-2023 17:42:37 UTC] PHP Warning:  Undefined property: stdClass::$guests_content in /home/swiftwav/analytics.cyrixx.com/themes/altum/views/partials/announcements.php on line 4
[21-Sep-2023 17:42:37 UTC] PHP Warning:  Undefined property: stdClass::$users_content in /home/swiftwav/analytics.cyrixx.com/themes/altum/views/partials/announcements.php on line 4
[21-Sep-2023 17:42:37 UTC] PHP Warning:  Undefined property: stdClass::$guests_content in /home/swiftwav/analytics.cyrixx.com/themes/altum/views/partials/announcements.php on line 4
[21-Sep-2023 17:42:37 UTC] PHP Warning:  Undefined property: stdClass::$users_content in /home/swiftwav/analytics.cyrixx.com/themes/altum/views/partials/announcements.php on line 4
[21-Sep-2023 17:46:20 UTC] PHP Deprecated:  Implicit conversion from float 43.89333333333333 to int loses precision in /home/swiftwav/analytics.cyrixx.com/app/core/Date.php on line 218
[21-Sep-2023 17:46:20 UTC] PHP Deprecated:  Implicit conversion from float 2633.6 to int loses precision in /home/swiftwav/analytics.cyrixx.com/app/core/Date.php on line 219
[21-Sep-2023 17:46:20 UTC] PHP Deprecated:  Implicit conversion from float 22.416666666666668 to int loses precision in /home/swiftwav/analytics.cyrixx.com/app/core/Date.php on line 218
[21-Sep-2023 17:46:20 UTC] PHP Deprecated:  Implicit conversion from float 1.0833333333333333 to int loses precision in /home/swiftwav/analytics.cyrixx.com/app/core/Date.php on line 218
[21-Sep-2023 17:46:20 UTC] PHP Deprecated:  Implicit conversion from float 0.2 to int loses precision in /home/swiftwav/analytics.cyrixx.com/app/core/Date.php on line 218
[21-Sep-2023 17:46:20 UTC] PHP Deprecated:  Implicit conversion from float 197.9 to int loses precision in /home/swiftwav/analytics.cyrixx.com/app/core/Date.php on line 218
[21-Sep-2023 17:46:20 UTC] PHP Deprecated:  Implicit conversion from float 17.183333333333334 to int loses precision in /home/swiftwav/analytics.cyrixx.com/app/core/Date.php on line 218
[21-Sep-2023 17:46:20 UTC] PHP Deprecated:  Implicit conversion from float 38.81666666666667 to int loses precision in /home/swiftwav/analytics.cyrixx.com/app/core/Date.php on line 218
[21-Sep-2023 17:46:20 UTC] PHP Deprecated:  Implicit conversion from float 3.683333333333333 to int loses precision in /home/swiftwav/analytics.cyrixx.com/app/core/Date.php on line 218
[21-Sep-2023 17:46:20 UTC] PHP Deprecated:  Implicit conversion from float 7.25 to int loses precision in /home/swiftwav/analytics.cyrixx.com/app/core/Date.php on line 218
[21-Sep-2023 17:46:20 UTC] PHP Deprecated:  Implicit conversion from float 0.26666666666666666 to int loses precision in /home/swiftwav/analytics.cyrixx.com/app/core/Date.php on line 218
[21-Sep-2023 17:46:20 UTC] PHP Deprecated:  Implicit conversion from float 150.13333333333333 to int loses precision in /home/swiftwav/analytics.cyrixx.com/app/core/Date.php on line 218
[21-Sep-2023 17:46:20 UTC] PHP Warning:  Undefined property: stdClass::$guests_content in /home/swiftwav/analytics.cyrixx.com/themes/altum/views/partials/announcements.php on line 4
[21-Sep-2023 17:46:20 UTC] PHP Warning:  Undefined property: stdClass::$users_content in /home/swiftwav/analytics.cyrixx.com/themes/altum/views/partials/announcements.php on line 4
[21-Sep-2023 17:46:21 UTC] PHP Warning:  Undefined property: stdClass::$guests_content in /home/swiftwav/analytics.cyrixx.com/themes/altum/views/partials/announcements.php on line 4
[21-Sep-2023 17:46:21 UTC] PHP Warning:  Undefined property: stdClass::$users_content in /home/swiftwav/analytics.cyrixx.com/themes/altum/views/partials/announcements.php on line 4
[21-Sep-2023 17:46:26 UTC] PHP Deprecated:  Implicit conversion from float 40.09074074074074 to int loses precision in /home/swiftwav/analytics.cyrixx.com/app/core/Date.php on line 218
[21-Sep-2023 17:46:26 UTC] PHP Deprecated:  Implicit conversion from float 2405.4444444444443 to int loses precision in /home/swiftwav/analytics.cyrixx.com/app/core/Date.php on line 219
[21-Sep-2023 17:46:26 UTC] PHP Deprecated:  Implicit conversion from float 0.48333333333333334 to int loses precision in /home/swiftwav/analytics.cyrixx.com/app/core/Date.php on line 218
[21-Sep-2023 17:46:26 UTC] PHP Deprecated:  Implicit conversion from float 0.18333333333333332 to int loses precision in /home/swiftwav/analytics.cyrixx.com/app/core/Date.php on line 218
[21-Sep-2023 17:46:26 UTC] PHP Deprecated:  Implicit conversion from float 10.6 to int loses precision in /home/swiftwav/analytics.cyrixx.com/app/core/Date.php on line 218
[21-Sep-2023 17:46:26 UTC] PHP Deprecated:  Implicit conversion from float 251.66666666666666 to int loses precision in /home/swiftwav/analytics.cyrixx.com/app/core/Date.php on line 218
[21-Sep-2023 17:46:26 UTC] PHP Deprecated:  Implicit conversion from float 26.833333333333332 to int loses precision in /home/swiftwav/analytics.cyrixx.com/app/core/Date.php on line 218
[21-Sep-2023 17:46:26 UTC] PHP Deprecated:  Implicit conversion from float 21.866666666666667 to int loses precision in /home/swiftwav/analytics.cyrixx.com/app/core/Date.php on line 218
[21-Sep-2023 17:46:26 UTC] PHP Deprecated:  Implicit conversion from float 0.4166666666666667 to int loses precision in /home/swiftwav/analytics.cyrixx.com/app/core/Date.php on line 218
[21-Sep-2023 17:46:26 UTC] PHP Deprecated:  Implicit conversion from float 3.0166666666666666 to int loses precision in /home/swiftwav/analytics.cyrixx.com/app/core/Date.php on line 218
[21-Sep-2023 17:46:26 UTC] PHP Deprecated:  Implicit conversion from float 45.75 to int loses precision in /home/swiftwav/analytics.cyrixx.com/app/core/Date.php on line 218
[21-Sep-2023 17:46:26 UTC] PHP Warning:  Undefined property: stdClass::$guests_content in /home/swiftwav/analytics.cyrixx.com/themes/altum/views/partials/announcements.php on line 4
[21-Sep-2023 17:46:26 UTC] PHP Warning:  Undefined property: stdClass::$users_content in /home/swiftwav/analytics.cyrixx.com/themes/altum/views/partials/announcements.php on line 4
[21-Sep-2023 17:46:26 UTC] PHP Warning:  Undefined property: stdClass::$guests_content in /home/swiftwav/analytics.cyrixx.com/themes/altum/views/partials/announcements.php on line 4
[21-Sep-2023 17:46:26 UTC] PHP Warning:  Undefined property: stdClass::$users_content in /home/swiftwav/analytics.cyrixx.com/themes/altum/views/partials/announcements.php on line 4
[21-Sep-2023 18:49:40 UTC] PHP Warning:  Attempt to read property "is_enabled" on string in /home/swiftwav/analytics.cyrixx.com/app/controllers/Login.php on line 187
[21-Sep-2023 18:49:40 UTC] PHP Warning:  Undefined property: stdClass::$is_enabled in /home/swiftwav/analytics.cyrixx.com/app/controllers/Login.php on line 229
[21-Sep-2023 18:49:40 UTC] PHP Warning:  Attempt to read property "is_enabled" on string in /home/swiftwav/analytics.cyrixx.com/themes/altum/views/login/index.php on line 81
[21-Sep-2023 18:49:40 UTC] PHP Warning:  Undefined property: stdClass::$is_enabled in /home/swiftwav/analytics.cyrixx.com/themes/altum/views/login/index.php on line 89
[21-Sep-2023 18:49:40 UTC] PHP Warning:  Undefined property: stdClass::$guests_content in /home/swiftwav/analytics.cyrixx.com/themes/altum/views/partials/announcements.php on line 4
[21-Sep-2023 18:49:40 UTC] PHP Warning:  Undefined property: stdClass::$users_content in /home/swiftwav/analytics.cyrixx.com/themes/altum/views/partials/announcements.php on line 4
[21-Sep-2023 19:56:12 UTC] PHP Warning:  Undefined property: stdClass::$guests_content in /home/swiftwav/analytics.cyrixx.com/themes/altum/views/partials/announcements.php on line 4
[21-Sep-2023 19:56:12 UTC] PHP Warning:  Undefined property: stdClass::$users_content in /home/swiftwav/analytics.cyrixx.com/themes/altum/views/partials/announcements.php on line 4
[21-Sep-2023 23:19:16 UTC] PHP Warning:  Undefined property: stdClass::$guests_content in /home/swiftwav/analytics.cyrixx.com/themes/altum/views/partials/announcements.php on line 4
[21-Sep-2023 23:19:16 UTC] PHP Warning:  Undefined property: stdClass::$users_content in /home/swiftwav/analytics.cyrixx.com/themes/altum/views/partials/announcements.php on line 4
[21-Sep-2023 23:19:17 UTC] PHP Warning:  Undefined property: stdClass::$guests_content in /home/swiftwav/analytics.cyrixx.com/themes/altum/views/partials/announcements.php on line 4
[21-Sep-2023 23:19:17 UTC] PHP Warning:  Undefined property: stdClass::$users_content in /home/swiftwav/analytics.cyrixx.com/themes/altum/views/partials/announcements.php on line 4
[21-Sep-2023 23:19:17 UTC] PHP Warning:  Undefined property: stdClass::$guests_content in /home/swiftwav/analytics.cyrixx.com/themes/altum/views/partials/announcements.php on line 4
[21-Sep-2023 23:19:17 UTC] PHP Warning:  Undefined property: stdClass::$users_content in /home/swiftwav/analytics.cyrixx.com/themes/altum/views/partials/announcements.php on line 4
[21-Sep-2023 23:19:17 UTC] PHP Warning:  Undefined property: stdClass::$guests_content in /home/swiftwav/analytics.cyrixx.com/themes/altum/views/partials/announcements.php on line 4
[21-Sep-2023 23:19:17 UTC] PHP Warning:  Undefined property: stdClass::$users_content in /home/swiftwav/analytics.cyrixx.com/themes/altum/views/partials/announcements.php on line 4
[21-Sep-2023 23:19:18 UTC] PHP Warning:  Undefined property: stdClass::$guests_content in /home/swiftwav/analytics.cyrixx.com/themes/altum/views/partials/announcements.php on line 4
[21-Sep-2023 23:19:18 UTC] PHP Warning:  Undefined property: stdClass::$users_content in /home/swiftwav/analytics.cyrixx.com/themes/altum/views/partials/announcements.php on line 4
[21-Sep-2023 23:19:18 UTC] PHP Warning:  Undefined property: stdClass::$guests_content in /home/swiftwav/analytics.cyrixx.com/themes/altum/views/partials/announcements.php on line 4
[21-Sep-2023 23:19:18 UTC] PHP Warning:  Undefined property: stdClass::$users_content in /home/swiftwav/analytics.cyrixx.com/themes/altum/views/partials/announcements.php on line 4
[21-Sep-2023 23:19:18 UTC] PHP Warning:  Undefined property: stdClass::$guests_content in /home/swiftwav/analytics.cyrixx.com/themes/altum/views/partials/announcements.php on line 4
[21-Sep-2023 23:19:18 UTC] PHP Warning:  Undefined property: stdClass::$users_content in /home/swiftwav/analytics.cyrixx.com/themes/altum/views/partials/announcements.php on line 4
[21-Sep-2023 23:19:19 UTC] PHP Warning:  Undefined property: stdClass::$guests_content in /home/swiftwav/analytics.cyrixx.com/themes/altum/views/partials/announcements.php on line 4
[21-Sep-2023 23:19:19 UTC] PHP Warning:  Undefined property: stdClass::$users_content in /home/swiftwav/analytics.cyrixx.com/themes/altum/views/partials/announcements.php on line 4
[21-Sep-2023 23:19:19 UTC] PHP Warning:  Undefined property: stdClass::$guests_content in /home/swiftwav/analytics.cyrixx.com/themes/altum/views/partials/announcements.php on line 4
[21-Sep-2023 23:19:19 UTC] PHP Warning:  Undefined property: stdClass::$users_content in /home/swiftwav/analytics.cyrixx.com/themes/altum/views/partials/announcements.php on line 4
[21-Sep-2023 23:19:19 UTC] PHP Warning:  Undefined property: stdClass::$guests_content in /home/swiftwav/analytics.cyrixx.com/themes/altum/views/partials/announcements.php on line 4
[21-Sep-2023 23:19:19 UTC] PHP Warning:  Undefined property: stdClass::$users_content in /home/swiftwav/analytics.cyrixx.com/themes/altum/views/partials/announcements.php on line 4
[21-Sep-2023 23:19:20 UTC] PHP Warning:  Undefined property: stdClass::$guests_content in /home/swiftwav/analytics.cyrixx.com/themes/altum/views/partials/announcements.php on line 4
[21-Sep-2023 23:19:20 UTC] PHP Warning:  Undefined property: stdClass::$users_content in /home/swiftwav/analytics.cyrixx.com/themes/altum/views/partials/announcements.php on line 4
[21-Sep-2023 23:19:20 UTC] PHP Warning:  Undefined property: stdClass::$guests_content in /home/swiftwav/analytics.cyrixx.com/themes/altum/views/partials/announcements.php on line 4
[21-Sep-2023 23:19:20 UTC] PHP Warning:  Undefined property: stdClass::$users_content in /home/swiftwav/analytics.cyrixx.com/themes/altum/views/partials/announcements.php on line 4
[21-Sep-2023 23:19:20 UTC] PHP Warning:  Undefined property: stdClass::$guests_content in /home/swiftwav/analytics.cyrixx.com/themes/altum/views/partials/announcements.php on line 4
[21-Sep-2023 23:19:20 UTC] PHP Warning:  Undefined property: stdClass::$users_content in /home/swiftwav/analytics.cyrixx.com/themes/altum/views/partials/announcements.php on line 4
[21-Sep-2023 23:19:21 UTC] PHP Warning:  Undefined property: stdClass::$guests_content in /home/swiftwav/analytics.cyrixx.com/themes/altum/views/partials/announcements.php on line 4
[21-Sep-2023 23:19:21 UTC] PHP Warning:  Undefined property: stdClass::$users_content in /home/swiftwav/analytics.cyrixx.com/themes/altum/views/partials/announcements.php on line 4
[21-Sep-2023 23:19:21 UTC] PHP Warning:  Undefined property: stdClass::$guests_content in /home/swiftwav/analytics.cyrixx.com/themes/altum/views/partials/announcements.php on line 4
[21-Sep-2023 23:19:21 UTC] PHP Warning:  Undefined property: stdClass::$users_content in /home/swiftwav/analytics.cyrixx.com/themes/altum/views/partials/announcements.php on line 4
[21-Sep-2023 23:19:21 UTC] PHP Warning:  Undefined property: stdClass::$guests_content in /home/swiftwav/analytics.cyrixx.com/themes/altum/views/partials/announcements.php on line 4
[21-Sep-2023 23:19:21 UTC] PHP Warning:  Undefined property: stdClass::$users_content in /home/swiftwav/analytics.cyrixx.com/themes/altum/views/partials/announcements.php on line 4
[21-Sep-2023 23:19:21 UTC] PHP Warning:  Undefined property: stdClass::$guests_content in /home/swiftwav/analytics.cyrixx.com/themes/altum/views/partials/announcements.php on line 4
[21-Sep-2023 23:19:21 UTC] PHP Warning:  Undefined property: stdClass::$users_content in /home/swiftwav/analytics.cyrixx.com/themes/altum/views/partials/announcements.php on line 4
[21-Sep-2023 23:19:22 UTC] PHP Warning:  Undefined property: stdClass::$guests_content in /home/swiftwav/analytics.cyrixx.com/themes/altum/views/partials/announcements.php on line 4
[21-Sep-2023 23:19:22 UTC] PHP Warning:  Undefined property: stdClass::$users_content in /home/swiftwav/analytics.cyrixx.com/themes/altum/views/partials/announcements.php on line 4
[21-Sep-2023 23:19:22 UTC] PHP Warning:  Undefined property: stdClass::$guests_content in /home/swiftwav/analytics.cyrixx.com/themes/altum/views/partials/announcements.php on line 4
[21-Sep-2023 23:19:22 UTC] PHP Warning:  Undefined property: stdClass::$users_content in /home/swiftwav/analytics.cyrixx.com/themes/altum/views/partials/announcements.php on line 4
