[22-Sep-2023 03:35:58 UTC] PHP Warning:  Undefined property: stdClass::$guests_content in /home/swiftwav/analytics.cyrixx.com/themes/altum/views/partials/announcements.php on line 4
[22-Sep-2023 03:35:58 UTC] PHP Warning:  Undefined property: stdClass::$users_content in /home/swiftwav/analytics.cyrixx.com/themes/altum/views/partials/announcements.php on line 4
[22-Sep-2023 03:35:59 UTC] PHP Warning:  Undefined property: stdClass::$guests_content in /home/swiftwav/analytics.cyrixx.com/themes/altum/views/partials/announcements.php on line 4
[22-Sep-2023 03:35:59 UTC] PHP Warning:  Undefined property: stdClass::$users_content in /home/swiftwav/analytics.cyrixx.com/themes/altum/views/partials/announcements.php on line 4
[22-Sep-2023 03:36:02 UTC] PHP Warning:  Undefined property: stdClass::$guests_content in /home/swiftwav/analytics.cyrixx.com/themes/altum/views/partials/announcements.php on line 4
[22-Sep-2023 03:36:02 UTC] PHP Warning:  Undefined property: stdClass::$users_content in /home/swiftwav/analytics.cyrixx.com/themes/altum/views/partials/announcements.php on line 4
[22-Sep-2023 03:36:03 UTC] PHP Warning:  Undefined property: stdClass::$guests_content in /home/swiftwav/analytics.cyrixx.com/themes/altum/views/partials/announcements.php on line 4
[22-Sep-2023 03:36:03 UTC] PHP Warning:  Undefined property: stdClass::$users_content in /home/swiftwav/analytics.cyrixx.com/themes/altum/views/partials/announcements.php on line 4
[22-Sep-2023 06:19:54 UTC] PHP Deprecated:  explode(): Passing null to parameter #2 ($string) of type string is deprecated in /home/swiftwav/analytics.cyrixx.com/app/controllers/PixelTrack.php on line 94
[22-Sep-2023 06:19:54 UTC] PHP Deprecated:  explode(): Passing null to parameter #2 ($string) of type string is deprecated in /home/swiftwav/analytics.cyrixx.com/app/controllers/PixelTrack.php on line 94
[22-Sep-2023 07:29:42 UTC] PHP Warning:  Undefined property: stdClass::$guests_content in /home/swiftwav/analytics.cyrixx.com/themes/altum/views/partials/announcements.php on line 4
[22-Sep-2023 07:29:42 UTC] PHP Warning:  Undefined property: stdClass::$users_content in /home/swiftwav/analytics.cyrixx.com/themes/altum/views/partials/announcements.php on line 4
[22-Sep-2023 07:29:45 UTC] PHP Warning:  Undefined property: stdClass::$guests_content in /home/swiftwav/analytics.cyrixx.com/themes/altum/views/partials/announcements.php on line 4
[22-Sep-2023 07:29:45 UTC] PHP Warning:  Undefined property: stdClass::$users_content in /home/swiftwav/analytics.cyrixx.com/themes/altum/views/partials/announcements.php on line 4
[22-Sep-2023 07:30:05 UTC] PHP Warning:  Undefined property: stdClass::$guests_content in /home/swiftwav/analytics.cyrixx.com/themes/altum/views/partials/announcements.php on line 4
[22-Sep-2023 07:30:05 UTC] PHP Warning:  Undefined property: stdClass::$users_content in /home/swiftwav/analytics.cyrixx.com/themes/altum/views/partials/announcements.php on line 4
[22-Sep-2023 07:30:08 UTC] PHP Warning:  Undefined property: stdClass::$guests_content in /home/swiftwav/analytics.cyrixx.com/themes/altum/views/partials/announcements.php on line 4
[22-Sep-2023 07:30:08 UTC] PHP Warning:  Undefined property: stdClass::$users_content in /home/swiftwav/analytics.cyrixx.com/themes/altum/views/partials/announcements.php on line 4
[22-Sep-2023 08:36:28 UTC] PHP Warning:  Undefined property: stdClass::$guests_content in /home/swiftwav/analytics.cyrixx.com/themes/altum/views/partials/announcements.php on line 4
[22-Sep-2023 08:36:28 UTC] PHP Warning:  Undefined property: stdClass::$users_content in /home/swiftwav/analytics.cyrixx.com/themes/altum/views/partials/announcements.php on line 4
[22-Sep-2023 08:45:48 UTC] PHP Deprecated:  explode(): Passing null to parameter #2 ($string) of type string is deprecated in /home/swiftwav/analytics.cyrixx.com/app/controllers/PixelTrack.php on line 94
[22-Sep-2023 08:45:51 UTC] PHP Deprecated:  explode(): Passing null to parameter #2 ($string) of type string is deprecated in /home/swiftwav/analytics.cyrixx.com/app/controllers/PixelTrack.php on line 94
[22-Sep-2023 08:45:52 UTC] PHP Deprecated:  explode(): Passing null to parameter #2 ($string) of type string is deprecated in /home/swiftwav/analytics.cyrixx.com/app/controllers/PixelTrack.php on line 94
[22-Sep-2023 08:46:43 UTC] PHP Deprecated:  explode(): Passing null to parameter #2 ($string) of type string is deprecated in /home/swiftwav/analytics.cyrixx.com/app/controllers/PixelTrack.php on line 94
[22-Sep-2023 08:52:49 UTC] PHP Warning:  Undefined property: stdClass::$guests_content in /home/swiftwav/analytics.cyrixx.com/themes/altum/views/partials/announcements.php on line 4
[22-Sep-2023 08:52:49 UTC] PHP Warning:  Undefined property: stdClass::$users_content in /home/swiftwav/analytics.cyrixx.com/themes/altum/views/partials/announcements.php on line 4
[22-Sep-2023 11:11:34 UTC] PHP Warning:  Undefined property: stdClass::$guests_content in /home/swiftwav/analytics.cyrixx.com/themes/altum/views/partials/announcements.php on line 4
[22-Sep-2023 11:11:34 UTC] PHP Warning:  Undefined property: stdClass::$users_content in /home/swiftwav/analytics.cyrixx.com/themes/altum/views/partials/announcements.php on line 4
[22-Sep-2023 11:11:34 UTC] PHP Warning:  Undefined property: stdClass::$guests_content in /home/swiftwav/analytics.cyrixx.com/themes/altum/views/partials/announcements.php on line 4
[22-Sep-2023 11:11:34 UTC] PHP Warning:  Undefined property: stdClass::$users_content in /home/swiftwav/analytics.cyrixx.com/themes/altum/views/partials/announcements.php on line 4
[22-Sep-2023 13:19:42 UTC] PHP Deprecated:  mb_strlen(): Passing null to parameter #1 ($string) of type string is deprecated in /home/swiftwav/analytics.cyrixx.com/app/controllers/PixelTrack.php on line 750
[22-Sep-2023 13:55:51 UTC] PHP Warning:  Undefined property: stdClass::$guests_content in /home/swiftwav/analytics.cyrixx.com/themes/altum/views/partials/announcements.php on line 4
[22-Sep-2023 13:55:51 UTC] PHP Warning:  Undefined property: stdClass::$users_content in /home/swiftwav/analytics.cyrixx.com/themes/altum/views/partials/announcements.php on line 4
[22-Sep-2023 18:17:21 UTC] PHP Warning:  Undefined property: stdClass::$guests_content in /home/swiftwav/analytics.cyrixx.com/themes/altum/views/partials/announcements.php on line 4
[22-Sep-2023 18:17:21 UTC] PHP Warning:  Undefined property: stdClass::$users_content in /home/swiftwav/analytics.cyrixx.com/themes/altum/views/partials/announcements.php on line 4
[22-Sep-2023 18:17:24 UTC] PHP Warning:  Undefined property: stdClass::$guests_content in /home/swiftwav/analytics.cyrixx.com/themes/altum/views/partials/announcements.php on line 4
[22-Sep-2023 18:17:24 UTC] PHP Warning:  Undefined property: stdClass::$users_content in /home/swiftwav/analytics.cyrixx.com/themes/altum/views/partials/announcements.php on line 4
[22-Sep-2023 18:17:26 UTC] PHP Warning:  Undefined property: stdClass::$guests_content in /home/swiftwav/analytics.cyrixx.com/themes/altum/views/partials/announcements.php on line 4
[22-Sep-2023 18:17:26 UTC] PHP Warning:  Undefined property: stdClass::$users_content in /home/swiftwav/analytics.cyrixx.com/themes/altum/views/partials/announcements.php on line 4
[22-Sep-2023 18:17:27 UTC] PHP Warning:  Undefined property: stdClass::$guests_content in /home/swiftwav/analytics.cyrixx.com/themes/altum/views/partials/announcements.php on line 4
[22-Sep-2023 18:17:27 UTC] PHP Warning:  Undefined property: stdClass::$users_content in /home/swiftwav/analytics.cyrixx.com/themes/altum/views/partials/announcements.php on line 4
[22-Sep-2023 18:17:39 UTC] PHP Deprecated:  mb_strlen(): Passing null to parameter #1 ($string) of type string is deprecated in /home/swiftwav/analytics.cyrixx.com/app/controllers/PixelTrack.php on line 750
[22-Sep-2023 18:17:47 UTC] PHP Warning:  Undefined property: stdClass::$guests_content in /home/swiftwav/analytics.cyrixx.com/themes/altum/views/partials/announcements.php on line 4
[22-Sep-2023 18:17:47 UTC] PHP Warning:  Undefined property: stdClass::$users_content in /home/swiftwav/analytics.cyrixx.com/themes/altum/views/partials/announcements.php on line 4
[22-Sep-2023 18:17:48 UTC] PHP Warning:  Undefined property: stdClass::$guests_content in /home/swiftwav/analytics.cyrixx.com/themes/altum/views/partials/announcements.php on line 4
[22-Sep-2023 18:17:48 UTC] PHP Warning:  Undefined property: stdClass::$users_content in /home/swiftwav/analytics.cyrixx.com/themes/altum/views/partials/announcements.php on line 4
[22-Sep-2023 18:17:58 UTC] PHP Deprecated:  Implicit conversion from float 10.925 to int loses precision in /home/swiftwav/analytics.cyrixx.com/app/core/Date.php on line 218
[22-Sep-2023 18:17:58 UTC] PHP Deprecated:  Implicit conversion from float 655.5 to int loses precision in /home/swiftwav/analytics.cyrixx.com/app/core/Date.php on line 219
[22-Sep-2023 18:17:58 UTC] PHP Deprecated:  Implicit conversion from float 18.916666666666668 to int loses precision in /home/swiftwav/analytics.cyrixx.com/app/core/Date.php on line 218
[22-Sep-2023 18:17:58 UTC] PHP Deprecated:  Implicit conversion from float 0.4666666666666667 to int loses precision in /home/swiftwav/analytics.cyrixx.com/app/core/Date.php on line 218
[22-Sep-2023 18:17:58 UTC] PHP Deprecated:  Implicit conversion from float 1.4 to int loses precision in /home/swiftwav/analytics.cyrixx.com/app/core/Date.php on line 218
[22-Sep-2023 18:17:58 UTC] PHP Deprecated:  Implicit conversion from float 13.8 to int loses precision in /home/swiftwav/analytics.cyrixx.com/app/core/Date.php on line 218
[22-Sep-2023 18:17:58 UTC] PHP Deprecated:  Implicit conversion from float 20.316666666666666 to int loses precision in /home/swiftwav/analytics.cyrixx.com/app/core/Date.php on line 218
[22-Sep-2023 18:17:58 UTC] PHP Deprecated:  Implicit conversion from float 15.8 to int loses precision in /home/swiftwav/analytics.cyrixx.com/app/core/Date.php on line 218
[22-Sep-2023 18:17:58 UTC] PHP Deprecated:  Implicit conversion from float 7.816666666666666 to int loses precision in /home/swiftwav/analytics.cyrixx.com/app/core/Date.php on line 218
[22-Sep-2023 18:17:58 UTC] PHP Deprecated:  Implicit conversion from float 10.983333333333333 to int loses precision in /home/swiftwav/analytics.cyrixx.com/app/core/Date.php on line 218
[22-Sep-2023 18:17:58 UTC] PHP Deprecated:  Implicit conversion from float 13.5 to int loses precision in /home/swiftwav/analytics.cyrixx.com/app/core/Date.php on line 218
[22-Sep-2023 18:17:58 UTC] PHP Deprecated:  Implicit conversion from float 6.25 to int loses precision in /home/swiftwav/analytics.cyrixx.com/app/core/Date.php on line 218
[22-Sep-2023 18:17:58 UTC] PHP Warning:  Undefined property: stdClass::$guests_content in /home/swiftwav/analytics.cyrixx.com/themes/altum/views/partials/announcements.php on line 4
[22-Sep-2023 18:17:58 UTC] PHP Warning:  Undefined property: stdClass::$users_content in /home/swiftwav/analytics.cyrixx.com/themes/altum/views/partials/announcements.php on line 4
[22-Sep-2023 18:17:58 UTC] PHP Warning:  Undefined property: stdClass::$guests_content in /home/swiftwav/analytics.cyrixx.com/themes/altum/views/partials/announcements.php on line 4
[22-Sep-2023 18:17:58 UTC] PHP Warning:  Undefined property: stdClass::$users_content in /home/swiftwav/analytics.cyrixx.com/themes/altum/views/partials/announcements.php on line 4
[22-Sep-2023 18:18:01 UTC] PHP Deprecated:  Implicit conversion from float 18.916666666666668 to int loses precision in /home/swiftwav/analytics.cyrixx.com/app/core/Date.php on line 218
[22-Sep-2023 18:18:01 UTC] PHP Warning:  Undefined property: stdClass::$guests_content in /home/swiftwav/analytics.cyrixx.com/themes/altum/views/partials/announcements.php on line 4
[22-Sep-2023 18:18:01 UTC] PHP Warning:  Undefined property: stdClass::$users_content in /home/swiftwav/analytics.cyrixx.com/themes/altum/views/partials/announcements.php on line 4
[22-Sep-2023 18:18:01 UTC] PHP Warning:  Undefined property: stdClass::$guests_content in /home/swiftwav/analytics.cyrixx.com/themes/altum/views/partials/announcements.php on line 4
[22-Sep-2023 18:18:01 UTC] PHP Warning:  Undefined property: stdClass::$users_content in /home/swiftwav/analytics.cyrixx.com/themes/altum/views/partials/announcements.php on line 4
[22-Sep-2023 18:18:26 UTC] PHP Warning:  Undefined property: stdClass::$guests_content in /home/swiftwav/analytics.cyrixx.com/themes/altum/views/partials/announcements.php on line 4
[22-Sep-2023 18:18:26 UTC] PHP Warning:  Undefined property: stdClass::$users_content in /home/swiftwav/analytics.cyrixx.com/themes/altum/views/partials/announcements.php on line 4
[22-Sep-2023 18:18:26 UTC] PHP Warning:  Undefined property: stdClass::$guests_content in /home/swiftwav/analytics.cyrixx.com/themes/altum/views/partials/announcements.php on line 4
[22-Sep-2023 18:18:26 UTC] PHP Warning:  Undefined property: stdClass::$users_content in /home/swiftwav/analytics.cyrixx.com/themes/altum/views/partials/announcements.php on line 4
[22-Sep-2023 19:28:18 UTC] PHP Warning:  Undefined property: stdClass::$guests_content in /home/swiftwav/analytics.cyrixx.com/themes/altum/views/partials/announcements.php on line 4
[22-Sep-2023 19:28:18 UTC] PHP Warning:  Undefined property: stdClass::$users_content in /home/swiftwav/analytics.cyrixx.com/themes/altum/views/partials/announcements.php on line 4
[22-Sep-2023 23:51:22 UTC] PHP Warning:  Undefined property: stdClass::$guests_content in /home/swiftwav/analytics.cyrixx.com/themes/altum/views/partials/announcements.php on line 4
[22-Sep-2023 23:51:22 UTC] PHP Warning:  Undefined property: stdClass::$users_content in /home/swiftwav/analytics.cyrixx.com/themes/altum/views/partials/announcements.php on line 4
