[28-Sep-2023 04:44:11 UTC] PHP Deprecated:  explode(): Passing null to parameter #2 ($string) of type string is deprecated in /home/swiftwav/analytics.cyrixx.com/app/controllers/PixelTrack.php on line 94
[28-Sep-2023 04:44:11 UTC] PHP Deprecated:  explode(): Passing null to parameter #2 ($string) of type string is deprecated in /home/swiftwav/analytics.cyrixx.com/app/controllers/PixelTrack.php on line 94
[28-Sep-2023 04:44:12 UTC] PHP Warning:  Undefined property: stdClass::$guests_content in /home/swiftwav/analytics.cyrixx.com/themes/altum/views/partials/announcements.php on line 4
[28-Sep-2023 04:44:12 UTC] PHP Warning:  Undefined property: stdClass::$users_content in /home/swiftwav/analytics.cyrixx.com/themes/altum/views/partials/announcements.php on line 4
[28-Sep-2023 04:44:14 UTC] PHP Deprecated:  explode(): Passing null to parameter #2 ($string) of type string is deprecated in /home/swiftwav/analytics.cyrixx.com/app/controllers/PixelTrack.php on line 94
[28-Sep-2023 04:44:15 UTC] PHP Deprecated:  explode(): Passing null to parameter #2 ($string) of type string is deprecated in /home/swiftwav/analytics.cyrixx.com/app/controllers/PixelTrack.php on line 94
[28-Sep-2023 04:44:18 UTC] PHP Deprecated:  explode(): Passing null to parameter #2 ($string) of type string is deprecated in /home/swiftwav/analytics.cyrixx.com/app/controllers/PixelTrack.php on line 94
[28-Sep-2023 04:44:21 UTC] PHP Deprecated:  explode(): Passing null to parameter #2 ($string) of type string is deprecated in /home/swiftwav/analytics.cyrixx.com/app/controllers/PixelTrack.php on line 94
[28-Sep-2023 04:44:24 UTC] PHP Warning:  Attempt to read property "is_enabled" on string in /home/swiftwav/analytics.cyrixx.com/app/controllers/Login.php on line 187
[28-Sep-2023 04:44:24 UTC] PHP Warning:  Undefined property: stdClass::$is_enabled in /home/swiftwav/analytics.cyrixx.com/app/controllers/Login.php on line 229
[28-Sep-2023 04:44:24 UTC] PHP Warning:  Attempt to read property "is_enabled" on string in /home/swiftwav/analytics.cyrixx.com/themes/altum/views/login/index.php on line 81
[28-Sep-2023 04:44:24 UTC] PHP Warning:  Undefined property: stdClass::$is_enabled in /home/swiftwav/analytics.cyrixx.com/themes/altum/views/login/index.php on line 89
[28-Sep-2023 04:44:24 UTC] PHP Warning:  Undefined property: stdClass::$guests_content in /home/swiftwav/analytics.cyrixx.com/themes/altum/views/partials/announcements.php on line 4
[28-Sep-2023 04:44:24 UTC] PHP Warning:  Undefined property: stdClass::$users_content in /home/swiftwav/analytics.cyrixx.com/themes/altum/views/partials/announcements.php on line 4
[28-Sep-2023 04:44:24 UTC] PHP Deprecated:  explode(): Passing null to parameter #2 ($string) of type string is deprecated in /home/swiftwav/analytics.cyrixx.com/app/controllers/PixelTrack.php on line 94
[28-Sep-2023 04:44:37 UTC] PHP Warning:  Attempt to read property "is_enabled" on string in /home/swiftwav/analytics.cyrixx.com/app/controllers/Login.php on line 187
[28-Sep-2023 04:44:37 UTC] PHP Warning:  Undefined property: stdClass::$is_enabled in /home/swiftwav/analytics.cyrixx.com/app/controllers/Login.php on line 229
[28-Sep-2023 04:44:37 UTC] PHP Warning:  Attempt to read property "is_enabled" on string in /home/swiftwav/analytics.cyrixx.com/themes/altum/views/login/index.php on line 81
[28-Sep-2023 04:44:37 UTC] PHP Warning:  Undefined property: stdClass::$is_enabled in /home/swiftwav/analytics.cyrixx.com/themes/altum/views/login/index.php on line 89
[28-Sep-2023 04:44:37 UTC] PHP Warning:  Undefined property: stdClass::$guests_content in /home/swiftwav/analytics.cyrixx.com/themes/altum/views/partials/announcements.php on line 4
[28-Sep-2023 04:44:37 UTC] PHP Warning:  Undefined property: stdClass::$users_content in /home/swiftwav/analytics.cyrixx.com/themes/altum/views/partials/announcements.php on line 4
[28-Sep-2023 04:44:57 UTC] PHP Warning:  Attempt to read property "is_enabled" on string in /home/swiftwav/analytics.cyrixx.com/app/controllers/Login.php on line 187
[28-Sep-2023 04:44:57 UTC] PHP Warning:  Undefined property: stdClass::$is_enabled in /home/swiftwav/analytics.cyrixx.com/app/controllers/Login.php on line 229
[28-Sep-2023 04:44:57 UTC] PHP Warning:  Undefined property: stdClass::$guests_content in /home/swiftwav/analytics.cyrixx.com/themes/altum/views/partials/announcements.php on line 4
[28-Sep-2023 04:44:57 UTC] PHP Warning:  Undefined property: stdClass::$users_content in /home/swiftwav/analytics.cyrixx.com/themes/altum/views/partials/announcements.php on line 4
[28-Sep-2023 04:45:16 UTC] PHP Warning:  Undefined property: stdClass::$guests_content in /home/swiftwav/analytics.cyrixx.com/themes/altum/views/partials/announcements.php on line 4
[28-Sep-2023 04:45:16 UTC] PHP Warning:  Undefined property: stdClass::$users_content in /home/swiftwav/analytics.cyrixx.com/themes/altum/views/partials/announcements.php on line 4
[28-Sep-2023 04:45:19 UTC] PHP Warning:  Undefined property: stdClass::$guests_content in /home/swiftwav/analytics.cyrixx.com/themes/altum/views/partials/announcements.php on line 4
[28-Sep-2023 04:45:19 UTC] PHP Warning:  Undefined property: stdClass::$users_content in /home/swiftwav/analytics.cyrixx.com/themes/altum/views/partials/announcements.php on line 4
[28-Sep-2023 04:45:30 UTC] PHP Deprecated:  explode(): Passing null to parameter #2 ($string) of type string is deprecated in /home/swiftwav/analytics.cyrixx.com/app/controllers/PixelTrack.php on line 94
[28-Sep-2023 04:45:34 UTC] PHP Deprecated:  explode(): Passing null to parameter #2 ($string) of type string is deprecated in /home/swiftwav/analytics.cyrixx.com/app/controllers/PixelTrack.php on line 94
[28-Sep-2023 04:45:39 UTC] PHP Deprecated:  explode(): Passing null to parameter #2 ($string) of type string is deprecated in /home/swiftwav/analytics.cyrixx.com/app/controllers/PixelTrack.php on line 94
[28-Sep-2023 04:45:44 UTC] PHP Deprecated:  explode(): Passing null to parameter #2 ($string) of type string is deprecated in /home/swiftwav/analytics.cyrixx.com/app/controllers/PixelTrack.php on line 94
[28-Sep-2023 04:45:49 UTC] PHP Deprecated:  explode(): Passing null to parameter #2 ($string) of type string is deprecated in /home/swiftwav/analytics.cyrixx.com/app/controllers/PixelTrack.php on line 94
[28-Sep-2023 04:45:54 UTC] PHP Deprecated:  explode(): Passing null to parameter #2 ($string) of type string is deprecated in /home/swiftwav/analytics.cyrixx.com/app/controllers/PixelTrack.php on line 94
[28-Sep-2023 04:46:00 UTC] PHP Deprecated:  explode(): Passing null to parameter #2 ($string) of type string is deprecated in /home/swiftwav/analytics.cyrixx.com/app/controllers/PixelTrack.php on line 94
[28-Sep-2023 04:46:00 UTC] PHP Deprecated:  explode(): Passing null to parameter #2 ($string) of type string is deprecated in /home/swiftwav/analytics.cyrixx.com/app/controllers/PixelTrack.php on line 94
[28-Sep-2023 04:46:04 UTC] PHP Deprecated:  explode(): Passing null to parameter #2 ($string) of type string is deprecated in /home/swiftwav/analytics.cyrixx.com/app/controllers/PixelTrack.php on line 94
[28-Sep-2023 04:46:09 UTC] PHP Deprecated:  explode(): Passing null to parameter #2 ($string) of type string is deprecated in /home/swiftwav/analytics.cyrixx.com/app/controllers/PixelTrack.php on line 94
[28-Sep-2023 04:46:14 UTC] PHP Deprecated:  explode(): Passing null to parameter #2 ($string) of type string is deprecated in /home/swiftwav/analytics.cyrixx.com/app/controllers/PixelTrack.php on line 94
[28-Sep-2023 04:46:19 UTC] PHP Deprecated:  explode(): Passing null to parameter #2 ($string) of type string is deprecated in /home/swiftwav/analytics.cyrixx.com/app/controllers/PixelTrack.php on line 94
[28-Sep-2023 04:46:20 UTC] PHP Deprecated:  explode(): Passing null to parameter #2 ($string) of type string is deprecated in /home/swiftwav/analytics.cyrixx.com/app/controllers/PixelTrack.php on line 94
[28-Sep-2023 04:46:21 UTC] PHP Deprecated:  explode(): Passing null to parameter #2 ($string) of type string is deprecated in /home/swiftwav/analytics.cyrixx.com/app/controllers/PixelTrack.php on line 94
[28-Sep-2023 04:46:22 UTC] PHP Deprecated:  explode(): Passing null to parameter #2 ($string) of type string is deprecated in /home/swiftwav/analytics.cyrixx.com/app/controllers/PixelTrack.php on line 94
[28-Sep-2023 04:46:23 UTC] PHP Deprecated:  explode(): Passing null to parameter #2 ($string) of type string is deprecated in /home/swiftwav/analytics.cyrixx.com/app/controllers/PixelTrack.php on line 94
[28-Sep-2023 08:28:52 UTC] PHP Warning:  Undefined property: stdClass::$guests_content in /home/swiftwav/analytics.cyrixx.com/themes/altum/views/partials/announcements.php on line 4
[28-Sep-2023 08:28:52 UTC] PHP Warning:  Undefined property: stdClass::$users_content in /home/swiftwav/analytics.cyrixx.com/themes/altum/views/partials/announcements.php on line 4
[28-Sep-2023 11:29:11 UTC] PHP Warning:  Undefined property: stdClass::$guests_content in /home/swiftwav/analytics.cyrixx.com/themes/altum/views/partials/announcements.php on line 4
[28-Sep-2023 11:29:11 UTC] PHP Warning:  Undefined property: stdClass::$users_content in /home/swiftwav/analytics.cyrixx.com/themes/altum/views/partials/announcements.php on line 4
[28-Sep-2023 11:29:12 UTC] PHP Warning:  Undefined property: stdClass::$guests_content in /home/swiftwav/analytics.cyrixx.com/themes/altum/views/partials/announcements.php on line 4
[28-Sep-2023 11:29:12 UTC] PHP Warning:  Undefined property: stdClass::$users_content in /home/swiftwav/analytics.cyrixx.com/themes/altum/views/partials/announcements.php on line 4
[28-Sep-2023 11:29:16 UTC] PHP Warning:  Undefined property: stdClass::$guests_content in /home/swiftwav/analytics.cyrixx.com/themes/altum/views/partials/announcements.php on line 4
[28-Sep-2023 11:29:16 UTC] PHP Warning:  Undefined property: stdClass::$users_content in /home/swiftwav/analytics.cyrixx.com/themes/altum/views/partials/announcements.php on line 4
[28-Sep-2023 11:29:16 UTC] PHP Warning:  Undefined property: stdClass::$guests_content in /home/swiftwav/analytics.cyrixx.com/themes/altum/views/partials/announcements.php on line 4
[28-Sep-2023 11:29:16 UTC] PHP Warning:  Undefined property: stdClass::$users_content in /home/swiftwav/analytics.cyrixx.com/themes/altum/views/partials/announcements.php on line 4
[28-Sep-2023 11:29:24 UTC] PHP Warning:  Undefined property: stdClass::$guests_content in /home/swiftwav/analytics.cyrixx.com/themes/altum/views/partials/announcements.php on line 4
[28-Sep-2023 11:29:24 UTC] PHP Warning:  Undefined property: stdClass::$users_content in /home/swiftwav/analytics.cyrixx.com/themes/altum/views/partials/announcements.php on line 4
[28-Sep-2023 11:29:24 UTC] PHP Warning:  Undefined property: stdClass::$guests_content in /home/swiftwav/analytics.cyrixx.com/themes/altum/views/partials/announcements.php on line 4
[28-Sep-2023 11:29:24 UTC] PHP Warning:  Undefined property: stdClass::$users_content in /home/swiftwav/analytics.cyrixx.com/themes/altum/views/partials/announcements.php on line 4
[28-Sep-2023 11:29:24 UTC] PHP Warning:  Undefined property: stdClass::$guests_content in /home/swiftwav/analytics.cyrixx.com/themes/altum/views/partials/announcements.php on line 4
[28-Sep-2023 11:29:24 UTC] PHP Warning:  Undefined property: stdClass::$users_content in /home/swiftwav/analytics.cyrixx.com/themes/altum/views/partials/announcements.php on line 4
[28-Sep-2023 11:29:48 UTC] PHP Warning:  Undefined property: stdClass::$guests_content in /home/swiftwav/analytics.cyrixx.com/themes/altum/views/partials/announcements.php on line 4
[28-Sep-2023 11:29:48 UTC] PHP Warning:  Undefined property: stdClass::$users_content in /home/swiftwav/analytics.cyrixx.com/themes/altum/views/partials/announcements.php on line 4
[28-Sep-2023 11:29:49 UTC] PHP Warning:  Undefined property: stdClass::$guests_content in /home/swiftwav/analytics.cyrixx.com/themes/altum/views/partials/announcements.php on line 4
[28-Sep-2023 11:29:49 UTC] PHP Warning:  Undefined property: stdClass::$users_content in /home/swiftwav/analytics.cyrixx.com/themes/altum/views/partials/announcements.php on line 4
[28-Sep-2023 11:29:49 UTC] PHP Warning:  Undefined property: stdClass::$guests_content in /home/swiftwav/analytics.cyrixx.com/themes/altum/views/partials/announcements.php on line 4
[28-Sep-2023 11:29:49 UTC] PHP Warning:  Undefined property: stdClass::$users_content in /home/swiftwav/analytics.cyrixx.com/themes/altum/views/partials/announcements.php on line 4
[28-Sep-2023 12:09:51 UTC] PHP Warning:  Undefined property: stdClass::$guests_content in /home/swiftwav/analytics.cyrixx.com/themes/altum/views/partials/announcements.php on line 4
[28-Sep-2023 12:09:51 UTC] PHP Warning:  Undefined property: stdClass::$users_content in /home/swiftwav/analytics.cyrixx.com/themes/altum/views/partials/announcements.php on line 4
[28-Sep-2023 12:30:45 UTC] PHP Warning:  Undefined property: stdClass::$guests_content in /home/swiftwav/analytics.cyrixx.com/themes/altum/views/partials/announcements.php on line 4
[28-Sep-2023 12:30:45 UTC] PHP Warning:  Undefined property: stdClass::$users_content in /home/swiftwav/analytics.cyrixx.com/themes/altum/views/partials/announcements.php on line 4
[28-Sep-2023 12:30:47 UTC] PHP Warning:  Undefined property: stdClass::$guests_content in /home/swiftwav/analytics.cyrixx.com/themes/altum/views/partials/announcements.php on line 4
[28-Sep-2023 12:30:47 UTC] PHP Warning:  Undefined property: stdClass::$users_content in /home/swiftwav/analytics.cyrixx.com/themes/altum/views/partials/announcements.php on line 4
[28-Sep-2023 12:33:00 UTC] PHP Warning:  Undefined property: stdClass::$guests_content in /home/swiftwav/analytics.cyrixx.com/themes/altum/views/partials/announcements.php on line 4
[28-Sep-2023 12:33:00 UTC] PHP Warning:  Undefined property: stdClass::$users_content in /home/swiftwav/analytics.cyrixx.com/themes/altum/views/partials/announcements.php on line 4
[28-Sep-2023 12:33:01 UTC] PHP Warning:  Undefined property: stdClass::$guests_content in /home/swiftwav/analytics.cyrixx.com/themes/altum/views/partials/announcements.php on line 4
[28-Sep-2023 12:33:01 UTC] PHP Warning:  Undefined property: stdClass::$users_content in /home/swiftwav/analytics.cyrixx.com/themes/altum/views/partials/announcements.php on line 4
[28-Sep-2023 12:33:16 UTC] PHP Warning:  Undefined property: stdClass::$guests_content in /home/swiftwav/analytics.cyrixx.com/themes/altum/views/partials/announcements.php on line 4
[28-Sep-2023 12:33:16 UTC] PHP Warning:  Undefined property: stdClass::$users_content in /home/swiftwav/analytics.cyrixx.com/themes/altum/views/partials/announcements.php on line 4
[28-Sep-2023 12:33:17 UTC] PHP Warning:  Undefined property: stdClass::$guests_content in /home/swiftwav/analytics.cyrixx.com/themes/altum/views/partials/announcements.php on line 4
[28-Sep-2023 12:33:17 UTC] PHP Warning:  Undefined property: stdClass::$users_content in /home/swiftwav/analytics.cyrixx.com/themes/altum/views/partials/announcements.php on line 4
[28-Sep-2023 12:33:17 UTC] PHP Warning:  Undefined property: stdClass::$guests_content in /home/swiftwav/analytics.cyrixx.com/themes/altum/views/partials/announcements.php on line 4
[28-Sep-2023 12:33:17 UTC] PHP Warning:  Undefined property: stdClass::$users_content in /home/swiftwav/analytics.cyrixx.com/themes/altum/views/partials/announcements.php on line 4
[28-Sep-2023 13:07:17 UTC] PHP Deprecated:  explode(): Passing null to parameter #2 ($string) of type string is deprecated in /home/swiftwav/analytics.cyrixx.com/app/controllers/PixelTrack.php on line 94
[28-Sep-2023 13:07:19 UTC] PHP Deprecated:  explode(): Passing null to parameter #2 ($string) of type string is deprecated in /home/swiftwav/analytics.cyrixx.com/app/controllers/PixelTrack.php on line 94
[28-Sep-2023 13:07:21 UTC] PHP Deprecated:  explode(): Passing null to parameter #2 ($string) of type string is deprecated in /home/swiftwav/analytics.cyrixx.com/app/controllers/PixelTrack.php on line 94
[28-Sep-2023 13:07:21 UTC] PHP Deprecated:  explode(): Passing null to parameter #2 ($string) of type string is deprecated in /home/swiftwav/analytics.cyrixx.com/app/controllers/PixelTrack.php on line 94
[28-Sep-2023 13:07:23 UTC] PHP Deprecated:  explode(): Passing null to parameter #2 ($string) of type string is deprecated in /home/swiftwav/analytics.cyrixx.com/app/controllers/PixelTrack.php on line 94
[28-Sep-2023 13:07:23 UTC] PHP Deprecated:  explode(): Passing null to parameter #2 ($string) of type string is deprecated in /home/swiftwav/analytics.cyrixx.com/app/controllers/PixelTrack.php on line 94
[28-Sep-2023 13:07:24 UTC] PHP Deprecated:  explode(): Passing null to parameter #2 ($string) of type string is deprecated in /home/swiftwav/analytics.cyrixx.com/app/controllers/PixelTrack.php on line 94
[28-Sep-2023 13:07:24 UTC] PHP Deprecated:  explode(): Passing null to parameter #2 ($string) of type string is deprecated in /home/swiftwav/analytics.cyrixx.com/app/controllers/PixelTrack.php on line 94
[28-Sep-2023 13:07:25 UTC] PHP Deprecated:  explode(): Passing null to parameter #2 ($string) of type string is deprecated in /home/swiftwav/analytics.cyrixx.com/app/controllers/PixelTrack.php on line 94
[28-Sep-2023 13:07:29 UTC] PHP Deprecated:  explode(): Passing null to parameter #2 ($string) of type string is deprecated in /home/swiftwav/analytics.cyrixx.com/app/controllers/PixelTrack.php on line 94
[28-Sep-2023 13:07:29 UTC] PHP Deprecated:  explode(): Passing null to parameter #2 ($string) of type string is deprecated in /home/swiftwav/analytics.cyrixx.com/app/controllers/PixelTrack.php on line 94
[28-Sep-2023 13:07:30 UTC] PHP Deprecated:  explode(): Passing null to parameter #2 ($string) of type string is deprecated in /home/swiftwav/analytics.cyrixx.com/app/controllers/PixelTrack.php on line 94
[28-Sep-2023 13:07:31 UTC] PHP Deprecated:  explode(): Passing null to parameter #2 ($string) of type string is deprecated in /home/swiftwav/analytics.cyrixx.com/app/controllers/PixelTrack.php on line 94
[28-Sep-2023 13:07:32 UTC] PHP Deprecated:  explode(): Passing null to parameter #2 ($string) of type string is deprecated in /home/swiftwav/analytics.cyrixx.com/app/controllers/PixelTrack.php on line 94
[28-Sep-2023 13:07:34 UTC] PHP Deprecated:  explode(): Passing null to parameter #2 ($string) of type string is deprecated in /home/swiftwav/analytics.cyrixx.com/app/controllers/PixelTrack.php on line 94
[28-Sep-2023 13:07:35 UTC] PHP Deprecated:  explode(): Passing null to parameter #2 ($string) of type string is deprecated in /home/swiftwav/analytics.cyrixx.com/app/controllers/PixelTrack.php on line 94
[28-Sep-2023 13:07:37 UTC] PHP Deprecated:  explode(): Passing null to parameter #2 ($string) of type string is deprecated in /home/swiftwav/analytics.cyrixx.com/app/controllers/PixelTrack.php on line 94
[28-Sep-2023 13:07:38 UTC] PHP Deprecated:  explode(): Passing null to parameter #2 ($string) of type string is deprecated in /home/swiftwav/analytics.cyrixx.com/app/controllers/PixelTrack.php on line 94
[28-Sep-2023 13:07:39 UTC] PHP Deprecated:  explode(): Passing null to parameter #2 ($string) of type string is deprecated in /home/swiftwav/analytics.cyrixx.com/app/controllers/PixelTrack.php on line 94
[28-Sep-2023 13:07:40 UTC] PHP Deprecated:  explode(): Passing null to parameter #2 ($string) of type string is deprecated in /home/swiftwav/analytics.cyrixx.com/app/controllers/PixelTrack.php on line 94
[28-Sep-2023 13:07:41 UTC] PHP Deprecated:  explode(): Passing null to parameter #2 ($string) of type string is deprecated in /home/swiftwav/analytics.cyrixx.com/app/controllers/PixelTrack.php on line 94
[28-Sep-2023 13:07:42 UTC] PHP Deprecated:  explode(): Passing null to parameter #2 ($string) of type string is deprecated in /home/swiftwav/analytics.cyrixx.com/app/controllers/PixelTrack.php on line 94
[28-Sep-2023 13:07:42 UTC] PHP Deprecated:  explode(): Passing null to parameter #2 ($string) of type string is deprecated in /home/swiftwav/analytics.cyrixx.com/app/controllers/PixelTrack.php on line 94
[28-Sep-2023 13:07:42 UTC] PHP Deprecated:  explode(): Passing null to parameter #2 ($string) of type string is deprecated in /home/swiftwav/analytics.cyrixx.com/app/controllers/PixelTrack.php on line 94
[28-Sep-2023 13:10:05 UTC] PHP Deprecated:  explode(): Passing null to parameter #2 ($string) of type string is deprecated in /home/swiftwav/analytics.cyrixx.com/app/controllers/PixelTrack.php on line 94
[28-Sep-2023 13:10:06 UTC] PHP Deprecated:  explode(): Passing null to parameter #2 ($string) of type string is deprecated in /home/swiftwav/analytics.cyrixx.com/app/controllers/PixelTrack.php on line 94
[28-Sep-2023 13:10:06 UTC] PHP Deprecated:  explode(): Passing null to parameter #2 ($string) of type string is deprecated in /home/swiftwav/analytics.cyrixx.com/app/controllers/PixelTrack.php on line 94
[28-Sep-2023 13:10:06 UTC] PHP Deprecated:  explode(): Passing null to parameter #2 ($string) of type string is deprecated in /home/swiftwav/analytics.cyrixx.com/app/controllers/PixelTrack.php on line 94
[28-Sep-2023 13:10:06 UTC] PHP Deprecated:  explode(): Passing null to parameter #2 ($string) of type string is deprecated in /home/swiftwav/analytics.cyrixx.com/app/controllers/PixelTrack.php on line 94
[28-Sep-2023 13:10:07 UTC] PHP Deprecated:  explode(): Passing null to parameter #2 ($string) of type string is deprecated in /home/swiftwav/analytics.cyrixx.com/app/controllers/PixelTrack.php on line 94
[28-Sep-2023 13:10:08 UTC] PHP Deprecated:  explode(): Passing null to parameter #2 ($string) of type string is deprecated in /home/swiftwav/analytics.cyrixx.com/app/controllers/PixelTrack.php on line 94
[28-Sep-2023 13:10:08 UTC] PHP Deprecated:  explode(): Passing null to parameter #2 ($string) of type string is deprecated in /home/swiftwav/analytics.cyrixx.com/app/controllers/PixelTrack.php on line 94
[28-Sep-2023 13:10:11 UTC] PHP Deprecated:  explode(): Passing null to parameter #2 ($string) of type string is deprecated in /home/swiftwav/analytics.cyrixx.com/app/controllers/PixelTrack.php on line 94
[28-Sep-2023 13:10:12 UTC] PHP Deprecated:  explode(): Passing null to parameter #2 ($string) of type string is deprecated in /home/swiftwav/analytics.cyrixx.com/app/controllers/PixelTrack.php on line 94
[28-Sep-2023 13:10:15 UTC] PHP Deprecated:  explode(): Passing null to parameter #2 ($string) of type string is deprecated in /home/swiftwav/analytics.cyrixx.com/app/controllers/PixelTrack.php on line 94
[28-Sep-2023 13:10:15 UTC] PHP Deprecated:  explode(): Passing null to parameter #2 ($string) of type string is deprecated in /home/swiftwav/analytics.cyrixx.com/app/controllers/PixelTrack.php on line 94
[28-Sep-2023 13:10:16 UTC] PHP Deprecated:  explode(): Passing null to parameter #2 ($string) of type string is deprecated in /home/swiftwav/analytics.cyrixx.com/app/controllers/PixelTrack.php on line 94
[28-Sep-2023 13:10:17 UTC] PHP Deprecated:  explode(): Passing null to parameter #2 ($string) of type string is deprecated in /home/swiftwav/analytics.cyrixx.com/app/controllers/PixelTrack.php on line 94
[28-Sep-2023 13:10:17 UTC] PHP Deprecated:  explode(): Passing null to parameter #2 ($string) of type string is deprecated in /home/swiftwav/analytics.cyrixx.com/app/controllers/PixelTrack.php on line 94
[28-Sep-2023 13:10:17 UTC] PHP Deprecated:  explode(): Passing null to parameter #2 ($string) of type string is deprecated in /home/swiftwav/analytics.cyrixx.com/app/controllers/PixelTrack.php on line 94
[28-Sep-2023 13:10:18 UTC] PHP Deprecated:  explode(): Passing null to parameter #2 ($string) of type string is deprecated in /home/swiftwav/analytics.cyrixx.com/app/controllers/PixelTrack.php on line 94
[28-Sep-2023 13:10:19 UTC] PHP Deprecated:  explode(): Passing null to parameter #2 ($string) of type string is deprecated in /home/swiftwav/analytics.cyrixx.com/app/controllers/PixelTrack.php on line 94
[28-Sep-2023 13:10:19 UTC] PHP Deprecated:  explode(): Passing null to parameter #2 ($string) of type string is deprecated in /home/swiftwav/analytics.cyrixx.com/app/controllers/PixelTrack.php on line 94
[28-Sep-2023 13:10:20 UTC] PHP Deprecated:  explode(): Passing null to parameter #2 ($string) of type string is deprecated in /home/swiftwav/analytics.cyrixx.com/app/controllers/PixelTrack.php on line 94
[28-Sep-2023 13:10:21 UTC] PHP Deprecated:  explode(): Passing null to parameter #2 ($string) of type string is deprecated in /home/swiftwav/analytics.cyrixx.com/app/controllers/PixelTrack.php on line 94
[28-Sep-2023 13:10:21 UTC] PHP Deprecated:  explode(): Passing null to parameter #2 ($string) of type string is deprecated in /home/swiftwav/analytics.cyrixx.com/app/controllers/PixelTrack.php on line 94
[28-Sep-2023 13:10:22 UTC] PHP Deprecated:  explode(): Passing null to parameter #2 ($string) of type string is deprecated in /home/swiftwav/analytics.cyrixx.com/app/controllers/PixelTrack.php on line 94
[28-Sep-2023 13:10:23 UTC] PHP Deprecated:  explode(): Passing null to parameter #2 ($string) of type string is deprecated in /home/swiftwav/analytics.cyrixx.com/app/controllers/PixelTrack.php on line 94
[28-Sep-2023 13:10:24 UTC] PHP Deprecated:  explode(): Passing null to parameter #2 ($string) of type string is deprecated in /home/swiftwav/analytics.cyrixx.com/app/controllers/PixelTrack.php on line 94
[28-Sep-2023 13:10:26 UTC] PHP Deprecated:  explode(): Passing null to parameter #2 ($string) of type string is deprecated in /home/swiftwav/analytics.cyrixx.com/app/controllers/PixelTrack.php on line 94
[28-Sep-2023 13:10:26 UTC] PHP Deprecated:  explode(): Passing null to parameter #2 ($string) of type string is deprecated in /home/swiftwav/analytics.cyrixx.com/app/controllers/PixelTrack.php on line 94
[28-Sep-2023 13:10:29 UTC] PHP Deprecated:  explode(): Passing null to parameter #2 ($string) of type string is deprecated in /home/swiftwav/analytics.cyrixx.com/app/controllers/PixelTrack.php on line 94
[28-Sep-2023 13:10:30 UTC] PHP Deprecated:  explode(): Passing null to parameter #2 ($string) of type string is deprecated in /home/swiftwav/analytics.cyrixx.com/app/controllers/PixelTrack.php on line 94
[28-Sep-2023 13:10:31 UTC] PHP Deprecated:  explode(): Passing null to parameter #2 ($string) of type string is deprecated in /home/swiftwav/analytics.cyrixx.com/app/controllers/PixelTrack.php on line 94
[28-Sep-2023 13:10:32 UTC] PHP Deprecated:  explode(): Passing null to parameter #2 ($string) of type string is deprecated in /home/swiftwav/analytics.cyrixx.com/app/controllers/PixelTrack.php on line 94
[28-Sep-2023 13:18:36 UTC] PHP Deprecated:  explode(): Passing null to parameter #2 ($string) of type string is deprecated in /home/swiftwav/analytics.cyrixx.com/app/controllers/PixelTrack.php on line 94
[28-Sep-2023 13:21:25 UTC] PHP Warning:  Attempt to read property "is_enabled" on string in /home/swiftwav/analytics.cyrixx.com/app/controllers/Login.php on line 187
[28-Sep-2023 13:21:25 UTC] PHP Warning:  Undefined property: stdClass::$is_enabled in /home/swiftwav/analytics.cyrixx.com/app/controllers/Login.php on line 229
[28-Sep-2023 13:21:25 UTC] PHP Warning:  Attempt to read property "is_enabled" on string in /home/swiftwav/analytics.cyrixx.com/themes/altum/views/login/index.php on line 81
[28-Sep-2023 13:21:25 UTC] PHP Warning:  Undefined property: stdClass::$is_enabled in /home/swiftwav/analytics.cyrixx.com/themes/altum/views/login/index.php on line 89
[28-Sep-2023 13:21:25 UTC] PHP Warning:  Undefined property: stdClass::$guests_content in /home/swiftwav/analytics.cyrixx.com/themes/altum/views/partials/announcements.php on line 4
[28-Sep-2023 13:21:25 UTC] PHP Warning:  Undefined property: stdClass::$users_content in /home/swiftwav/analytics.cyrixx.com/themes/altum/views/partials/announcements.php on line 4
[28-Sep-2023 13:34:08 UTC] PHP Warning:  Undefined property: stdClass::$guests_content in /home/swiftwav/analytics.cyrixx.com/themes/altum/views/partials/announcements.php on line 4
[28-Sep-2023 13:34:08 UTC] PHP Warning:  Undefined property: stdClass::$users_content in /home/swiftwav/analytics.cyrixx.com/themes/altum/views/partials/announcements.php on line 4
[28-Sep-2023 13:34:10 UTC] PHP Warning:  Undefined property: stdClass::$guests_content in /home/swiftwav/analytics.cyrixx.com/themes/altum/views/partials/announcements.php on line 4
[28-Sep-2023 13:34:10 UTC] PHP Warning:  Undefined property: stdClass::$users_content in /home/swiftwav/analytics.cyrixx.com/themes/altum/views/partials/announcements.php on line 4
[28-Sep-2023 13:34:10 UTC] PHP Warning:  Undefined property: stdClass::$guests_content in /home/swiftwav/analytics.cyrixx.com/themes/altum/views/partials/announcements.php on line 4
[28-Sep-2023 13:34:10 UTC] PHP Warning:  Undefined property: stdClass::$users_content in /home/swiftwav/analytics.cyrixx.com/themes/altum/views/partials/announcements.php on line 4
[28-Sep-2023 13:34:15 UTC] PHP Warning:  Undefined property: stdClass::$guests_content in /home/swiftwav/analytics.cyrixx.com/themes/altum/views/partials/announcements.php on line 4
[28-Sep-2023 13:34:15 UTC] PHP Warning:  Undefined property: stdClass::$users_content in /home/swiftwav/analytics.cyrixx.com/themes/altum/views/partials/announcements.php on line 4
[28-Sep-2023 13:34:15 UTC] PHP Warning:  Undefined property: stdClass::$guests_content in /home/swiftwav/analytics.cyrixx.com/themes/altum/views/partials/announcements.php on line 4
[28-Sep-2023 13:34:15 UTC] PHP Warning:  Undefined property: stdClass::$users_content in /home/swiftwav/analytics.cyrixx.com/themes/altum/views/partials/announcements.php on line 4
[28-Sep-2023 13:34:16 UTC] PHP Warning:  Undefined property: stdClass::$guests_content in /home/swiftwav/analytics.cyrixx.com/themes/altum/views/partials/announcements.php on line 4
[28-Sep-2023 13:34:16 UTC] PHP Warning:  Undefined property: stdClass::$users_content in /home/swiftwav/analytics.cyrixx.com/themes/altum/views/partials/announcements.php on line 4
[28-Sep-2023 13:35:28 UTC] PHP Warning:  Undefined property: stdClass::$guests_content in /home/swiftwav/analytics.cyrixx.com/themes/altum/views/partials/announcements.php on line 4
[28-Sep-2023 13:35:28 UTC] PHP Warning:  Undefined property: stdClass::$users_content in /home/swiftwav/analytics.cyrixx.com/themes/altum/views/partials/announcements.php on line 4
[28-Sep-2023 13:46:26 UTC] PHP Warning:  Undefined property: stdClass::$guests_content in /home/swiftwav/analytics.cyrixx.com/themes/altum/views/partials/announcements.php on line 4
[28-Sep-2023 13:46:26 UTC] PHP Warning:  Undefined property: stdClass::$users_content in /home/swiftwav/analytics.cyrixx.com/themes/altum/views/partials/announcements.php on line 4
[28-Sep-2023 13:46:29 UTC] PHP Warning:  Undefined property: stdClass::$guests_content in /home/swiftwav/analytics.cyrixx.com/themes/altum/views/partials/announcements.php on line 4
[28-Sep-2023 13:46:29 UTC] PHP Warning:  Undefined property: stdClass::$users_content in /home/swiftwav/analytics.cyrixx.com/themes/altum/views/partials/announcements.php on line 4
[28-Sep-2023 13:46:53 UTC] PHP Deprecated:  explode(): Passing null to parameter #2 ($string) of type string is deprecated in /home/swiftwav/analytics.cyrixx.com/app/controllers/PixelTrack.php on line 94
[28-Sep-2023 13:46:54 UTC] PHP Deprecated:  explode(): Passing null to parameter #2 ($string) of type string is deprecated in /home/swiftwav/analytics.cyrixx.com/app/controllers/PixelTrack.php on line 94
[28-Sep-2023 13:46:54 UTC] PHP Deprecated:  explode(): Passing null to parameter #2 ($string) of type string is deprecated in /home/swiftwav/analytics.cyrixx.com/app/controllers/PixelTrack.php on line 94
[28-Sep-2023 13:46:55 UTC] PHP Deprecated:  explode(): Passing null to parameter #2 ($string) of type string is deprecated in /home/swiftwav/analytics.cyrixx.com/app/controllers/PixelTrack.php on line 94
[28-Sep-2023 13:47:01 UTC] PHP Deprecated:  explode(): Passing null to parameter #2 ($string) of type string is deprecated in /home/swiftwav/analytics.cyrixx.com/app/controllers/PixelTrack.php on line 94
[28-Sep-2023 13:47:03 UTC] PHP Deprecated:  explode(): Passing null to parameter #2 ($string) of type string is deprecated in /home/swiftwav/analytics.cyrixx.com/app/controllers/PixelTrack.php on line 94
[28-Sep-2023 13:47:06 UTC] PHP Deprecated:  explode(): Passing null to parameter #2 ($string) of type string is deprecated in /home/swiftwav/analytics.cyrixx.com/app/controllers/PixelTrack.php on line 94
[28-Sep-2023 13:47:06 UTC] PHP Deprecated:  explode(): Passing null to parameter #2 ($string) of type string is deprecated in /home/swiftwav/analytics.cyrixx.com/app/controllers/PixelTrack.php on line 94
[28-Sep-2023 13:47:07 UTC] PHP Deprecated:  explode(): Passing null to parameter #2 ($string) of type string is deprecated in /home/swiftwav/analytics.cyrixx.com/app/controllers/PixelTrack.php on line 94
[28-Sep-2023 13:47:08 UTC] PHP Deprecated:  explode(): Passing null to parameter #2 ($string) of type string is deprecated in /home/swiftwav/analytics.cyrixx.com/app/controllers/PixelTrack.php on line 94
[28-Sep-2023 13:47:09 UTC] PHP Deprecated:  explode(): Passing null to parameter #2 ($string) of type string is deprecated in /home/swiftwav/analytics.cyrixx.com/app/controllers/PixelTrack.php on line 94
[28-Sep-2023 13:47:10 UTC] PHP Deprecated:  explode(): Passing null to parameter #2 ($string) of type string is deprecated in /home/swiftwav/analytics.cyrixx.com/app/controllers/PixelTrack.php on line 94
[28-Sep-2023 13:47:10 UTC] PHP Deprecated:  explode(): Passing null to parameter #2 ($string) of type string is deprecated in /home/swiftwav/analytics.cyrixx.com/app/controllers/PixelTrack.php on line 94
[28-Sep-2023 13:47:11 UTC] PHP Deprecated:  explode(): Passing null to parameter #2 ($string) of type string is deprecated in /home/swiftwav/analytics.cyrixx.com/app/controllers/PixelTrack.php on line 94
[28-Sep-2023 13:47:12 UTC] PHP Warning:  Undefined property: stdClass::$guests_content in /home/swiftwav/analytics.cyrixx.com/themes/altum/views/partials/announcements.php on line 4
[28-Sep-2023 13:47:12 UTC] PHP Warning:  Undefined property: stdClass::$users_content in /home/swiftwav/analytics.cyrixx.com/themes/altum/views/partials/announcements.php on line 4
[28-Sep-2023 13:47:13 UTC] PHP Deprecated:  explode(): Passing null to parameter #2 ($string) of type string is deprecated in /home/swiftwav/analytics.cyrixx.com/app/controllers/PixelTrack.php on line 94
[28-Sep-2023 13:47:13 UTC] PHP Deprecated:  explode(): Passing null to parameter #2 ($string) of type string is deprecated in /home/swiftwav/analytics.cyrixx.com/app/controllers/PixelTrack.php on line 94
[28-Sep-2023 13:47:13 UTC] PHP Deprecated:  explode(): Passing null to parameter #2 ($string) of type string is deprecated in /home/swiftwav/analytics.cyrixx.com/app/controllers/PixelTrack.php on line 94
[28-Sep-2023 13:47:14 UTC] PHP Warning:  Undefined property: stdClass::$guests_content in /home/swiftwav/analytics.cyrixx.com/themes/altum/views/partials/announcements.php on line 4
[28-Sep-2023 13:47:14 UTC] PHP Warning:  Undefined property: stdClass::$users_content in /home/swiftwav/analytics.cyrixx.com/themes/altum/views/partials/announcements.php on line 4
[28-Sep-2023 13:47:19 UTC] PHP Deprecated:  explode(): Passing null to parameter #2 ($string) of type string is deprecated in /home/swiftwav/analytics.cyrixx.com/app/controllers/PixelTrack.php on line 94
[28-Sep-2023 13:47:19 UTC] PHP Deprecated:  explode(): Passing null to parameter #2 ($string) of type string is deprecated in /home/swiftwav/analytics.cyrixx.com/app/controllers/PixelTrack.php on line 94
[28-Sep-2023 13:47:25 UTC] PHP Deprecated:  explode(): Passing null to parameter #2 ($string) of type string is deprecated in /home/swiftwav/analytics.cyrixx.com/app/controllers/PixelTrack.php on line 94
[28-Sep-2023 13:47:26 UTC] PHP Deprecated:  explode(): Passing null to parameter #2 ($string) of type string is deprecated in /home/swiftwav/analytics.cyrixx.com/app/controllers/PixelTrack.php on line 94
[28-Sep-2023 13:47:34 UTC] PHP Deprecated:  explode(): Passing null to parameter #2 ($string) of type string is deprecated in /home/swiftwav/analytics.cyrixx.com/app/controllers/PixelTrack.php on line 94
[28-Sep-2023 13:47:42 UTC] PHP Deprecated:  explode(): Passing null to parameter #2 ($string) of type string is deprecated in /home/swiftwav/analytics.cyrixx.com/app/controllers/PixelTrack.php on line 94
[28-Sep-2023 13:47:43 UTC] PHP Deprecated:  explode(): Passing null to parameter #2 ($string) of type string is deprecated in /home/swiftwav/analytics.cyrixx.com/app/controllers/PixelTrack.php on line 94
[28-Sep-2023 13:47:43 UTC] PHP Deprecated:  explode(): Passing null to parameter #2 ($string) of type string is deprecated in /home/swiftwav/analytics.cyrixx.com/app/controllers/PixelTrack.php on line 94
[28-Sep-2023 13:47:45 UTC] PHP Deprecated:  explode(): Passing null to parameter #2 ($string) of type string is deprecated in /home/swiftwav/analytics.cyrixx.com/app/controllers/PixelTrack.php on line 94
[28-Sep-2023 13:47:45 UTC] PHP Deprecated:  explode(): Passing null to parameter #2 ($string) of type string is deprecated in /home/swiftwav/analytics.cyrixx.com/app/controllers/PixelTrack.php on line 94
[28-Sep-2023 13:47:46 UTC] PHP Deprecated:  explode(): Passing null to parameter #2 ($string) of type string is deprecated in /home/swiftwav/analytics.cyrixx.com/app/controllers/PixelTrack.php on line 94
[28-Sep-2023 13:47:49 UTC] PHP Warning:  Undefined property: stdClass::$guests_content in /home/swiftwav/analytics.cyrixx.com/themes/altum/views/partials/announcements.php on line 4
[28-Sep-2023 13:47:49 UTC] PHP Warning:  Undefined property: stdClass::$users_content in /home/swiftwav/analytics.cyrixx.com/themes/altum/views/partials/announcements.php on line 4
[28-Sep-2023 13:47:50 UTC] PHP Warning:  Undefined property: stdClass::$guests_content in /home/swiftwav/analytics.cyrixx.com/themes/altum/views/partials/announcements.php on line 4
[28-Sep-2023 13:47:50 UTC] PHP Warning:  Undefined property: stdClass::$users_content in /home/swiftwav/analytics.cyrixx.com/themes/altum/views/partials/announcements.php on line 4
[28-Sep-2023 13:47:51 UTC] PHP Deprecated:  explode(): Passing null to parameter #2 ($string) of type string is deprecated in /home/swiftwav/analytics.cyrixx.com/app/controllers/PixelTrack.php on line 94
[28-Sep-2023 13:47:58 UTC] PHP Deprecated:  explode(): Passing null to parameter #2 ($string) of type string is deprecated in /home/swiftwav/analytics.cyrixx.com/app/controllers/PixelTrack.php on line 94
[28-Sep-2023 13:47:59 UTC] PHP Deprecated:  explode(): Passing null to parameter #2 ($string) of type string is deprecated in /home/swiftwav/analytics.cyrixx.com/app/controllers/PixelTrack.php on line 94
[28-Sep-2023 14:10:21 UTC] PHP Deprecated:  explode(): Passing null to parameter #2 ($string) of type string is deprecated in /home/swiftwav/analytics.cyrixx.com/app/controllers/PixelTrack.php on line 94
[28-Sep-2023 14:10:22 UTC] PHP Deprecated:  explode(): Passing null to parameter #2 ($string) of type string is deprecated in /home/swiftwav/analytics.cyrixx.com/app/controllers/PixelTrack.php on line 94
[28-Sep-2023 14:10:23 UTC] PHP Deprecated:  explode(): Passing null to parameter #2 ($string) of type string is deprecated in /home/swiftwav/analytics.cyrixx.com/app/controllers/PixelTrack.php on line 94
[28-Sep-2023 14:10:24 UTC] PHP Deprecated:  explode(): Passing null to parameter #2 ($string) of type string is deprecated in /home/swiftwav/analytics.cyrixx.com/app/controllers/PixelTrack.php on line 94
[28-Sep-2023 14:10:24 UTC] PHP Deprecated:  explode(): Passing null to parameter #2 ($string) of type string is deprecated in /home/swiftwav/analytics.cyrixx.com/app/controllers/PixelTrack.php on line 94
[28-Sep-2023 14:10:26 UTC] PHP Deprecated:  explode(): Passing null to parameter #2 ($string) of type string is deprecated in /home/swiftwav/analytics.cyrixx.com/app/controllers/PixelTrack.php on line 94
[28-Sep-2023 14:10:26 UTC] PHP Deprecated:  explode(): Passing null to parameter #2 ($string) of type string is deprecated in /home/swiftwav/analytics.cyrixx.com/app/controllers/PixelTrack.php on line 94
[28-Sep-2023 14:10:28 UTC] PHP Deprecated:  explode(): Passing null to parameter #2 ($string) of type string is deprecated in /home/swiftwav/analytics.cyrixx.com/app/controllers/PixelTrack.php on line 94
[28-Sep-2023 14:10:28 UTC] PHP Deprecated:  explode(): Passing null to parameter #2 ($string) of type string is deprecated in /home/swiftwav/analytics.cyrixx.com/app/controllers/PixelTrack.php on line 94
[28-Sep-2023 14:10:29 UTC] PHP Deprecated:  explode(): Passing null to parameter #2 ($string) of type string is deprecated in /home/swiftwav/analytics.cyrixx.com/app/controllers/PixelTrack.php on line 94
[28-Sep-2023 14:10:29 UTC] PHP Deprecated:  explode(): Passing null to parameter #2 ($string) of type string is deprecated in /home/swiftwav/analytics.cyrixx.com/app/controllers/PixelTrack.php on line 94
[28-Sep-2023 14:10:30 UTC] PHP Deprecated:  explode(): Passing null to parameter #2 ($string) of type string is deprecated in /home/swiftwav/analytics.cyrixx.com/app/controllers/PixelTrack.php on line 94
[28-Sep-2023 14:10:36 UTC] PHP Warning:  Undefined property: stdClass::$guests_content in /home/swiftwav/analytics.cyrixx.com/themes/altum/views/partials/announcements.php on line 4
[28-Sep-2023 14:10:36 UTC] PHP Warning:  Undefined property: stdClass::$users_content in /home/swiftwav/analytics.cyrixx.com/themes/altum/views/partials/announcements.php on line 4
[28-Sep-2023 14:10:37 UTC] PHP Warning:  Undefined property: stdClass::$guests_content in /home/swiftwav/analytics.cyrixx.com/themes/altum/views/partials/announcements.php on line 4
[28-Sep-2023 14:10:37 UTC] PHP Warning:  Undefined property: stdClass::$users_content in /home/swiftwav/analytics.cyrixx.com/themes/altum/views/partials/announcements.php on line 4
[28-Sep-2023 15:11:14 UTC] PHP Deprecated:  explode(): Passing null to parameter #2 ($string) of type string is deprecated in /home/swiftwav/analytics.cyrixx.com/app/controllers/PixelTrack.php on line 94
[28-Sep-2023 15:11:19 UTC] PHP Deprecated:  explode(): Passing null to parameter #2 ($string) of type string is deprecated in /home/swiftwav/analytics.cyrixx.com/app/controllers/PixelTrack.php on line 94
[28-Sep-2023 15:11:20 UTC] PHP Deprecated:  explode(): Passing null to parameter #2 ($string) of type string is deprecated in /home/swiftwav/analytics.cyrixx.com/app/controllers/PixelTrack.php on line 94
[28-Sep-2023 15:11:21 UTC] PHP Deprecated:  explode(): Passing null to parameter #2 ($string) of type string is deprecated in /home/swiftwav/analytics.cyrixx.com/app/controllers/PixelTrack.php on line 94
[28-Sep-2023 15:11:22 UTC] PHP Deprecated:  explode(): Passing null to parameter #2 ($string) of type string is deprecated in /home/swiftwav/analytics.cyrixx.com/app/controllers/PixelTrack.php on line 94
[28-Sep-2023 15:11:23 UTC] PHP Deprecated:  explode(): Passing null to parameter #2 ($string) of type string is deprecated in /home/swiftwav/analytics.cyrixx.com/app/controllers/PixelTrack.php on line 94
[28-Sep-2023 15:11:24 UTC] PHP Deprecated:  explode(): Passing null to parameter #2 ($string) of type string is deprecated in /home/swiftwav/analytics.cyrixx.com/app/controllers/PixelTrack.php on line 94
[28-Sep-2023 15:11:25 UTC] PHP Deprecated:  explode(): Passing null to parameter #2 ($string) of type string is deprecated in /home/swiftwav/analytics.cyrixx.com/app/controllers/PixelTrack.php on line 94
[28-Sep-2023 15:11:26 UTC] PHP Deprecated:  explode(): Passing null to parameter #2 ($string) of type string is deprecated in /home/swiftwav/analytics.cyrixx.com/app/controllers/PixelTrack.php on line 94
[28-Sep-2023 15:11:28 UTC] PHP Deprecated:  explode(): Passing null to parameter #2 ($string) of type string is deprecated in /home/swiftwav/analytics.cyrixx.com/app/controllers/PixelTrack.php on line 94
[28-Sep-2023 15:11:29 UTC] PHP Deprecated:  explode(): Passing null to parameter #2 ($string) of type string is deprecated in /home/swiftwav/analytics.cyrixx.com/app/controllers/PixelTrack.php on line 94
[28-Sep-2023 15:11:29 UTC] PHP Deprecated:  explode(): Passing null to parameter #2 ($string) of type string is deprecated in /home/swiftwav/analytics.cyrixx.com/app/controllers/PixelTrack.php on line 94
[28-Sep-2023 15:11:30 UTC] PHP Deprecated:  explode(): Passing null to parameter #2 ($string) of type string is deprecated in /home/swiftwav/analytics.cyrixx.com/app/controllers/PixelTrack.php on line 94
[28-Sep-2023 15:11:30 UTC] PHP Deprecated:  explode(): Passing null to parameter #2 ($string) of type string is deprecated in /home/swiftwav/analytics.cyrixx.com/app/controllers/PixelTrack.php on line 94
[28-Sep-2023 15:11:31 UTC] PHP Deprecated:  explode(): Passing null to parameter #2 ($string) of type string is deprecated in /home/swiftwav/analytics.cyrixx.com/app/controllers/PixelTrack.php on line 94
[28-Sep-2023 15:11:32 UTC] PHP Deprecated:  explode(): Passing null to parameter #2 ($string) of type string is deprecated in /home/swiftwav/analytics.cyrixx.com/app/controllers/PixelTrack.php on line 94
[28-Sep-2023 15:11:33 UTC] PHP Deprecated:  explode(): Passing null to parameter #2 ($string) of type string is deprecated in /home/swiftwav/analytics.cyrixx.com/app/controllers/PixelTrack.php on line 94
[28-Sep-2023 16:34:36 UTC] PHP Deprecated:  explode(): Passing null to parameter #2 ($string) of type string is deprecated in /home/swiftwav/analytics.cyrixx.com/app/controllers/PixelTrack.php on line 94
[28-Sep-2023 16:34:36 UTC] PHP Deprecated:  explode(): Passing null to parameter #2 ($string) of type string is deprecated in /home/swiftwav/analytics.cyrixx.com/app/controllers/PixelTrack.php on line 94
[28-Sep-2023 16:34:36 UTC] PHP Deprecated:  explode(): Passing null to parameter #2 ($string) of type string is deprecated in /home/swiftwav/analytics.cyrixx.com/app/controllers/PixelTrack.php on line 94
[28-Sep-2023 16:34:36 UTC] PHP Deprecated:  explode(): Passing null to parameter #2 ($string) of type string is deprecated in /home/swiftwav/analytics.cyrixx.com/app/controllers/PixelTrack.php on line 94
[28-Sep-2023 16:34:37 UTC] PHP Deprecated:  explode(): Passing null to parameter #2 ($string) of type string is deprecated in /home/swiftwav/analytics.cyrixx.com/app/controllers/PixelTrack.php on line 94
[28-Sep-2023 16:34:38 UTC] PHP Deprecated:  explode(): Passing null to parameter #2 ($string) of type string is deprecated in /home/swiftwav/analytics.cyrixx.com/app/controllers/PixelTrack.php on line 94
[28-Sep-2023 16:34:40 UTC] PHP Deprecated:  explode(): Passing null to parameter #2 ($string) of type string is deprecated in /home/swiftwav/analytics.cyrixx.com/app/controllers/PixelTrack.php on line 94
[28-Sep-2023 16:34:41 UTC] PHP Deprecated:  explode(): Passing null to parameter #2 ($string) of type string is deprecated in /home/swiftwav/analytics.cyrixx.com/app/controllers/PixelTrack.php on line 94
[28-Sep-2023 16:34:50 UTC] PHP Deprecated:  explode(): Passing null to parameter #2 ($string) of type string is deprecated in /home/swiftwav/analytics.cyrixx.com/app/controllers/PixelTrack.php on line 94
[28-Sep-2023 16:34:52 UTC] PHP Deprecated:  explode(): Passing null to parameter #2 ($string) of type string is deprecated in /home/swiftwav/analytics.cyrixx.com/app/controllers/PixelTrack.php on line 94
[28-Sep-2023 16:34:53 UTC] PHP Deprecated:  explode(): Passing null to parameter #2 ($string) of type string is deprecated in /home/swiftwav/analytics.cyrixx.com/app/controllers/PixelTrack.php on line 94
[28-Sep-2023 16:34:59 UTC] PHP Deprecated:  explode(): Passing null to parameter #2 ($string) of type string is deprecated in /home/swiftwav/analytics.cyrixx.com/app/controllers/PixelTrack.php on line 94
[28-Sep-2023 16:35:10 UTC] PHP Deprecated:  explode(): Passing null to parameter #2 ($string) of type string is deprecated in /home/swiftwav/analytics.cyrixx.com/app/controllers/PixelTrack.php on line 94
[28-Sep-2023 16:35:17 UTC] PHP Deprecated:  explode(): Passing null to parameter #2 ($string) of type string is deprecated in /home/swiftwav/analytics.cyrixx.com/app/controllers/PixelTrack.php on line 94
[28-Sep-2023 16:35:25 UTC] PHP Deprecated:  explode(): Passing null to parameter #2 ($string) of type string is deprecated in /home/swiftwav/analytics.cyrixx.com/app/controllers/PixelTrack.php on line 94
[28-Sep-2023 16:35:32 UTC] PHP Deprecated:  explode(): Passing null to parameter #2 ($string) of type string is deprecated in /home/swiftwav/analytics.cyrixx.com/app/controllers/PixelTrack.php on line 94
[28-Sep-2023 16:35:37 UTC] PHP Deprecated:  explode(): Passing null to parameter #2 ($string) of type string is deprecated in /home/swiftwav/analytics.cyrixx.com/app/controllers/PixelTrack.php on line 94
[28-Sep-2023 16:35:41 UTC] PHP Deprecated:  explode(): Passing null to parameter #2 ($string) of type string is deprecated in /home/swiftwav/analytics.cyrixx.com/app/controllers/PixelTrack.php on line 94
[28-Sep-2023 16:35:48 UTC] PHP Deprecated:  explode(): Passing null to parameter #2 ($string) of type string is deprecated in /home/swiftwav/analytics.cyrixx.com/app/controllers/PixelTrack.php on line 94
[28-Sep-2023 16:35:50 UTC] PHP Deprecated:  explode(): Passing null to parameter #2 ($string) of type string is deprecated in /home/swiftwav/analytics.cyrixx.com/app/controllers/PixelTrack.php on line 94
[28-Sep-2023 16:35:53 UTC] PHP Deprecated:  explode(): Passing null to parameter #2 ($string) of type string is deprecated in /home/swiftwav/analytics.cyrixx.com/app/controllers/PixelTrack.php on line 94
[28-Sep-2023 16:35:58 UTC] PHP Deprecated:  explode(): Passing null to parameter #2 ($string) of type string is deprecated in /home/swiftwav/analytics.cyrixx.com/app/controllers/PixelTrack.php on line 94
[28-Sep-2023 16:35:58 UTC] PHP Deprecated:  explode(): Passing null to parameter #2 ($string) of type string is deprecated in /home/swiftwav/analytics.cyrixx.com/app/controllers/PixelTrack.php on line 94
[28-Sep-2023 16:36:03 UTC] PHP Deprecated:  explode(): Passing null to parameter #2 ($string) of type string is deprecated in /home/swiftwav/analytics.cyrixx.com/app/controllers/PixelTrack.php on line 94
[28-Sep-2023 16:36:10 UTC] PHP Deprecated:  explode(): Passing null to parameter #2 ($string) of type string is deprecated in /home/swiftwav/analytics.cyrixx.com/app/controllers/PixelTrack.php on line 94
[28-Sep-2023 16:36:11 UTC] PHP Deprecated:  explode(): Passing null to parameter #2 ($string) of type string is deprecated in /home/swiftwav/analytics.cyrixx.com/app/controllers/PixelTrack.php on line 94
[28-Sep-2023 16:36:14 UTC] PHP Deprecated:  explode(): Passing null to parameter #2 ($string) of type string is deprecated in /home/swiftwav/analytics.cyrixx.com/app/controllers/PixelTrack.php on line 94
[28-Sep-2023 16:36:15 UTC] PHP Deprecated:  explode(): Passing null to parameter #2 ($string) of type string is deprecated in /home/swiftwav/analytics.cyrixx.com/app/controllers/PixelTrack.php on line 94
[28-Sep-2023 16:36:20 UTC] PHP Deprecated:  explode(): Passing null to parameter #2 ($string) of type string is deprecated in /home/swiftwav/analytics.cyrixx.com/app/controllers/PixelTrack.php on line 94
[28-Sep-2023 16:36:20 UTC] PHP Deprecated:  explode(): Passing null to parameter #2 ($string) of type string is deprecated in /home/swiftwav/analytics.cyrixx.com/app/controllers/PixelTrack.php on line 94
[28-Sep-2023 16:36:22 UTC] PHP Deprecated:  explode(): Passing null to parameter #2 ($string) of type string is deprecated in /home/swiftwav/analytics.cyrixx.com/app/controllers/PixelTrack.php on line 94
[28-Sep-2023 16:36:24 UTC] PHP Deprecated:  explode(): Passing null to parameter #2 ($string) of type string is deprecated in /home/swiftwav/analytics.cyrixx.com/app/controllers/PixelTrack.php on line 94
[28-Sep-2023 16:36:24 UTC] PHP Deprecated:  explode(): Passing null to parameter #2 ($string) of type string is deprecated in /home/swiftwav/analytics.cyrixx.com/app/controllers/PixelTrack.php on line 94
[28-Sep-2023 16:36:25 UTC] PHP Deprecated:  explode(): Passing null to parameter #2 ($string) of type string is deprecated in /home/swiftwav/analytics.cyrixx.com/app/controllers/PixelTrack.php on line 94
[28-Sep-2023 16:36:25 UTC] PHP Deprecated:  explode(): Passing null to parameter #2 ($string) of type string is deprecated in /home/swiftwav/analytics.cyrixx.com/app/controllers/PixelTrack.php on line 94
[28-Sep-2023 16:36:26 UTC] PHP Deprecated:  explode(): Passing null to parameter #2 ($string) of type string is deprecated in /home/swiftwav/analytics.cyrixx.com/app/controllers/PixelTrack.php on line 94
[28-Sep-2023 16:36:26 UTC] PHP Deprecated:  explode(): Passing null to parameter #2 ($string) of type string is deprecated in /home/swiftwav/analytics.cyrixx.com/app/controllers/PixelTrack.php on line 94
[28-Sep-2023 16:36:27 UTC] PHP Deprecated:  explode(): Passing null to parameter #2 ($string) of type string is deprecated in /home/swiftwav/analytics.cyrixx.com/app/controllers/PixelTrack.php on line 94
[28-Sep-2023 16:36:27 UTC] PHP Deprecated:  explode(): Passing null to parameter #2 ($string) of type string is deprecated in /home/swiftwav/analytics.cyrixx.com/app/controllers/PixelTrack.php on line 94
[28-Sep-2023 16:36:28 UTC] PHP Deprecated:  explode(): Passing null to parameter #2 ($string) of type string is deprecated in /home/swiftwav/analytics.cyrixx.com/app/controllers/PixelTrack.php on line 94
[28-Sep-2023 16:36:28 UTC] PHP Deprecated:  explode(): Passing null to parameter #2 ($string) of type string is deprecated in /home/swiftwav/analytics.cyrixx.com/app/controllers/PixelTrack.php on line 94
[28-Sep-2023 16:36:29 UTC] PHP Deprecated:  explode(): Passing null to parameter #2 ($string) of type string is deprecated in /home/swiftwav/analytics.cyrixx.com/app/controllers/PixelTrack.php on line 94
[28-Sep-2023 16:36:29 UTC] PHP Deprecated:  explode(): Passing null to parameter #2 ($string) of type string is deprecated in /home/swiftwav/analytics.cyrixx.com/app/controllers/PixelTrack.php on line 94
[28-Sep-2023 16:36:29 UTC] PHP Deprecated:  explode(): Passing null to parameter #2 ($string) of type string is deprecated in /home/swiftwav/analytics.cyrixx.com/app/controllers/PixelTrack.php on line 94
[28-Sep-2023 16:36:30 UTC] PHP Deprecated:  explode(): Passing null to parameter #2 ($string) of type string is deprecated in /home/swiftwav/analytics.cyrixx.com/app/controllers/PixelTrack.php on line 94
[28-Sep-2023 16:36:31 UTC] PHP Deprecated:  explode(): Passing null to parameter #2 ($string) of type string is deprecated in /home/swiftwav/analytics.cyrixx.com/app/controllers/PixelTrack.php on line 94
[28-Sep-2023 16:36:32 UTC] PHP Deprecated:  explode(): Passing null to parameter #2 ($string) of type string is deprecated in /home/swiftwav/analytics.cyrixx.com/app/controllers/PixelTrack.php on line 94
[28-Sep-2023 16:36:32 UTC] PHP Deprecated:  explode(): Passing null to parameter #2 ($string) of type string is deprecated in /home/swiftwav/analytics.cyrixx.com/app/controllers/PixelTrack.php on line 94
[28-Sep-2023 16:36:33 UTC] PHP Deprecated:  explode(): Passing null to parameter #2 ($string) of type string is deprecated in /home/swiftwav/analytics.cyrixx.com/app/controllers/PixelTrack.php on line 94
[28-Sep-2023 16:36:33 UTC] PHP Deprecated:  explode(): Passing null to parameter #2 ($string) of type string is deprecated in /home/swiftwav/analytics.cyrixx.com/app/controllers/PixelTrack.php on line 94
[28-Sep-2023 16:36:34 UTC] PHP Deprecated:  explode(): Passing null to parameter #2 ($string) of type string is deprecated in /home/swiftwav/analytics.cyrixx.com/app/controllers/PixelTrack.php on line 94
[28-Sep-2023 16:36:34 UTC] PHP Deprecated:  explode(): Passing null to parameter #2 ($string) of type string is deprecated in /home/swiftwav/analytics.cyrixx.com/app/controllers/PixelTrack.php on line 94
[28-Sep-2023 16:36:35 UTC] PHP Deprecated:  explode(): Passing null to parameter #2 ($string) of type string is deprecated in /home/swiftwav/analytics.cyrixx.com/app/controllers/PixelTrack.php on line 94
[28-Sep-2023 16:36:35 UTC] PHP Deprecated:  explode(): Passing null to parameter #2 ($string) of type string is deprecated in /home/swiftwav/analytics.cyrixx.com/app/controllers/PixelTrack.php on line 94
[28-Sep-2023 16:36:35 UTC] PHP Deprecated:  explode(): Passing null to parameter #2 ($string) of type string is deprecated in /home/swiftwav/analytics.cyrixx.com/app/controllers/PixelTrack.php on line 94
[28-Sep-2023 16:36:35 UTC] PHP Deprecated:  explode(): Passing null to parameter #2 ($string) of type string is deprecated in /home/swiftwav/analytics.cyrixx.com/app/controllers/PixelTrack.php on line 94
[28-Sep-2023 16:36:38 UTC] PHP Deprecated:  explode(): Passing null to parameter #2 ($string) of type string is deprecated in /home/swiftwav/analytics.cyrixx.com/app/controllers/PixelTrack.php on line 94
[28-Sep-2023 16:36:38 UTC] PHP Deprecated:  explode(): Passing null to parameter #2 ($string) of type string is deprecated in /home/swiftwav/analytics.cyrixx.com/app/controllers/PixelTrack.php on line 94
[28-Sep-2023 16:36:39 UTC] PHP Deprecated:  explode(): Passing null to parameter #2 ($string) of type string is deprecated in /home/swiftwav/analytics.cyrixx.com/app/controllers/PixelTrack.php on line 94
[28-Sep-2023 16:36:40 UTC] PHP Deprecated:  explode(): Passing null to parameter #2 ($string) of type string is deprecated in /home/swiftwav/analytics.cyrixx.com/app/controllers/PixelTrack.php on line 94
[28-Sep-2023 16:36:40 UTC] PHP Deprecated:  explode(): Passing null to parameter #2 ($string) of type string is deprecated in /home/swiftwav/analytics.cyrixx.com/app/controllers/PixelTrack.php on line 94
[28-Sep-2023 16:36:41 UTC] PHP Deprecated:  explode(): Passing null to parameter #2 ($string) of type string is deprecated in /home/swiftwav/analytics.cyrixx.com/app/controllers/PixelTrack.php on line 94
[28-Sep-2023 16:36:41 UTC] PHP Deprecated:  explode(): Passing null to parameter #2 ($string) of type string is deprecated in /home/swiftwav/analytics.cyrixx.com/app/controllers/PixelTrack.php on line 94
[28-Sep-2023 16:36:42 UTC] PHP Deprecated:  explode(): Passing null to parameter #2 ($string) of type string is deprecated in /home/swiftwav/analytics.cyrixx.com/app/controllers/PixelTrack.php on line 94
[28-Sep-2023 16:36:44 UTC] PHP Deprecated:  explode(): Passing null to parameter #2 ($string) of type string is deprecated in /home/swiftwav/analytics.cyrixx.com/app/controllers/PixelTrack.php on line 94
[28-Sep-2023 16:36:44 UTC] PHP Deprecated:  explode(): Passing null to parameter #2 ($string) of type string is deprecated in /home/swiftwav/analytics.cyrixx.com/app/controllers/PixelTrack.php on line 94
[28-Sep-2023 16:36:45 UTC] PHP Deprecated:  explode(): Passing null to parameter #2 ($string) of type string is deprecated in /home/swiftwav/analytics.cyrixx.com/app/controllers/PixelTrack.php on line 94
[28-Sep-2023 16:36:45 UTC] PHP Deprecated:  explode(): Passing null to parameter #2 ($string) of type string is deprecated in /home/swiftwav/analytics.cyrixx.com/app/controllers/PixelTrack.php on line 94
[28-Sep-2023 16:36:46 UTC] PHP Deprecated:  explode(): Passing null to parameter #2 ($string) of type string is deprecated in /home/swiftwav/analytics.cyrixx.com/app/controllers/PixelTrack.php on line 94
[28-Sep-2023 16:36:46 UTC] PHP Deprecated:  explode(): Passing null to parameter #2 ($string) of type string is deprecated in /home/swiftwav/analytics.cyrixx.com/app/controllers/PixelTrack.php on line 94
[28-Sep-2023 16:36:47 UTC] PHP Deprecated:  explode(): Passing null to parameter #2 ($string) of type string is deprecated in /home/swiftwav/analytics.cyrixx.com/app/controllers/PixelTrack.php on line 94
[28-Sep-2023 16:36:47 UTC] PHP Deprecated:  explode(): Passing null to parameter #2 ($string) of type string is deprecated in /home/swiftwav/analytics.cyrixx.com/app/controllers/PixelTrack.php on line 94
[28-Sep-2023 16:36:48 UTC] PHP Deprecated:  explode(): Passing null to parameter #2 ($string) of type string is deprecated in /home/swiftwav/analytics.cyrixx.com/app/controllers/PixelTrack.php on line 94
[28-Sep-2023 16:36:49 UTC] PHP Deprecated:  explode(): Passing null to parameter #2 ($string) of type string is deprecated in /home/swiftwav/analytics.cyrixx.com/app/controllers/PixelTrack.php on line 94
[28-Sep-2023 16:36:50 UTC] PHP Deprecated:  explode(): Passing null to parameter #2 ($string) of type string is deprecated in /home/swiftwav/analytics.cyrixx.com/app/controllers/PixelTrack.php on line 94
[28-Sep-2023 16:36:50 UTC] PHP Deprecated:  explode(): Passing null to parameter #2 ($string) of type string is deprecated in /home/swiftwav/analytics.cyrixx.com/app/controllers/PixelTrack.php on line 94
[28-Sep-2023 16:36:50 UTC] PHP Deprecated:  explode(): Passing null to parameter #2 ($string) of type string is deprecated in /home/swiftwav/analytics.cyrixx.com/app/controllers/PixelTrack.php on line 94
[28-Sep-2023 16:36:51 UTC] PHP Deprecated:  explode(): Passing null to parameter #2 ($string) of type string is deprecated in /home/swiftwav/analytics.cyrixx.com/app/controllers/PixelTrack.php on line 94
[28-Sep-2023 16:36:51 UTC] PHP Deprecated:  explode(): Passing null to parameter #2 ($string) of type string is deprecated in /home/swiftwav/analytics.cyrixx.com/app/controllers/PixelTrack.php on line 94
[28-Sep-2023 16:36:52 UTC] PHP Deprecated:  explode(): Passing null to parameter #2 ($string) of type string is deprecated in /home/swiftwav/analytics.cyrixx.com/app/controllers/PixelTrack.php on line 94
[28-Sep-2023 16:36:53 UTC] PHP Deprecated:  explode(): Passing null to parameter #2 ($string) of type string is deprecated in /home/swiftwav/analytics.cyrixx.com/app/controllers/PixelTrack.php on line 94
[28-Sep-2023 16:36:53 UTC] PHP Deprecated:  explode(): Passing null to parameter #2 ($string) of type string is deprecated in /home/swiftwav/analytics.cyrixx.com/app/controllers/PixelTrack.php on line 94
[28-Sep-2023 16:36:53 UTC] PHP Deprecated:  explode(): Passing null to parameter #2 ($string) of type string is deprecated in /home/swiftwav/analytics.cyrixx.com/app/controllers/PixelTrack.php on line 94
[28-Sep-2023 16:36:54 UTC] PHP Deprecated:  explode(): Passing null to parameter #2 ($string) of type string is deprecated in /home/swiftwav/analytics.cyrixx.com/app/controllers/PixelTrack.php on line 94
[28-Sep-2023 16:36:54 UTC] PHP Deprecated:  explode(): Passing null to parameter #2 ($string) of type string is deprecated in /home/swiftwav/analytics.cyrixx.com/app/controllers/PixelTrack.php on line 94
[28-Sep-2023 16:36:54 UTC] PHP Deprecated:  explode(): Passing null to parameter #2 ($string) of type string is deprecated in /home/swiftwav/analytics.cyrixx.com/app/controllers/PixelTrack.php on line 94
[28-Sep-2023 16:36:54 UTC] PHP Deprecated:  explode(): Passing null to parameter #2 ($string) of type string is deprecated in /home/swiftwav/analytics.cyrixx.com/app/controllers/PixelTrack.php on line 94
[28-Sep-2023 16:36:55 UTC] PHP Deprecated:  explode(): Passing null to parameter #2 ($string) of type string is deprecated in /home/swiftwav/analytics.cyrixx.com/app/controllers/PixelTrack.php on line 94
[28-Sep-2023 16:36:56 UTC] PHP Deprecated:  explode(): Passing null to parameter #2 ($string) of type string is deprecated in /home/swiftwav/analytics.cyrixx.com/app/controllers/PixelTrack.php on line 94
[28-Sep-2023 16:36:56 UTC] PHP Deprecated:  explode(): Passing null to parameter #2 ($string) of type string is deprecated in /home/swiftwav/analytics.cyrixx.com/app/controllers/PixelTrack.php on line 94
[28-Sep-2023 16:36:56 UTC] PHP Deprecated:  explode(): Passing null to parameter #2 ($string) of type string is deprecated in /home/swiftwav/analytics.cyrixx.com/app/controllers/PixelTrack.php on line 94
[28-Sep-2023 16:36:57 UTC] PHP Deprecated:  explode(): Passing null to parameter #2 ($string) of type string is deprecated in /home/swiftwav/analytics.cyrixx.com/app/controllers/PixelTrack.php on line 94
[28-Sep-2023 16:36:57 UTC] PHP Deprecated:  explode(): Passing null to parameter #2 ($string) of type string is deprecated in /home/swiftwav/analytics.cyrixx.com/app/controllers/PixelTrack.php on line 94
[28-Sep-2023 16:36:57 UTC] PHP Deprecated:  explode(): Passing null to parameter #2 ($string) of type string is deprecated in /home/swiftwav/analytics.cyrixx.com/app/controllers/PixelTrack.php on line 94
[28-Sep-2023 16:36:57 UTC] PHP Deprecated:  explode(): Passing null to parameter #2 ($string) of type string is deprecated in /home/swiftwav/analytics.cyrixx.com/app/controllers/PixelTrack.php on line 94
[28-Sep-2023 16:36:58 UTC] PHP Deprecated:  explode(): Passing null to parameter #2 ($string) of type string is deprecated in /home/swiftwav/analytics.cyrixx.com/app/controllers/PixelTrack.php on line 94
[28-Sep-2023 16:36:59 UTC] PHP Deprecated:  explode(): Passing null to parameter #2 ($string) of type string is deprecated in /home/swiftwav/analytics.cyrixx.com/app/controllers/PixelTrack.php on line 94
[28-Sep-2023 16:36:59 UTC] PHP Deprecated:  explode(): Passing null to parameter #2 ($string) of type string is deprecated in /home/swiftwav/analytics.cyrixx.com/app/controllers/PixelTrack.php on line 94
[28-Sep-2023 16:36:59 UTC] PHP Deprecated:  explode(): Passing null to parameter #2 ($string) of type string is deprecated in /home/swiftwav/analytics.cyrixx.com/app/controllers/PixelTrack.php on line 94
[28-Sep-2023 16:36:59 UTC] PHP Deprecated:  explode(): Passing null to parameter #2 ($string) of type string is deprecated in /home/swiftwav/analytics.cyrixx.com/app/controllers/PixelTrack.php on line 94
[28-Sep-2023 16:36:59 UTC] PHP Deprecated:  explode(): Passing null to parameter #2 ($string) of type string is deprecated in /home/swiftwav/analytics.cyrixx.com/app/controllers/PixelTrack.php on line 94
[28-Sep-2023 16:37:00 UTC] PHP Deprecated:  explode(): Passing null to parameter #2 ($string) of type string is deprecated in /home/swiftwav/analytics.cyrixx.com/app/controllers/PixelTrack.php on line 94
[28-Sep-2023 16:37:00 UTC] PHP Deprecated:  explode(): Passing null to parameter #2 ($string) of type string is deprecated in /home/swiftwav/analytics.cyrixx.com/app/controllers/PixelTrack.php on line 94
[28-Sep-2023 16:37:00 UTC] PHP Deprecated:  explode(): Passing null to parameter #2 ($string) of type string is deprecated in /home/swiftwav/analytics.cyrixx.com/app/controllers/PixelTrack.php on line 94
[28-Sep-2023 16:37:00 UTC] PHP Deprecated:  explode(): Passing null to parameter #2 ($string) of type string is deprecated in /home/swiftwav/analytics.cyrixx.com/app/controllers/PixelTrack.php on line 94
[28-Sep-2023 16:37:01 UTC] PHP Deprecated:  explode(): Passing null to parameter #2 ($string) of type string is deprecated in /home/swiftwav/analytics.cyrixx.com/app/controllers/PixelTrack.php on line 94
[28-Sep-2023 16:37:01 UTC] PHP Deprecated:  explode(): Passing null to parameter #2 ($string) of type string is deprecated in /home/swiftwav/analytics.cyrixx.com/app/controllers/PixelTrack.php on line 94
[28-Sep-2023 16:37:01 UTC] PHP Deprecated:  explode(): Passing null to parameter #2 ($string) of type string is deprecated in /home/swiftwav/analytics.cyrixx.com/app/controllers/PixelTrack.php on line 94
[28-Sep-2023 16:37:02 UTC] PHP Deprecated:  explode(): Passing null to parameter #2 ($string) of type string is deprecated in /home/swiftwav/analytics.cyrixx.com/app/controllers/PixelTrack.php on line 94
[28-Sep-2023 16:37:02 UTC] PHP Deprecated:  explode(): Passing null to parameter #2 ($string) of type string is deprecated in /home/swiftwav/analytics.cyrixx.com/app/controllers/PixelTrack.php on line 94
[28-Sep-2023 16:37:02 UTC] PHP Deprecated:  explode(): Passing null to parameter #2 ($string) of type string is deprecated in /home/swiftwav/analytics.cyrixx.com/app/controllers/PixelTrack.php on line 94
[28-Sep-2023 16:37:03 UTC] PHP Deprecated:  explode(): Passing null to parameter #2 ($string) of type string is deprecated in /home/swiftwav/analytics.cyrixx.com/app/controllers/PixelTrack.php on line 94
[28-Sep-2023 16:37:03 UTC] PHP Deprecated:  explode(): Passing null to parameter #2 ($string) of type string is deprecated in /home/swiftwav/analytics.cyrixx.com/app/controllers/PixelTrack.php on line 94
[28-Sep-2023 16:37:04 UTC] PHP Deprecated:  explode(): Passing null to parameter #2 ($string) of type string is deprecated in /home/swiftwav/analytics.cyrixx.com/app/controllers/PixelTrack.php on line 94
[28-Sep-2023 16:37:04 UTC] PHP Deprecated:  explode(): Passing null to parameter #2 ($string) of type string is deprecated in /home/swiftwav/analytics.cyrixx.com/app/controllers/PixelTrack.php on line 94
[28-Sep-2023 16:37:04 UTC] PHP Deprecated:  explode(): Passing null to parameter #2 ($string) of type string is deprecated in /home/swiftwav/analytics.cyrixx.com/app/controllers/PixelTrack.php on line 94
[28-Sep-2023 16:37:04 UTC] PHP Deprecated:  explode(): Passing null to parameter #2 ($string) of type string is deprecated in /home/swiftwav/analytics.cyrixx.com/app/controllers/PixelTrack.php on line 94
[28-Sep-2023 16:37:04 UTC] PHP Deprecated:  explode(): Passing null to parameter #2 ($string) of type string is deprecated in /home/swiftwav/analytics.cyrixx.com/app/controllers/PixelTrack.php on line 94
[28-Sep-2023 16:37:04 UTC] PHP Deprecated:  explode(): Passing null to parameter #2 ($string) of type string is deprecated in /home/swiftwav/analytics.cyrixx.com/app/controllers/PixelTrack.php on line 94
[28-Sep-2023 16:37:04 UTC] PHP Deprecated:  explode(): Passing null to parameter #2 ($string) of type string is deprecated in /home/swiftwav/analytics.cyrixx.com/app/controllers/PixelTrack.php on line 94
[28-Sep-2023 16:37:04 UTC] PHP Deprecated:  explode(): Passing null to parameter #2 ($string) of type string is deprecated in /home/swiftwav/analytics.cyrixx.com/app/controllers/PixelTrack.php on line 94
[28-Sep-2023 16:37:04 UTC] PHP Deprecated:  explode(): Passing null to parameter #2 ($string) of type string is deprecated in /home/swiftwav/analytics.cyrixx.com/app/controllers/PixelTrack.php on line 94
[28-Sep-2023 16:37:04 UTC] PHP Deprecated:  explode(): Passing null to parameter #2 ($string) of type string is deprecated in /home/swiftwav/analytics.cyrixx.com/app/controllers/PixelTrack.php on line 94
[28-Sep-2023 16:59:11 UTC] PHP Deprecated:  explode(): Passing null to parameter #2 ($string) of type string is deprecated in /home/swiftwav/analytics.cyrixx.com/app/controllers/PixelTrack.php on line 94
[28-Sep-2023 16:59:11 UTC] PHP Deprecated:  explode(): Passing null to parameter #2 ($string) of type string is deprecated in /home/swiftwav/analytics.cyrixx.com/app/controllers/PixelTrack.php on line 94
[28-Sep-2023 17:00:17 UTC] PHP Deprecated:  explode(): Passing null to parameter #2 ($string) of type string is deprecated in /home/swiftwav/analytics.cyrixx.com/app/controllers/PixelTrack.php on line 94
[28-Sep-2023 17:00:17 UTC] PHP Deprecated:  explode(): Passing null to parameter #2 ($string) of type string is deprecated in /home/swiftwav/analytics.cyrixx.com/app/controllers/PixelTrack.php on line 94
[28-Sep-2023 17:00:17 UTC] PHP Deprecated:  explode(): Passing null to parameter #2 ($string) of type string is deprecated in /home/swiftwav/analytics.cyrixx.com/app/controllers/PixelTrack.php on line 94
[28-Sep-2023 17:00:27 UTC] PHP Deprecated:  explode(): Passing null to parameter #2 ($string) of type string is deprecated in /home/swiftwav/analytics.cyrixx.com/app/controllers/PixelTrack.php on line 94
[28-Sep-2023 17:00:27 UTC] PHP Deprecated:  explode(): Passing null to parameter #2 ($string) of type string is deprecated in /home/swiftwav/analytics.cyrixx.com/app/controllers/PixelTrack.php on line 94
[28-Sep-2023 17:00:28 UTC] PHP Deprecated:  explode(): Passing null to parameter #2 ($string) of type string is deprecated in /home/swiftwav/analytics.cyrixx.com/app/controllers/PixelTrack.php on line 94
[28-Sep-2023 17:00:30 UTC] PHP Deprecated:  explode(): Passing null to parameter #2 ($string) of type string is deprecated in /home/swiftwav/analytics.cyrixx.com/app/controllers/PixelTrack.php on line 94
[28-Sep-2023 17:00:31 UTC] PHP Deprecated:  explode(): Passing null to parameter #2 ($string) of type string is deprecated in /home/swiftwav/analytics.cyrixx.com/app/controllers/PixelTrack.php on line 94
[28-Sep-2023 17:00:31 UTC] PHP Deprecated:  explode(): Passing null to parameter #2 ($string) of type string is deprecated in /home/swiftwav/analytics.cyrixx.com/app/controllers/PixelTrack.php on line 94
[28-Sep-2023 17:00:32 UTC] PHP Deprecated:  explode(): Passing null to parameter #2 ($string) of type string is deprecated in /home/swiftwav/analytics.cyrixx.com/app/controllers/PixelTrack.php on line 94
[28-Sep-2023 17:00:33 UTC] PHP Deprecated:  explode(): Passing null to parameter #2 ($string) of type string is deprecated in /home/swiftwav/analytics.cyrixx.com/app/controllers/PixelTrack.php on line 94
[28-Sep-2023 17:00:34 UTC] PHP Deprecated:  explode(): Passing null to parameter #2 ($string) of type string is deprecated in /home/swiftwav/analytics.cyrixx.com/app/controllers/PixelTrack.php on line 94
[28-Sep-2023 17:00:35 UTC] PHP Deprecated:  explode(): Passing null to parameter #2 ($string) of type string is deprecated in /home/swiftwav/analytics.cyrixx.com/app/controllers/PixelTrack.php on line 94
[28-Sep-2023 17:01:02 UTC] PHP Deprecated:  explode(): Passing null to parameter #2 ($string) of type string is deprecated in /home/swiftwav/analytics.cyrixx.com/app/controllers/PixelTrack.php on line 94
[28-Sep-2023 17:01:05 UTC] PHP Deprecated:  explode(): Passing null to parameter #2 ($string) of type string is deprecated in /home/swiftwav/analytics.cyrixx.com/app/controllers/PixelTrack.php on line 94
[28-Sep-2023 17:01:24 UTC] PHP Deprecated:  explode(): Passing null to parameter #2 ($string) of type string is deprecated in /home/swiftwav/analytics.cyrixx.com/app/controllers/PixelTrack.php on line 94
[28-Sep-2023 17:01:45 UTC] PHP Deprecated:  explode(): Passing null to parameter #2 ($string) of type string is deprecated in /home/swiftwav/analytics.cyrixx.com/app/controllers/PixelTrack.php on line 94
[28-Sep-2023 17:01:51 UTC] PHP Deprecated:  explode(): Passing null to parameter #2 ($string) of type string is deprecated in /home/swiftwav/analytics.cyrixx.com/app/controllers/PixelTrack.php on line 94
[28-Sep-2023 17:01:56 UTC] PHP Deprecated:  explode(): Passing null to parameter #2 ($string) of type string is deprecated in /home/swiftwav/analytics.cyrixx.com/app/controllers/PixelTrack.php on line 94
[28-Sep-2023 17:02:03 UTC] PHP Deprecated:  explode(): Passing null to parameter #2 ($string) of type string is deprecated in /home/swiftwav/analytics.cyrixx.com/app/controllers/PixelTrack.php on line 94
[28-Sep-2023 17:02:14 UTC] PHP Deprecated:  explode(): Passing null to parameter #2 ($string) of type string is deprecated in /home/swiftwav/analytics.cyrixx.com/app/controllers/PixelTrack.php on line 94
[28-Sep-2023 17:02:14 UTC] PHP Deprecated:  explode(): Passing null to parameter #2 ($string) of type string is deprecated in /home/swiftwav/analytics.cyrixx.com/app/controllers/PixelTrack.php on line 94
[28-Sep-2023 17:02:17 UTC] PHP Deprecated:  explode(): Passing null to parameter #2 ($string) of type string is deprecated in /home/swiftwav/analytics.cyrixx.com/app/controllers/PixelTrack.php on line 94
[28-Sep-2023 17:02:18 UTC] PHP Deprecated:  explode(): Passing null to parameter #2 ($string) of type string is deprecated in /home/swiftwav/analytics.cyrixx.com/app/controllers/PixelTrack.php on line 94
[28-Sep-2023 17:02:20 UTC] PHP Deprecated:  explode(): Passing null to parameter #2 ($string) of type string is deprecated in /home/swiftwav/analytics.cyrixx.com/app/controllers/PixelTrack.php on line 94
[28-Sep-2023 17:02:21 UTC] PHP Deprecated:  explode(): Passing null to parameter #2 ($string) of type string is deprecated in /home/swiftwav/analytics.cyrixx.com/app/controllers/PixelTrack.php on line 94
[28-Sep-2023 17:02:21 UTC] PHP Deprecated:  explode(): Passing null to parameter #2 ($string) of type string is deprecated in /home/swiftwav/analytics.cyrixx.com/app/controllers/PixelTrack.php on line 94
[28-Sep-2023 17:02:23 UTC] PHP Deprecated:  explode(): Passing null to parameter #2 ($string) of type string is deprecated in /home/swiftwav/analytics.cyrixx.com/app/controllers/PixelTrack.php on line 94
[28-Sep-2023 17:02:25 UTC] PHP Deprecated:  explode(): Passing null to parameter #2 ($string) of type string is deprecated in /home/swiftwav/analytics.cyrixx.com/app/controllers/PixelTrack.php on line 94
[28-Sep-2023 17:02:26 UTC] PHP Deprecated:  explode(): Passing null to parameter #2 ($string) of type string is deprecated in /home/swiftwav/analytics.cyrixx.com/app/controllers/PixelTrack.php on line 94
[28-Sep-2023 17:02:26 UTC] PHP Deprecated:  explode(): Passing null to parameter #2 ($string) of type string is deprecated in /home/swiftwav/analytics.cyrixx.com/app/controllers/PixelTrack.php on line 94
[28-Sep-2023 17:02:27 UTC] PHP Deprecated:  explode(): Passing null to parameter #2 ($string) of type string is deprecated in /home/swiftwav/analytics.cyrixx.com/app/controllers/PixelTrack.php on line 94
[28-Sep-2023 17:02:28 UTC] PHP Deprecated:  explode(): Passing null to parameter #2 ($string) of type string is deprecated in /home/swiftwav/analytics.cyrixx.com/app/controllers/PixelTrack.php on line 94
[28-Sep-2023 17:02:28 UTC] PHP Deprecated:  explode(): Passing null to parameter #2 ($string) of type string is deprecated in /home/swiftwav/analytics.cyrixx.com/app/controllers/PixelTrack.php on line 94
[28-Sep-2023 17:02:29 UTC] PHP Deprecated:  explode(): Passing null to parameter #2 ($string) of type string is deprecated in /home/swiftwav/analytics.cyrixx.com/app/controllers/PixelTrack.php on line 94
[28-Sep-2023 17:02:29 UTC] PHP Deprecated:  explode(): Passing null to parameter #2 ($string) of type string is deprecated in /home/swiftwav/analytics.cyrixx.com/app/controllers/PixelTrack.php on line 94
[28-Sep-2023 17:02:30 UTC] PHP Deprecated:  explode(): Passing null to parameter #2 ($string) of type string is deprecated in /home/swiftwav/analytics.cyrixx.com/app/controllers/PixelTrack.php on line 94
[28-Sep-2023 17:02:30 UTC] PHP Deprecated:  explode(): Passing null to parameter #2 ($string) of type string is deprecated in /home/swiftwav/analytics.cyrixx.com/app/controllers/PixelTrack.php on line 94
[28-Sep-2023 17:02:31 UTC] PHP Deprecated:  explode(): Passing null to parameter #2 ($string) of type string is deprecated in /home/swiftwav/analytics.cyrixx.com/app/controllers/PixelTrack.php on line 94
[28-Sep-2023 17:02:31 UTC] PHP Deprecated:  explode(): Passing null to parameter #2 ($string) of type string is deprecated in /home/swiftwav/analytics.cyrixx.com/app/controllers/PixelTrack.php on line 94
[28-Sep-2023 17:02:32 UTC] PHP Deprecated:  explode(): Passing null to parameter #2 ($string) of type string is deprecated in /home/swiftwav/analytics.cyrixx.com/app/controllers/PixelTrack.php on line 94
[28-Sep-2023 17:02:32 UTC] PHP Deprecated:  explode(): Passing null to parameter #2 ($string) of type string is deprecated in /home/swiftwav/analytics.cyrixx.com/app/controllers/PixelTrack.php on line 94
[28-Sep-2023 17:02:33 UTC] PHP Deprecated:  explode(): Passing null to parameter #2 ($string) of type string is deprecated in /home/swiftwav/analytics.cyrixx.com/app/controllers/PixelTrack.php on line 94
[28-Sep-2023 17:02:33 UTC] PHP Deprecated:  explode(): Passing null to parameter #2 ($string) of type string is deprecated in /home/swiftwav/analytics.cyrixx.com/app/controllers/PixelTrack.php on line 94
[28-Sep-2023 17:02:34 UTC] PHP Deprecated:  explode(): Passing null to parameter #2 ($string) of type string is deprecated in /home/swiftwav/analytics.cyrixx.com/app/controllers/PixelTrack.php on line 94
[28-Sep-2023 17:02:34 UTC] PHP Deprecated:  explode(): Passing null to parameter #2 ($string) of type string is deprecated in /home/swiftwav/analytics.cyrixx.com/app/controllers/PixelTrack.php on line 94
[28-Sep-2023 17:02:35 UTC] PHP Deprecated:  explode(): Passing null to parameter #2 ($string) of type string is deprecated in /home/swiftwav/analytics.cyrixx.com/app/controllers/PixelTrack.php on line 94
[28-Sep-2023 17:02:36 UTC] PHP Deprecated:  explode(): Passing null to parameter #2 ($string) of type string is deprecated in /home/swiftwav/analytics.cyrixx.com/app/controllers/PixelTrack.php on line 94
[28-Sep-2023 17:02:36 UTC] PHP Deprecated:  explode(): Passing null to parameter #2 ($string) of type string is deprecated in /home/swiftwav/analytics.cyrixx.com/app/controllers/PixelTrack.php on line 94
[28-Sep-2023 17:02:36 UTC] PHP Deprecated:  explode(): Passing null to parameter #2 ($string) of type string is deprecated in /home/swiftwav/analytics.cyrixx.com/app/controllers/PixelTrack.php on line 94
[28-Sep-2023 17:02:37 UTC] PHP Deprecated:  explode(): Passing null to parameter #2 ($string) of type string is deprecated in /home/swiftwav/analytics.cyrixx.com/app/controllers/PixelTrack.php on line 94
[28-Sep-2023 17:02:37 UTC] PHP Deprecated:  explode(): Passing null to parameter #2 ($string) of type string is deprecated in /home/swiftwav/analytics.cyrixx.com/app/controllers/PixelTrack.php on line 94
[28-Sep-2023 17:02:38 UTC] PHP Deprecated:  explode(): Passing null to parameter #2 ($string) of type string is deprecated in /home/swiftwav/analytics.cyrixx.com/app/controllers/PixelTrack.php on line 94
[28-Sep-2023 17:02:38 UTC] PHP Deprecated:  explode(): Passing null to parameter #2 ($string) of type string is deprecated in /home/swiftwav/analytics.cyrixx.com/app/controllers/PixelTrack.php on line 94
[28-Sep-2023 17:02:38 UTC] PHP Deprecated:  explode(): Passing null to parameter #2 ($string) of type string is deprecated in /home/swiftwav/analytics.cyrixx.com/app/controllers/PixelTrack.php on line 94
[28-Sep-2023 17:02:39 UTC] PHP Deprecated:  explode(): Passing null to parameter #2 ($string) of type string is deprecated in /home/swiftwav/analytics.cyrixx.com/app/controllers/PixelTrack.php on line 94
[28-Sep-2023 17:02:39 UTC] PHP Deprecated:  explode(): Passing null to parameter #2 ($string) of type string is deprecated in /home/swiftwav/analytics.cyrixx.com/app/controllers/PixelTrack.php on line 94
[28-Sep-2023 17:02:39 UTC] PHP Deprecated:  explode(): Passing null to parameter #2 ($string) of type string is deprecated in /home/swiftwav/analytics.cyrixx.com/app/controllers/PixelTrack.php on line 94
[28-Sep-2023 17:02:40 UTC] PHP Deprecated:  explode(): Passing null to parameter #2 ($string) of type string is deprecated in /home/swiftwav/analytics.cyrixx.com/app/controllers/PixelTrack.php on line 94
[28-Sep-2023 17:02:40 UTC] PHP Deprecated:  explode(): Passing null to parameter #2 ($string) of type string is deprecated in /home/swiftwav/analytics.cyrixx.com/app/controllers/PixelTrack.php on line 94
[28-Sep-2023 17:02:40 UTC] PHP Deprecated:  explode(): Passing null to parameter #2 ($string) of type string is deprecated in /home/swiftwav/analytics.cyrixx.com/app/controllers/PixelTrack.php on line 94
[28-Sep-2023 17:02:40 UTC] PHP Deprecated:  explode(): Passing null to parameter #2 ($string) of type string is deprecated in /home/swiftwav/analytics.cyrixx.com/app/controllers/PixelTrack.php on line 94
[28-Sep-2023 17:02:40 UTC] PHP Deprecated:  explode(): Passing null to parameter #2 ($string) of type string is deprecated in /home/swiftwav/analytics.cyrixx.com/app/controllers/PixelTrack.php on line 94
[28-Sep-2023 17:02:41 UTC] PHP Deprecated:  explode(): Passing null to parameter #2 ($string) of type string is deprecated in /home/swiftwav/analytics.cyrixx.com/app/controllers/PixelTrack.php on line 94
[28-Sep-2023 17:02:41 UTC] PHP Deprecated:  explode(): Passing null to parameter #2 ($string) of type string is deprecated in /home/swiftwav/analytics.cyrixx.com/app/controllers/PixelTrack.php on line 94
[28-Sep-2023 17:02:41 UTC] PHP Deprecated:  explode(): Passing null to parameter #2 ($string) of type string is deprecated in /home/swiftwav/analytics.cyrixx.com/app/controllers/PixelTrack.php on line 94
[28-Sep-2023 17:02:41 UTC] PHP Deprecated:  explode(): Passing null to parameter #2 ($string) of type string is deprecated in /home/swiftwav/analytics.cyrixx.com/app/controllers/PixelTrack.php on line 94
[28-Sep-2023 17:02:41 UTC] PHP Deprecated:  explode(): Passing null to parameter #2 ($string) of type string is deprecated in /home/swiftwav/analytics.cyrixx.com/app/controllers/PixelTrack.php on line 94
[28-Sep-2023 17:02:41 UTC] PHP Deprecated:  explode(): Passing null to parameter #2 ($string) of type string is deprecated in /home/swiftwav/analytics.cyrixx.com/app/controllers/PixelTrack.php on line 94
[28-Sep-2023 17:02:41 UTC] PHP Deprecated:  explode(): Passing null to parameter #2 ($string) of type string is deprecated in /home/swiftwav/analytics.cyrixx.com/app/controllers/PixelTrack.php on line 94
[28-Sep-2023 17:02:42 UTC] PHP Deprecated:  explode(): Passing null to parameter #2 ($string) of type string is deprecated in /home/swiftwav/analytics.cyrixx.com/app/controllers/PixelTrack.php on line 94
[28-Sep-2023 17:02:42 UTC] PHP Deprecated:  explode(): Passing null to parameter #2 ($string) of type string is deprecated in /home/swiftwav/analytics.cyrixx.com/app/controllers/PixelTrack.php on line 94
[28-Sep-2023 17:02:42 UTC] PHP Deprecated:  explode(): Passing null to parameter #2 ($string) of type string is deprecated in /home/swiftwav/analytics.cyrixx.com/app/controllers/PixelTrack.php on line 94
[28-Sep-2023 17:02:42 UTC] PHP Deprecated:  explode(): Passing null to parameter #2 ($string) of type string is deprecated in /home/swiftwav/analytics.cyrixx.com/app/controllers/PixelTrack.php on line 94
[28-Sep-2023 17:02:42 UTC] PHP Deprecated:  explode(): Passing null to parameter #2 ($string) of type string is deprecated in /home/swiftwav/analytics.cyrixx.com/app/controllers/PixelTrack.php on line 94
[28-Sep-2023 17:02:42 UTC] PHP Deprecated:  explode(): Passing null to parameter #2 ($string) of type string is deprecated in /home/swiftwav/analytics.cyrixx.com/app/controllers/PixelTrack.php on line 94
[28-Sep-2023 17:02:42 UTC] PHP Deprecated:  explode(): Passing null to parameter #2 ($string) of type string is deprecated in /home/swiftwav/analytics.cyrixx.com/app/controllers/PixelTrack.php on line 94
[28-Sep-2023 17:02:43 UTC] PHP Deprecated:  explode(): Passing null to parameter #2 ($string) of type string is deprecated in /home/swiftwav/analytics.cyrixx.com/app/controllers/PixelTrack.php on line 94
[28-Sep-2023 17:02:43 UTC] PHP Deprecated:  explode(): Passing null to parameter #2 ($string) of type string is deprecated in /home/swiftwav/analytics.cyrixx.com/app/controllers/PixelTrack.php on line 94
[28-Sep-2023 17:02:43 UTC] PHP Deprecated:  explode(): Passing null to parameter #2 ($string) of type string is deprecated in /home/swiftwav/analytics.cyrixx.com/app/controllers/PixelTrack.php on line 94
[28-Sep-2023 17:02:43 UTC] PHP Deprecated:  explode(): Passing null to parameter #2 ($string) of type string is deprecated in /home/swiftwav/analytics.cyrixx.com/app/controllers/PixelTrack.php on line 94
[28-Sep-2023 21:57:04 UTC] PHP Warning:  Undefined property: stdClass::$guests_content in /home/swiftwav/analytics.cyrixx.com/themes/altum/views/partials/announcements.php on line 4
[28-Sep-2023 21:57:04 UTC] PHP Warning:  Undefined property: stdClass::$users_content in /home/swiftwav/analytics.cyrixx.com/themes/altum/views/partials/announcements.php on line 4
