[05-Oct-2023 02:18:09 UTC] PHP Warning:  Undefined property: stdClass::$guests_content in /home/swiftwav/analytics.cyrixx.com/themes/altum/views/partials/announcements.php on line 4
[05-Oct-2023 02:18:09 UTC] PHP Warning:  Undefined property: stdClass::$users_content in /home/swiftwav/analytics.cyrixx.com/themes/altum/views/partials/announcements.php on line 4
[05-Oct-2023 02:29:02 UTC] PHP Warning:  Undefined property: stdClass::$guests_content in /home/swiftwav/analytics.cyrixx.com/themes/altum/views/partials/announcements.php on line 4
[05-Oct-2023 02:29:02 UTC] PHP Warning:  Undefined property: stdClass::$users_content in /home/swiftwav/analytics.cyrixx.com/themes/altum/views/partials/announcements.php on line 4
[05-Oct-2023 02:29:04 UTC] PHP Warning:  Undefined property: stdClass::$guests_content in /home/swiftwav/analytics.cyrixx.com/themes/altum/views/partials/announcements.php on line 4
[05-Oct-2023 02:29:04 UTC] PHP Warning:  Undefined property: stdClass::$users_content in /home/swiftwav/analytics.cyrixx.com/themes/altum/views/partials/announcements.php on line 4
[05-Oct-2023 02:29:10 UTC] PHP Warning:  Attempt to read property "is_enabled" on string in /home/swiftwav/analytics.cyrixx.com/app/controllers/Login.php on line 187
[05-Oct-2023 02:29:10 UTC] PHP Warning:  Undefined property: stdClass::$is_enabled in /home/swiftwav/analytics.cyrixx.com/app/controllers/Login.php on line 229
[05-Oct-2023 02:29:10 UTC] PHP Warning:  Attempt to read property "is_enabled" on string in /home/swiftwav/analytics.cyrixx.com/themes/altum/views/login/index.php on line 81
[05-Oct-2023 02:29:10 UTC] PHP Warning:  Undefined property: stdClass::$is_enabled in /home/swiftwav/analytics.cyrixx.com/themes/altum/views/login/index.php on line 89
[05-Oct-2023 02:29:10 UTC] PHP Warning:  Undefined property: stdClass::$guests_content in /home/swiftwav/analytics.cyrixx.com/themes/altum/views/partials/announcements.php on line 4
[05-Oct-2023 02:29:10 UTC] PHP Warning:  Undefined property: stdClass::$users_content in /home/swiftwav/analytics.cyrixx.com/themes/altum/views/partials/announcements.php on line 4
[05-Oct-2023 02:29:11 UTC] PHP Warning:  Undefined property: stdClass::$guests_content in /home/swiftwav/analytics.cyrixx.com/themes/altum/views/partials/announcements.php on line 4
[05-Oct-2023 02:29:11 UTC] PHP Warning:  Undefined property: stdClass::$users_content in /home/swiftwav/analytics.cyrixx.com/themes/altum/views/partials/announcements.php on line 4
[05-Oct-2023 02:29:24 UTC] PHP Warning:  Attempt to read property "is_enabled" on string in /home/swiftwav/analytics.cyrixx.com/app/controllers/Login.php on line 187
[05-Oct-2023 02:29:24 UTC] PHP Warning:  Undefined property: stdClass::$is_enabled in /home/swiftwav/analytics.cyrixx.com/app/controllers/Login.php on line 229
[05-Oct-2023 02:29:24 UTC] PHP Warning:  Attempt to read property "is_enabled" on string in /home/swiftwav/analytics.cyrixx.com/themes/altum/views/login/index.php on line 81
[05-Oct-2023 02:29:24 UTC] PHP Warning:  Undefined property: stdClass::$is_enabled in /home/swiftwav/analytics.cyrixx.com/themes/altum/views/login/index.php on line 89
[05-Oct-2023 02:29:24 UTC] PHP Warning:  Undefined property: stdClass::$guests_content in /home/swiftwav/analytics.cyrixx.com/themes/altum/views/partials/announcements.php on line 4
[05-Oct-2023 02:29:24 UTC] PHP Warning:  Undefined property: stdClass::$users_content in /home/swiftwav/analytics.cyrixx.com/themes/altum/views/partials/announcements.php on line 4
[05-Oct-2023 02:29:25 UTC] PHP Warning:  Undefined property: stdClass::$guests_content in /home/swiftwav/analytics.cyrixx.com/themes/altum/views/partials/announcements.php on line 4
[05-Oct-2023 02:29:25 UTC] PHP Warning:  Undefined property: stdClass::$users_content in /home/swiftwav/analytics.cyrixx.com/themes/altum/views/partials/announcements.php on line 4
[05-Oct-2023 02:29:41 UTC] PHP Warning:  Attempt to read property "is_enabled" on string in /home/swiftwav/analytics.cyrixx.com/app/controllers/Login.php on line 187
[05-Oct-2023 02:29:41 UTC] PHP Warning:  Undefined property: stdClass::$is_enabled in /home/swiftwav/analytics.cyrixx.com/app/controllers/Login.php on line 229
[05-Oct-2023 02:29:42 UTC] PHP Warning:  Undefined property: stdClass::$guests_content in /home/swiftwav/analytics.cyrixx.com/themes/altum/views/partials/announcements.php on line 4
[05-Oct-2023 02:29:42 UTC] PHP Warning:  Undefined property: stdClass::$users_content in /home/swiftwav/analytics.cyrixx.com/themes/altum/views/partials/announcements.php on line 4
[05-Oct-2023 02:29:42 UTC] PHP Warning:  Undefined property: stdClass::$guests_content in /home/swiftwav/analytics.cyrixx.com/themes/altum/views/partials/announcements.php on line 4
[05-Oct-2023 02:29:42 UTC] PHP Warning:  Undefined property: stdClass::$users_content in /home/swiftwav/analytics.cyrixx.com/themes/altum/views/partials/announcements.php on line 4
[05-Oct-2023 02:29:43 UTC] PHP Warning:  Undefined property: stdClass::$guests_content in /home/swiftwav/analytics.cyrixx.com/themes/altum/views/partials/announcements.php on line 4
[05-Oct-2023 02:29:43 UTC] PHP Warning:  Undefined property: stdClass::$users_content in /home/swiftwav/analytics.cyrixx.com/themes/altum/views/partials/announcements.php on line 4
[05-Oct-2023 02:34:14 UTC] PHP Warning:  Undefined property: stdClass::$guests_content in /home/swiftwav/analytics.cyrixx.com/themes/altum/views/partials/announcements.php on line 4
[05-Oct-2023 02:34:14 UTC] PHP Warning:  Undefined property: stdClass::$users_content in /home/swiftwav/analytics.cyrixx.com/themes/altum/views/partials/announcements.php on line 4
[05-Oct-2023 02:34:15 UTC] PHP Warning:  Undefined property: stdClass::$guests_content in /home/swiftwav/analytics.cyrixx.com/themes/altum/views/partials/announcements.php on line 4
[05-Oct-2023 02:34:15 UTC] PHP Warning:  Undefined property: stdClass::$users_content in /home/swiftwav/analytics.cyrixx.com/themes/altum/views/partials/announcements.php on line 4
[05-Oct-2023 02:35:24 UTC] PHP Warning:  Undefined property: stdClass::$guests_content in /home/swiftwav/analytics.cyrixx.com/themes/altum/views/partials/announcements.php on line 4
[05-Oct-2023 02:35:24 UTC] PHP Warning:  Undefined property: stdClass::$users_content in /home/swiftwav/analytics.cyrixx.com/themes/altum/views/partials/announcements.php on line 4
[05-Oct-2023 03:24:33 UTC] PHP Warning:  Undefined property: stdClass::$guests_content in /home/swiftwav/analytics.cyrixx.com/themes/altum/views/partials/announcements.php on line 4
[05-Oct-2023 03:24:33 UTC] PHP Warning:  Undefined property: stdClass::$users_content in /home/swiftwav/analytics.cyrixx.com/themes/altum/views/partials/announcements.php on line 4
[05-Oct-2023 06:11:55 UTC] PHP Warning:  Undefined property: stdClass::$guests_content in /home/swiftwav/analytics.cyrixx.com/themes/altum/views/partials/announcements.php on line 4
[05-Oct-2023 06:11:55 UTC] PHP Warning:  Undefined property: stdClass::$users_content in /home/swiftwav/analytics.cyrixx.com/themes/altum/views/partials/announcements.php on line 4
[05-Oct-2023 06:12:06 UTC] PHP Warning:  Attempt to read property "is_enabled" on string in /home/swiftwav/analytics.cyrixx.com/app/controllers/Login.php on line 187
[05-Oct-2023 06:12:06 UTC] PHP Warning:  Undefined property: stdClass::$is_enabled in /home/swiftwav/analytics.cyrixx.com/app/controllers/Login.php on line 229
[05-Oct-2023 06:12:06 UTC] PHP Warning:  Attempt to read property "is_enabled" on string in /home/swiftwav/analytics.cyrixx.com/themes/altum/views/login/index.php on line 81
[05-Oct-2023 06:12:06 UTC] PHP Warning:  Undefined property: stdClass::$is_enabled in /home/swiftwav/analytics.cyrixx.com/themes/altum/views/login/index.php on line 89
[05-Oct-2023 06:12:06 UTC] PHP Warning:  Undefined property: stdClass::$guests_content in /home/swiftwav/analytics.cyrixx.com/themes/altum/views/partials/announcements.php on line 4
[05-Oct-2023 06:12:06 UTC] PHP Warning:  Undefined property: stdClass::$users_content in /home/swiftwav/analytics.cyrixx.com/themes/altum/views/partials/announcements.php on line 4
[05-Oct-2023 06:12:41 UTC] PHP Warning:  Attempt to read property "is_enabled" on string in /home/swiftwav/analytics.cyrixx.com/app/controllers/Login.php on line 187
[05-Oct-2023 06:12:41 UTC] PHP Warning:  Undefined property: stdClass::$is_enabled in /home/swiftwav/analytics.cyrixx.com/app/controllers/Login.php on line 229
[05-Oct-2023 06:12:41 UTC] PHP Warning:  Attempt to read property "is_enabled" on string in /home/swiftwav/analytics.cyrixx.com/themes/altum/views/login/index.php on line 81
[05-Oct-2023 06:12:41 UTC] PHP Warning:  Undefined property: stdClass::$is_enabled in /home/swiftwav/analytics.cyrixx.com/themes/altum/views/login/index.php on line 89
[05-Oct-2023 06:12:41 UTC] PHP Warning:  Undefined property: stdClass::$guests_content in /home/swiftwav/analytics.cyrixx.com/themes/altum/views/partials/announcements.php on line 4
[05-Oct-2023 06:12:41 UTC] PHP Warning:  Undefined property: stdClass::$users_content in /home/swiftwav/analytics.cyrixx.com/themes/altum/views/partials/announcements.php on line 4
[05-Oct-2023 06:13:06 UTC] PHP Warning:  Attempt to read property "is_enabled" on string in /home/swiftwav/analytics.cyrixx.com/app/controllers/Login.php on line 187
[05-Oct-2023 06:13:06 UTC] PHP Warning:  Undefined property: stdClass::$is_enabled in /home/swiftwav/analytics.cyrixx.com/app/controllers/Login.php on line 229
[05-Oct-2023 06:13:07 UTC] PHP Warning:  Undefined property: stdClass::$guests_content in /home/swiftwav/analytics.cyrixx.com/themes/altum/views/partials/announcements.php on line 4
[05-Oct-2023 06:13:07 UTC] PHP Warning:  Undefined property: stdClass::$users_content in /home/swiftwav/analytics.cyrixx.com/themes/altum/views/partials/announcements.php on line 4
[05-Oct-2023 08:19:19 UTC] PHP Warning:  Undefined property: stdClass::$guests_content in /home/swiftwav/analytics.cyrixx.com/themes/altum/views/partials/announcements.php on line 4
[05-Oct-2023 08:19:19 UTC] PHP Warning:  Undefined property: stdClass::$users_content in /home/swiftwav/analytics.cyrixx.com/themes/altum/views/partials/announcements.php on line 4
[05-Oct-2023 08:19:20 UTC] PHP Warning:  Undefined property: stdClass::$guests_content in /home/swiftwav/analytics.cyrixx.com/themes/altum/views/partials/announcements.php on line 4
[05-Oct-2023 08:19:20 UTC] PHP Warning:  Undefined property: stdClass::$users_content in /home/swiftwav/analytics.cyrixx.com/themes/altum/views/partials/announcements.php on line 4
[05-Oct-2023 08:19:24 UTC] PHP Warning:  Undefined property: stdClass::$guests_content in /home/swiftwav/analytics.cyrixx.com/themes/altum/views/partials/announcements.php on line 4
[05-Oct-2023 08:19:24 UTC] PHP Warning:  Undefined property: stdClass::$users_content in /home/swiftwav/analytics.cyrixx.com/themes/altum/views/partials/announcements.php on line 4
[05-Oct-2023 08:19:25 UTC] PHP Warning:  Undefined property: stdClass::$guests_content in /home/swiftwav/analytics.cyrixx.com/themes/altum/views/partials/announcements.php on line 4
[05-Oct-2023 08:19:25 UTC] PHP Warning:  Undefined property: stdClass::$users_content in /home/swiftwav/analytics.cyrixx.com/themes/altum/views/partials/announcements.php on line 4
[05-Oct-2023 08:19:59 UTC] PHP Warning:  Undefined property: stdClass::$guests_content in /home/swiftwav/analytics.cyrixx.com/themes/altum/views/partials/announcements.php on line 4
[05-Oct-2023 08:19:59 UTC] PHP Warning:  Undefined property: stdClass::$users_content in /home/swiftwav/analytics.cyrixx.com/themes/altum/views/partials/announcements.php on line 4
[05-Oct-2023 13:05:08 UTC] PHP Deprecated:  explode(): Passing null to parameter #2 ($string) of type string is deprecated in /home/swiftwav/analytics.cyrixx.com/app/controllers/PixelTrack.php on line 94
[05-Oct-2023 13:05:09 UTC] PHP Deprecated:  explode(): Passing null to parameter #2 ($string) of type string is deprecated in /home/swiftwav/analytics.cyrixx.com/app/controllers/PixelTrack.php on line 94
[05-Oct-2023 13:05:15 UTC] PHP Deprecated:  explode(): Passing null to parameter #2 ($string) of type string is deprecated in /home/swiftwav/analytics.cyrixx.com/app/controllers/PixelTrack.php on line 94
[05-Oct-2023 13:05:17 UTC] PHP Deprecated:  explode(): Passing null to parameter #2 ($string) of type string is deprecated in /home/swiftwav/analytics.cyrixx.com/app/controllers/PixelTrack.php on line 94
[05-Oct-2023 13:05:18 UTC] PHP Deprecated:  explode(): Passing null to parameter #2 ($string) of type string is deprecated in /home/swiftwav/analytics.cyrixx.com/app/controllers/PixelTrack.php on line 94
[05-Oct-2023 13:05:19 UTC] PHP Deprecated:  explode(): Passing null to parameter #2 ($string) of type string is deprecated in /home/swiftwav/analytics.cyrixx.com/app/controllers/PixelTrack.php on line 94
[05-Oct-2023 13:05:19 UTC] PHP Deprecated:  explode(): Passing null to parameter #2 ($string) of type string is deprecated in /home/swiftwav/analytics.cyrixx.com/app/controllers/PixelTrack.php on line 94
[05-Oct-2023 13:05:20 UTC] PHP Deprecated:  explode(): Passing null to parameter #2 ($string) of type string is deprecated in /home/swiftwav/analytics.cyrixx.com/app/controllers/PixelTrack.php on line 94
[05-Oct-2023 13:05:21 UTC] PHP Deprecated:  explode(): Passing null to parameter #2 ($string) of type string is deprecated in /home/swiftwav/analytics.cyrixx.com/app/controllers/PixelTrack.php on line 94
[05-Oct-2023 13:05:22 UTC] PHP Deprecated:  explode(): Passing null to parameter #2 ($string) of type string is deprecated in /home/swiftwav/analytics.cyrixx.com/app/controllers/PixelTrack.php on line 94
[05-Oct-2023 13:05:28 UTC] PHP Deprecated:  explode(): Passing null to parameter #2 ($string) of type string is deprecated in /home/swiftwav/analytics.cyrixx.com/app/controllers/PixelTrack.php on line 94
[05-Oct-2023 13:05:30 UTC] PHP Deprecated:  explode(): Passing null to parameter #2 ($string) of type string is deprecated in /home/swiftwav/analytics.cyrixx.com/app/controllers/PixelTrack.php on line 94
[05-Oct-2023 13:05:39 UTC] PHP Deprecated:  explode(): Passing null to parameter #2 ($string) of type string is deprecated in /home/swiftwav/analytics.cyrixx.com/app/controllers/PixelTrack.php on line 94
[05-Oct-2023 13:05:41 UTC] PHP Deprecated:  explode(): Passing null to parameter #2 ($string) of type string is deprecated in /home/swiftwav/analytics.cyrixx.com/app/controllers/PixelTrack.php on line 94
[05-Oct-2023 13:05:42 UTC] PHP Deprecated:  explode(): Passing null to parameter #2 ($string) of type string is deprecated in /home/swiftwav/analytics.cyrixx.com/app/controllers/PixelTrack.php on line 94
[05-Oct-2023 13:05:48 UTC] PHP Deprecated:  explode(): Passing null to parameter #2 ($string) of type string is deprecated in /home/swiftwav/analytics.cyrixx.com/app/controllers/PixelTrack.php on line 94
[05-Oct-2023 13:06:04 UTC] PHP Deprecated:  explode(): Passing null to parameter #2 ($string) of type string is deprecated in /home/swiftwav/analytics.cyrixx.com/app/controllers/PixelTrack.php on line 94
[05-Oct-2023 13:06:33 UTC] PHP Warning:  Undefined property: stdClass::$guests_content in /home/swiftwav/analytics.cyrixx.com/themes/altum/views/partials/announcements.php on line 4
[05-Oct-2023 13:06:33 UTC] PHP Warning:  Undefined property: stdClass::$users_content in /home/swiftwav/analytics.cyrixx.com/themes/altum/views/partials/announcements.php on line 4
[05-Oct-2023 13:06:38 UTC] PHP Warning:  Undefined property: stdClass::$guests_content in /home/swiftwav/analytics.cyrixx.com/themes/altum/views/partials/announcements.php on line 4
[05-Oct-2023 13:06:38 UTC] PHP Warning:  Undefined property: stdClass::$users_content in /home/swiftwav/analytics.cyrixx.com/themes/altum/views/partials/announcements.php on line 4
[05-Oct-2023 13:06:45 UTC] PHP Warning:  Undefined property: stdClass::$guests_content in /home/swiftwav/analytics.cyrixx.com/themes/altum/views/partials/announcements.php on line 4
[05-Oct-2023 13:06:45 UTC] PHP Warning:  Undefined property: stdClass::$users_content in /home/swiftwav/analytics.cyrixx.com/themes/altum/views/partials/announcements.php on line 4
[05-Oct-2023 13:06:47 UTC] PHP Warning:  Undefined property: stdClass::$guests_content in /home/swiftwav/analytics.cyrixx.com/themes/altum/views/partials/announcements.php on line 4
[05-Oct-2023 13:06:47 UTC] PHP Warning:  Undefined property: stdClass::$users_content in /home/swiftwav/analytics.cyrixx.com/themes/altum/views/partials/announcements.php on line 4
[05-Oct-2023 13:32:15 UTC] PHP Deprecated:  explode(): Passing null to parameter #2 ($string) of type string is deprecated in /home/swiftwav/analytics.cyrixx.com/app/controllers/PixelTrack.php on line 94
[05-Oct-2023 13:32:17 UTC] PHP Deprecated:  explode(): Passing null to parameter #2 ($string) of type string is deprecated in /home/swiftwav/analytics.cyrixx.com/app/controllers/PixelTrack.php on line 94
[05-Oct-2023 13:32:17 UTC] PHP Deprecated:  explode(): Passing null to parameter #2 ($string) of type string is deprecated in /home/swiftwav/analytics.cyrixx.com/app/controllers/PixelTrack.php on line 94
[05-Oct-2023 13:32:21 UTC] PHP Deprecated:  explode(): Passing null to parameter #2 ($string) of type string is deprecated in /home/swiftwav/analytics.cyrixx.com/app/controllers/PixelTrack.php on line 94
[05-Oct-2023 13:32:23 UTC] PHP Deprecated:  explode(): Passing null to parameter #2 ($string) of type string is deprecated in /home/swiftwav/analytics.cyrixx.com/app/controllers/PixelTrack.php on line 94
[05-Oct-2023 13:32:24 UTC] PHP Deprecated:  explode(): Passing null to parameter #2 ($string) of type string is deprecated in /home/swiftwav/analytics.cyrixx.com/app/controllers/PixelTrack.php on line 94
[05-Oct-2023 13:32:31 UTC] PHP Deprecated:  explode(): Passing null to parameter #2 ($string) of type string is deprecated in /home/swiftwav/analytics.cyrixx.com/app/controllers/PixelTrack.php on line 94
[05-Oct-2023 13:32:31 UTC] PHP Deprecated:  explode(): Passing null to parameter #2 ($string) of type string is deprecated in /home/swiftwav/analytics.cyrixx.com/app/controllers/PixelTrack.php on line 94
[05-Oct-2023 13:32:31 UTC] PHP Deprecated:  explode(): Passing null to parameter #2 ($string) of type string is deprecated in /home/swiftwav/analytics.cyrixx.com/app/controllers/PixelTrack.php on line 94
[05-Oct-2023 13:36:51 UTC] PHP Deprecated:  explode(): Passing null to parameter #2 ($string) of type string is deprecated in /home/swiftwav/analytics.cyrixx.com/app/controllers/PixelTrack.php on line 94
[05-Oct-2023 13:36:52 UTC] PHP Deprecated:  explode(): Passing null to parameter #2 ($string) of type string is deprecated in /home/swiftwav/analytics.cyrixx.com/app/controllers/PixelTrack.php on line 94
[05-Oct-2023 13:36:56 UTC] PHP Deprecated:  explode(): Passing null to parameter #2 ($string) of type string is deprecated in /home/swiftwav/analytics.cyrixx.com/app/controllers/PixelTrack.php on line 94
[05-Oct-2023 13:36:56 UTC] PHP Deprecated:  explode(): Passing null to parameter #2 ($string) of type string is deprecated in /home/swiftwav/analytics.cyrixx.com/app/controllers/PixelTrack.php on line 94
[05-Oct-2023 13:36:58 UTC] PHP Deprecated:  explode(): Passing null to parameter #2 ($string) of type string is deprecated in /home/swiftwav/analytics.cyrixx.com/app/controllers/PixelTrack.php on line 94
[05-Oct-2023 13:36:58 UTC] PHP Deprecated:  explode(): Passing null to parameter #2 ($string) of type string is deprecated in /home/swiftwav/analytics.cyrixx.com/app/controllers/PixelTrack.php on line 94
[05-Oct-2023 13:36:59 UTC] PHP Deprecated:  explode(): Passing null to parameter #2 ($string) of type string is deprecated in /home/swiftwav/analytics.cyrixx.com/app/controllers/PixelTrack.php on line 94
[05-Oct-2023 13:37:00 UTC] PHP Deprecated:  explode(): Passing null to parameter #2 ($string) of type string is deprecated in /home/swiftwav/analytics.cyrixx.com/app/controllers/PixelTrack.php on line 94
[05-Oct-2023 13:37:03 UTC] PHP Deprecated:  explode(): Passing null to parameter #2 ($string) of type string is deprecated in /home/swiftwav/analytics.cyrixx.com/app/controllers/PixelTrack.php on line 94
[05-Oct-2023 13:37:03 UTC] PHP Deprecated:  explode(): Passing null to parameter #2 ($string) of type string is deprecated in /home/swiftwav/analytics.cyrixx.com/app/controllers/PixelTrack.php on line 94
[05-Oct-2023 13:37:03 UTC] PHP Deprecated:  explode(): Passing null to parameter #2 ($string) of type string is deprecated in /home/swiftwav/analytics.cyrixx.com/app/controllers/PixelTrack.php on line 94
[05-Oct-2023 13:56:33 UTC] PHP Deprecated:  explode(): Passing null to parameter #2 ($string) of type string is deprecated in /home/swiftwav/analytics.cyrixx.com/app/controllers/PixelTrack.php on line 94
[05-Oct-2023 13:56:36 UTC] PHP Deprecated:  explode(): Passing null to parameter #2 ($string) of type string is deprecated in /home/swiftwav/analytics.cyrixx.com/app/controllers/PixelTrack.php on line 94
[05-Oct-2023 14:23:37 UTC] PHP Warning:  Undefined property: stdClass::$guests_content in /home/swiftwav/analytics.cyrixx.com/themes/altum/views/partials/announcements.php on line 4
[05-Oct-2023 14:23:37 UTC] PHP Warning:  Undefined property: stdClass::$users_content in /home/swiftwav/analytics.cyrixx.com/themes/altum/views/partials/announcements.php on line 4
[05-Oct-2023 15:31:19 UTC] PHP Warning:  Undefined property: stdClass::$guests_content in /home/swiftwav/analytics.cyrixx.com/themes/altum/views/partials/announcements.php on line 4
[05-Oct-2023 15:31:19 UTC] PHP Warning:  Undefined property: stdClass::$users_content in /home/swiftwav/analytics.cyrixx.com/themes/altum/views/partials/announcements.php on line 4
[05-Oct-2023 15:31:19 UTC] PHP Warning:  Undefined property: stdClass::$guests_content in /home/swiftwav/analytics.cyrixx.com/themes/altum/views/partials/announcements.php on line 4
[05-Oct-2023 15:31:19 UTC] PHP Warning:  Undefined property: stdClass::$users_content in /home/swiftwav/analytics.cyrixx.com/themes/altum/views/partials/announcements.php on line 4
[05-Oct-2023 15:31:21 UTC] PHP Warning:  Undefined property: stdClass::$guests_content in /home/swiftwav/analytics.cyrixx.com/themes/altum/views/partials/announcements.php on line 4
[05-Oct-2023 15:31:21 UTC] PHP Warning:  Undefined property: stdClass::$users_content in /home/swiftwav/analytics.cyrixx.com/themes/altum/views/partials/announcements.php on line 4
[05-Oct-2023 15:39:03 UTC] PHP Warning:  Undefined property: stdClass::$guests_content in /home/swiftwav/analytics.cyrixx.com/themes/altum/views/partials/announcements.php on line 4
[05-Oct-2023 15:39:03 UTC] PHP Warning:  Undefined property: stdClass::$users_content in /home/swiftwav/analytics.cyrixx.com/themes/altum/views/partials/announcements.php on line 4
[05-Oct-2023 19:28:29 UTC] PHP Warning:  Undefined property: stdClass::$guests_content in /home/swiftwav/analytics.cyrixx.com/themes/altum/views/partials/announcements.php on line 4
[05-Oct-2023 19:28:29 UTC] PHP Warning:  Undefined property: stdClass::$users_content in /home/swiftwav/analytics.cyrixx.com/themes/altum/views/partials/announcements.php on line 4
[05-Oct-2023 21:54:49 UTC] PHP Warning:  Undefined property: stdClass::$guests_content in /home/swiftwav/analytics.cyrixx.com/themes/altum/views/partials/announcements.php on line 4
[05-Oct-2023 21:54:49 UTC] PHP Warning:  Undefined property: stdClass::$users_content in /home/swiftwav/analytics.cyrixx.com/themes/altum/views/partials/announcements.php on line 4
[05-Oct-2023 21:56:21 UTC] PHP Warning:  Undefined property: stdClass::$guests_content in /home/swiftwav/analytics.cyrixx.com/themes/altum/views/partials/announcements.php on line 4
[05-Oct-2023 21:56:21 UTC] PHP Warning:  Undefined property: stdClass::$users_content in /home/swiftwav/analytics.cyrixx.com/themes/altum/views/partials/announcements.php on line 4
