[25-Sep-2023 02:44:45 UTC] PHP Warning:  Undefined property: stdClass::$guests_content in /home/swiftwav/analytics.cyrixx.com/themes/altum/views/partials/announcements.php on line 4
[25-Sep-2023 02:44:45 UTC] PHP Warning:  Undefined property: stdClass::$users_content in /home/swiftwav/analytics.cyrixx.com/themes/altum/views/partials/announcements.php on line 4
[25-Sep-2023 05:01:02 UTC] PHP Deprecated:  explode(): Passing null to parameter #2 ($string) of type string is deprecated in /home/swiftwav/analytics.cyrixx.com/app/controllers/PixelTrack.php on line 94
[25-Sep-2023 05:01:05 UTC] PHP Deprecated:  explode(): Passing null to parameter #2 ($string) of type string is deprecated in /home/swiftwav/analytics.cyrixx.com/app/controllers/PixelTrack.php on line 94
[25-Sep-2023 05:01:06 UTC] PHP Deprecated:  explode(): Passing null to parameter #2 ($string) of type string is deprecated in /home/swiftwav/analytics.cyrixx.com/app/controllers/PixelTrack.php on line 94
[25-Sep-2023 05:01:06 UTC] PHP Deprecated:  explode(): Passing null to parameter #2 ($string) of type string is deprecated in /home/swiftwav/analytics.cyrixx.com/app/controllers/PixelTrack.php on line 94
[25-Sep-2023 05:01:07 UTC] PHP Deprecated:  explode(): Passing null to parameter #2 ($string) of type string is deprecated in /home/swiftwav/analytics.cyrixx.com/app/controllers/PixelTrack.php on line 94
[25-Sep-2023 05:01:08 UTC] PHP Deprecated:  explode(): Passing null to parameter #2 ($string) of type string is deprecated in /home/swiftwav/analytics.cyrixx.com/app/controllers/PixelTrack.php on line 94
[25-Sep-2023 05:01:08 UTC] PHP Deprecated:  explode(): Passing null to parameter #2 ($string) of type string is deprecated in /home/swiftwav/analytics.cyrixx.com/app/controllers/PixelTrack.php on line 94
[25-Sep-2023 05:01:11 UTC] PHP Deprecated:  explode(): Passing null to parameter #2 ($string) of type string is deprecated in /home/swiftwav/analytics.cyrixx.com/app/controllers/PixelTrack.php on line 94
[25-Sep-2023 05:01:14 UTC] PHP Deprecated:  explode(): Passing null to parameter #2 ($string) of type string is deprecated in /home/swiftwav/analytics.cyrixx.com/app/controllers/PixelTrack.php on line 94
[25-Sep-2023 05:01:15 UTC] PHP Deprecated:  explode(): Passing null to parameter #2 ($string) of type string is deprecated in /home/swiftwav/analytics.cyrixx.com/app/controllers/PixelTrack.php on line 94
[25-Sep-2023 05:01:16 UTC] PHP Deprecated:  explode(): Passing null to parameter #2 ($string) of type string is deprecated in /home/swiftwav/analytics.cyrixx.com/app/controllers/PixelTrack.php on line 94
[25-Sep-2023 05:01:16 UTC] PHP Deprecated:  explode(): Passing null to parameter #2 ($string) of type string is deprecated in /home/swiftwav/analytics.cyrixx.com/app/controllers/PixelTrack.php on line 94
[25-Sep-2023 05:01:16 UTC] PHP Deprecated:  explode(): Passing null to parameter #2 ($string) of type string is deprecated in /home/swiftwav/analytics.cyrixx.com/app/controllers/PixelTrack.php on line 94
[25-Sep-2023 05:01:17 UTC] PHP Deprecated:  explode(): Passing null to parameter #2 ($string) of type string is deprecated in /home/swiftwav/analytics.cyrixx.com/app/controllers/PixelTrack.php on line 94
[25-Sep-2023 05:01:17 UTC] PHP Deprecated:  explode(): Passing null to parameter #2 ($string) of type string is deprecated in /home/swiftwav/analytics.cyrixx.com/app/controllers/PixelTrack.php on line 94
[25-Sep-2023 05:01:20 UTC] PHP Deprecated:  explode(): Passing null to parameter #2 ($string) of type string is deprecated in /home/swiftwav/analytics.cyrixx.com/app/controllers/PixelTrack.php on line 94
[25-Sep-2023 05:01:20 UTC] PHP Deprecated:  explode(): Passing null to parameter #2 ($string) of type string is deprecated in /home/swiftwav/analytics.cyrixx.com/app/controllers/PixelTrack.php on line 94
[25-Sep-2023 05:01:22 UTC] PHP Deprecated:  explode(): Passing null to parameter #2 ($string) of type string is deprecated in /home/swiftwav/analytics.cyrixx.com/app/controllers/PixelTrack.php on line 94
[25-Sep-2023 05:01:22 UTC] PHP Deprecated:  explode(): Passing null to parameter #2 ($string) of type string is deprecated in /home/swiftwav/analytics.cyrixx.com/app/controllers/PixelTrack.php on line 94
[25-Sep-2023 05:01:23 UTC] PHP Deprecated:  explode(): Passing null to parameter #2 ($string) of type string is deprecated in /home/swiftwav/analytics.cyrixx.com/app/controllers/PixelTrack.php on line 94
[25-Sep-2023 05:01:24 UTC] PHP Deprecated:  explode(): Passing null to parameter #2 ($string) of type string is deprecated in /home/swiftwav/analytics.cyrixx.com/app/controllers/PixelTrack.php on line 94
[25-Sep-2023 05:01:24 UTC] PHP Deprecated:  explode(): Passing null to parameter #2 ($string) of type string is deprecated in /home/swiftwav/analytics.cyrixx.com/app/controllers/PixelTrack.php on line 94
[25-Sep-2023 05:01:27 UTC] PHP Deprecated:  explode(): Passing null to parameter #2 ($string) of type string is deprecated in /home/swiftwav/analytics.cyrixx.com/app/controllers/PixelTrack.php on line 94
[25-Sep-2023 05:01:27 UTC] PHP Deprecated:  explode(): Passing null to parameter #2 ($string) of type string is deprecated in /home/swiftwav/analytics.cyrixx.com/app/controllers/PixelTrack.php on line 94
[25-Sep-2023 05:01:28 UTC] PHP Deprecated:  explode(): Passing null to parameter #2 ($string) of type string is deprecated in /home/swiftwav/analytics.cyrixx.com/app/controllers/PixelTrack.php on line 94
[25-Sep-2023 05:01:29 UTC] PHP Deprecated:  explode(): Passing null to parameter #2 ($string) of type string is deprecated in /home/swiftwav/analytics.cyrixx.com/app/controllers/PixelTrack.php on line 94
[25-Sep-2023 05:01:30 UTC] PHP Deprecated:  explode(): Passing null to parameter #2 ($string) of type string is deprecated in /home/swiftwav/analytics.cyrixx.com/app/controllers/PixelTrack.php on line 94
[25-Sep-2023 05:01:31 UTC] PHP Deprecated:  explode(): Passing null to parameter #2 ($string) of type string is deprecated in /home/swiftwav/analytics.cyrixx.com/app/controllers/PixelTrack.php on line 94
[25-Sep-2023 05:01:32 UTC] PHP Deprecated:  explode(): Passing null to parameter #2 ($string) of type string is deprecated in /home/swiftwav/analytics.cyrixx.com/app/controllers/PixelTrack.php on line 94
[25-Sep-2023 05:01:33 UTC] PHP Deprecated:  explode(): Passing null to parameter #2 ($string) of type string is deprecated in /home/swiftwav/analytics.cyrixx.com/app/controllers/PixelTrack.php on line 94
[25-Sep-2023 05:01:35 UTC] PHP Deprecated:  explode(): Passing null to parameter #2 ($string) of type string is deprecated in /home/swiftwav/analytics.cyrixx.com/app/controllers/PixelTrack.php on line 94
[25-Sep-2023 05:01:36 UTC] PHP Deprecated:  explode(): Passing null to parameter #2 ($string) of type string is deprecated in /home/swiftwav/analytics.cyrixx.com/app/controllers/PixelTrack.php on line 94
[25-Sep-2023 05:01:39 UTC] PHP Deprecated:  explode(): Passing null to parameter #2 ($string) of type string is deprecated in /home/swiftwav/analytics.cyrixx.com/app/controllers/PixelTrack.php on line 94
[25-Sep-2023 05:02:33 UTC] PHP Deprecated:  explode(): Passing null to parameter #2 ($string) of type string is deprecated in /home/swiftwav/analytics.cyrixx.com/app/controllers/PixelTrack.php on line 94
[25-Sep-2023 05:02:33 UTC] PHP Deprecated:  explode(): Passing null to parameter #2 ($string) of type string is deprecated in /home/swiftwav/analytics.cyrixx.com/app/controllers/PixelTrack.php on line 94
[25-Sep-2023 05:02:35 UTC] PHP Deprecated:  explode(): Passing null to parameter #2 ($string) of type string is deprecated in /home/swiftwav/analytics.cyrixx.com/app/controllers/PixelTrack.php on line 94
[25-Sep-2023 05:02:36 UTC] PHP Deprecated:  explode(): Passing null to parameter #2 ($string) of type string is deprecated in /home/swiftwav/analytics.cyrixx.com/app/controllers/PixelTrack.php on line 94
[25-Sep-2023 05:02:38 UTC] PHP Deprecated:  explode(): Passing null to parameter #2 ($string) of type string is deprecated in /home/swiftwav/analytics.cyrixx.com/app/controllers/PixelTrack.php on line 94
[25-Sep-2023 05:04:27 UTC] PHP Deprecated:  explode(): Passing null to parameter #2 ($string) of type string is deprecated in /home/swiftwav/analytics.cyrixx.com/app/controllers/PixelTrack.php on line 94
[25-Sep-2023 05:04:27 UTC] PHP Deprecated:  explode(): Passing null to parameter #2 ($string) of type string is deprecated in /home/swiftwav/analytics.cyrixx.com/app/controllers/PixelTrack.php on line 94
[25-Sep-2023 05:06:37 UTC] PHP Deprecated:  explode(): Passing null to parameter #2 ($string) of type string is deprecated in /home/swiftwav/analytics.cyrixx.com/app/controllers/PixelTrack.php on line 94
[25-Sep-2023 05:06:37 UTC] PHP Deprecated:  explode(): Passing null to parameter #2 ($string) of type string is deprecated in /home/swiftwav/analytics.cyrixx.com/app/controllers/PixelTrack.php on line 94
[25-Sep-2023 05:06:39 UTC] PHP Deprecated:  explode(): Passing null to parameter #2 ($string) of type string is deprecated in /home/swiftwav/analytics.cyrixx.com/app/controllers/PixelTrack.php on line 94
[25-Sep-2023 05:06:40 UTC] PHP Deprecated:  explode(): Passing null to parameter #2 ($string) of type string is deprecated in /home/swiftwav/analytics.cyrixx.com/app/controllers/PixelTrack.php on line 94
[25-Sep-2023 05:06:41 UTC] PHP Deprecated:  explode(): Passing null to parameter #2 ($string) of type string is deprecated in /home/swiftwav/analytics.cyrixx.com/app/controllers/PixelTrack.php on line 94
[25-Sep-2023 05:06:42 UTC] PHP Deprecated:  explode(): Passing null to parameter #2 ($string) of type string is deprecated in /home/swiftwav/analytics.cyrixx.com/app/controllers/PixelTrack.php on line 94
[25-Sep-2023 05:06:43 UTC] PHP Deprecated:  explode(): Passing null to parameter #2 ($string) of type string is deprecated in /home/swiftwav/analytics.cyrixx.com/app/controllers/PixelTrack.php on line 94
[25-Sep-2023 05:07:16 UTC] PHP Deprecated:  explode(): Passing null to parameter #2 ($string) of type string is deprecated in /home/swiftwav/analytics.cyrixx.com/app/controllers/PixelTrack.php on line 94
[25-Sep-2023 05:07:16 UTC] PHP Deprecated:  explode(): Passing null to parameter #2 ($string) of type string is deprecated in /home/swiftwav/analytics.cyrixx.com/app/controllers/PixelTrack.php on line 94
[25-Sep-2023 05:07:17 UTC] PHP Deprecated:  explode(): Passing null to parameter #2 ($string) of type string is deprecated in /home/swiftwav/analytics.cyrixx.com/app/controllers/PixelTrack.php on line 94
[25-Sep-2023 05:07:17 UTC] PHP Warning:  Undefined property: stdClass::$guests_content in /home/swiftwav/analytics.cyrixx.com/themes/altum/views/partials/announcements.php on line 4
[25-Sep-2023 05:07:17 UTC] PHP Warning:  Undefined property: stdClass::$users_content in /home/swiftwav/analytics.cyrixx.com/themes/altum/views/partials/announcements.php on line 4
[25-Sep-2023 05:07:17 UTC] PHP Deprecated:  explode(): Passing null to parameter #2 ($string) of type string is deprecated in /home/swiftwav/analytics.cyrixx.com/app/controllers/PixelTrack.php on line 94
[25-Sep-2023 05:07:18 UTC] PHP Warning:  Undefined property: stdClass::$guests_content in /home/swiftwav/analytics.cyrixx.com/themes/altum/views/partials/announcements.php on line 4
[25-Sep-2023 05:07:18 UTC] PHP Warning:  Undefined property: stdClass::$users_content in /home/swiftwav/analytics.cyrixx.com/themes/altum/views/partials/announcements.php on line 4
[25-Sep-2023 05:07:20 UTC] PHP Deprecated:  explode(): Passing null to parameter #2 ($string) of type string is deprecated in /home/swiftwav/analytics.cyrixx.com/app/controllers/PixelTrack.php on line 94
[25-Sep-2023 05:07:25 UTC] PHP Deprecated:  explode(): Passing null to parameter #2 ($string) of type string is deprecated in /home/swiftwav/analytics.cyrixx.com/app/controllers/PixelTrack.php on line 94
[25-Sep-2023 05:07:27 UTC] PHP Deprecated:  explode(): Passing null to parameter #2 ($string) of type string is deprecated in /home/swiftwav/analytics.cyrixx.com/app/controllers/PixelTrack.php on line 94
[25-Sep-2023 05:07:27 UTC] PHP Deprecated:  explode(): Passing null to parameter #2 ($string) of type string is deprecated in /home/swiftwav/analytics.cyrixx.com/app/controllers/PixelTrack.php on line 94
[25-Sep-2023 05:07:28 UTC] PHP Deprecated:  explode(): Passing null to parameter #2 ($string) of type string is deprecated in /home/swiftwav/analytics.cyrixx.com/app/controllers/PixelTrack.php on line 94
[25-Sep-2023 05:07:28 UTC] PHP Warning:  Undefined property: stdClass::$guests_content in /home/swiftwav/analytics.cyrixx.com/themes/altum/views/partials/announcements.php on line 4
[25-Sep-2023 05:07:28 UTC] PHP Warning:  Undefined property: stdClass::$users_content in /home/swiftwav/analytics.cyrixx.com/themes/altum/views/partials/announcements.php on line 4
[25-Sep-2023 05:07:28 UTC] PHP Warning:  Undefined property: stdClass::$guests_content in /home/swiftwav/analytics.cyrixx.com/themes/altum/views/partials/announcements.php on line 4
[25-Sep-2023 05:07:28 UTC] PHP Warning:  Undefined property: stdClass::$users_content in /home/swiftwav/analytics.cyrixx.com/themes/altum/views/partials/announcements.php on line 4
[25-Sep-2023 05:22:35 UTC] PHP Warning:  Undefined property: stdClass::$guests_content in /home/swiftwav/analytics.cyrixx.com/themes/altum/views/partials/announcements.php on line 4
[25-Sep-2023 05:22:35 UTC] PHP Warning:  Undefined property: stdClass::$users_content in /home/swiftwav/analytics.cyrixx.com/themes/altum/views/partials/announcements.php on line 4
[25-Sep-2023 06:02:31 UTC] PHP Warning:  Undefined property: stdClass::$guests_content in /home/swiftwav/analytics.cyrixx.com/themes/altum/views/partials/announcements.php on line 4
[25-Sep-2023 06:02:31 UTC] PHP Warning:  Undefined property: stdClass::$users_content in /home/swiftwav/analytics.cyrixx.com/themes/altum/views/partials/announcements.php on line 4
[25-Sep-2023 06:55:51 UTC] PHP Warning:  Undefined property: stdClass::$guests_content in /home/swiftwav/analytics.cyrixx.com/themes/altum/views/partials/announcements.php on line 4
[25-Sep-2023 06:55:51 UTC] PHP Warning:  Undefined property: stdClass::$users_content in /home/swiftwav/analytics.cyrixx.com/themes/altum/views/partials/announcements.php on line 4
[25-Sep-2023 06:55:52 UTC] PHP Warning:  Undefined property: stdClass::$guests_content in /home/swiftwav/analytics.cyrixx.com/themes/altum/views/partials/announcements.php on line 4
[25-Sep-2023 06:55:52 UTC] PHP Warning:  Undefined property: stdClass::$users_content in /home/swiftwav/analytics.cyrixx.com/themes/altum/views/partials/announcements.php on line 4
[25-Sep-2023 06:56:07 UTC] PHP Warning:  Undefined property: stdClass::$guests_content in /home/swiftwav/analytics.cyrixx.com/themes/altum/views/partials/announcements.php on line 4
[25-Sep-2023 06:56:07 UTC] PHP Warning:  Undefined property: stdClass::$users_content in /home/swiftwav/analytics.cyrixx.com/themes/altum/views/partials/announcements.php on line 4
[25-Sep-2023 06:56:08 UTC] PHP Warning:  Undefined property: stdClass::$guests_content in /home/swiftwav/analytics.cyrixx.com/themes/altum/views/partials/announcements.php on line 4
[25-Sep-2023 06:56:08 UTC] PHP Warning:  Undefined property: stdClass::$users_content in /home/swiftwav/analytics.cyrixx.com/themes/altum/views/partials/announcements.php on line 4
[25-Sep-2023 06:57:26 UTC] PHP Warning:  Undefined property: stdClass::$guests_content in /home/swiftwav/analytics.cyrixx.com/themes/altum/views/partials/announcements.php on line 4
[25-Sep-2023 06:57:26 UTC] PHP Warning:  Undefined property: stdClass::$users_content in /home/swiftwav/analytics.cyrixx.com/themes/altum/views/partials/announcements.php on line 4
[25-Sep-2023 06:57:27 UTC] PHP Warning:  Undefined property: stdClass::$guests_content in /home/swiftwav/analytics.cyrixx.com/themes/altum/views/partials/announcements.php on line 4
[25-Sep-2023 06:57:27 UTC] PHP Warning:  Undefined property: stdClass::$users_content in /home/swiftwav/analytics.cyrixx.com/themes/altum/views/partials/announcements.php on line 4
[25-Sep-2023 06:57:27 UTC] PHP Warning:  Undefined property: stdClass::$guests_content in /home/swiftwav/analytics.cyrixx.com/themes/altum/views/partials/announcements.php on line 4
[25-Sep-2023 06:57:27 UTC] PHP Warning:  Undefined property: stdClass::$users_content in /home/swiftwav/analytics.cyrixx.com/themes/altum/views/partials/announcements.php on line 4
[25-Sep-2023 07:37:28 UTC] PHP Deprecated:  explode(): Passing null to parameter #2 ($string) of type string is deprecated in /home/swiftwav/analytics.cyrixx.com/app/controllers/PixelTrack.php on line 94
[25-Sep-2023 07:37:33 UTC] PHP Deprecated:  explode(): Passing null to parameter #2 ($string) of type string is deprecated in /home/swiftwav/analytics.cyrixx.com/app/controllers/PixelTrack.php on line 94
[25-Sep-2023 09:20:32 UTC] PHP Warning:  Undefined property: stdClass::$guests_content in /home/swiftwav/analytics.cyrixx.com/themes/altum/views/partials/announcements.php on line 4
[25-Sep-2023 09:20:32 UTC] PHP Warning:  Undefined property: stdClass::$users_content in /home/swiftwav/analytics.cyrixx.com/themes/altum/views/partials/announcements.php on line 4
[25-Sep-2023 09:59:15 UTC] PHP Warning:  Undefined property: stdClass::$guests_content in /home/swiftwav/analytics.cyrixx.com/themes/altum/views/partials/announcements.php on line 4
[25-Sep-2023 09:59:15 UTC] PHP Warning:  Undefined property: stdClass::$users_content in /home/swiftwav/analytics.cyrixx.com/themes/altum/views/partials/announcements.php on line 4
[25-Sep-2023 12:50:04 UTC] PHP Warning:  Undefined property: stdClass::$guests_content in /home/swiftwav/analytics.cyrixx.com/themes/altum/views/partials/announcements.php on line 4
[25-Sep-2023 12:50:04 UTC] PHP Warning:  Undefined property: stdClass::$users_content in /home/swiftwav/analytics.cyrixx.com/themes/altum/views/partials/announcements.php on line 4
[25-Sep-2023 12:50:05 UTC] PHP Warning:  Undefined property: stdClass::$guests_content in /home/swiftwav/analytics.cyrixx.com/themes/altum/views/partials/announcements.php on line 4
[25-Sep-2023 12:50:05 UTC] PHP Warning:  Undefined property: stdClass::$users_content in /home/swiftwav/analytics.cyrixx.com/themes/altum/views/partials/announcements.php on line 4
[25-Sep-2023 13:28:42 UTC] PHP Warning:  Undefined property: stdClass::$guests_content in /home/swiftwav/analytics.cyrixx.com/themes/altum/views/partials/announcements.php on line 4
[25-Sep-2023 13:28:42 UTC] PHP Warning:  Undefined property: stdClass::$users_content in /home/swiftwav/analytics.cyrixx.com/themes/altum/views/partials/announcements.php on line 4
[25-Sep-2023 14:09:12 UTC] PHP Warning:  Undefined property: stdClass::$guests_content in /home/swiftwav/analytics.cyrixx.com/themes/altum/views/partials/announcements.php on line 4
[25-Sep-2023 14:09:12 UTC] PHP Warning:  Undefined property: stdClass::$users_content in /home/swiftwav/analytics.cyrixx.com/themes/altum/views/partials/announcements.php on line 4
[25-Sep-2023 14:09:13 UTC] PHP Warning:  Undefined property: stdClass::$guests_content in /home/swiftwav/analytics.cyrixx.com/themes/altum/views/partials/announcements.php on line 4
[25-Sep-2023 14:09:13 UTC] PHP Warning:  Undefined property: stdClass::$users_content in /home/swiftwav/analytics.cyrixx.com/themes/altum/views/partials/announcements.php on line 4
[25-Sep-2023 14:09:15 UTC] PHP Warning:  Undefined property: stdClass::$guests_content in /home/swiftwav/analytics.cyrixx.com/themes/altum/views/partials/announcements.php on line 4
[25-Sep-2023 14:09:15 UTC] PHP Warning:  Undefined property: stdClass::$users_content in /home/swiftwav/analytics.cyrixx.com/themes/altum/views/partials/announcements.php on line 4
[25-Sep-2023 14:09:16 UTC] PHP Warning:  Undefined property: stdClass::$guests_content in /home/swiftwav/analytics.cyrixx.com/themes/altum/views/partials/announcements.php on line 4
[25-Sep-2023 14:09:16 UTC] PHP Warning:  Undefined property: stdClass::$users_content in /home/swiftwav/analytics.cyrixx.com/themes/altum/views/partials/announcements.php on line 4
[25-Sep-2023 14:09:45 UTC] PHP Warning:  Undefined property: stdClass::$guests_content in /home/swiftwav/analytics.cyrixx.com/themes/altum/views/partials/announcements.php on line 4
[25-Sep-2023 14:09:45 UTC] PHP Warning:  Undefined property: stdClass::$users_content in /home/swiftwav/analytics.cyrixx.com/themes/altum/views/partials/announcements.php on line 4
[25-Sep-2023 14:09:46 UTC] PHP Warning:  Undefined property: stdClass::$guests_content in /home/swiftwav/analytics.cyrixx.com/themes/altum/views/partials/announcements.php on line 4
[25-Sep-2023 14:09:46 UTC] PHP Warning:  Undefined property: stdClass::$users_content in /home/swiftwav/analytics.cyrixx.com/themes/altum/views/partials/announcements.php on line 4
[25-Sep-2023 16:59:33 UTC] PHP Warning:  Undefined property: stdClass::$guests_content in /home/swiftwav/analytics.cyrixx.com/themes/altum/views/partials/announcements.php on line 4
[25-Sep-2023 16:59:33 UTC] PHP Warning:  Undefined property: stdClass::$users_content in /home/swiftwav/analytics.cyrixx.com/themes/altum/views/partials/announcements.php on line 4
[25-Sep-2023 19:43:40 UTC] PHP Warning:  Undefined property: stdClass::$guests_content in /home/swiftwav/analytics.cyrixx.com/themes/altum/views/partials/announcements.php on line 4
[25-Sep-2023 19:43:40 UTC] PHP Warning:  Undefined property: stdClass::$users_content in /home/swiftwav/analytics.cyrixx.com/themes/altum/views/partials/announcements.php on line 4
[25-Sep-2023 19:43:40 UTC] PHP Warning:  Undefined property: stdClass::$guests_content in /home/swiftwav/analytics.cyrixx.com/themes/altum/views/partials/announcements.php on line 4
[25-Sep-2023 19:43:40 UTC] PHP Warning:  Undefined property: stdClass::$users_content in /home/swiftwav/analytics.cyrixx.com/themes/altum/views/partials/announcements.php on line 4
[25-Sep-2023 19:46:05 UTC] PHP Warning:  Attempt to read property "is_enabled" on string in /home/swiftwav/analytics.cyrixx.com/themes/altum/views/register/index.php on line 69
[25-Sep-2023 19:46:05 UTC] PHP Warning:  Undefined property: stdClass::$is_enabled in /home/swiftwav/analytics.cyrixx.com/themes/altum/views/register/index.php on line 77
[25-Sep-2023 19:46:05 UTC] PHP Warning:  Undefined property: stdClass::$guests_content in /home/swiftwav/analytics.cyrixx.com/themes/altum/views/partials/announcements.php on line 4
[25-Sep-2023 19:46:05 UTC] PHP Warning:  Undefined property: stdClass::$users_content in /home/swiftwav/analytics.cyrixx.com/themes/altum/views/partials/announcements.php on line 4
[25-Sep-2023 20:25:09 UTC] PHP Warning:  Undefined property: stdClass::$guests_content in /home/swiftwav/analytics.cyrixx.com/themes/altum/views/partials/announcements.php on line 4
[25-Sep-2023 20:25:09 UTC] PHP Warning:  Undefined property: stdClass::$users_content in /home/swiftwav/analytics.cyrixx.com/themes/altum/views/partials/announcements.php on line 4
[25-Sep-2023 20:27:48 UTC] PHP Warning:  Undefined property: stdClass::$guests_content in /home/swiftwav/analytics.cyrixx.com/themes/altum/views/partials/announcements.php on line 4
[25-Sep-2023 20:27:48 UTC] PHP Warning:  Undefined property: stdClass::$users_content in /home/swiftwav/analytics.cyrixx.com/themes/altum/views/partials/announcements.php on line 4
[25-Sep-2023 20:31:11 UTC] PHP Warning:  Attempt to read property "is_enabled" on string in /home/swiftwav/analytics.cyrixx.com/themes/altum/views/register/index.php on line 69
[25-Sep-2023 20:31:11 UTC] PHP Warning:  Undefined property: stdClass::$is_enabled in /home/swiftwav/analytics.cyrixx.com/themes/altum/views/register/index.php on line 77
[25-Sep-2023 20:31:11 UTC] PHP Warning:  Undefined property: stdClass::$guests_content in /home/swiftwav/analytics.cyrixx.com/themes/altum/views/partials/announcements.php on line 4
[25-Sep-2023 20:31:11 UTC] PHP Warning:  Undefined property: stdClass::$users_content in /home/swiftwav/analytics.cyrixx.com/themes/altum/views/partials/announcements.php on line 4
[25-Sep-2023 20:47:38 UTC] PHP Warning:  Attempt to read property "is_enabled" on string in /home/swiftwav/analytics.cyrixx.com/app/controllers/Login.php on line 187
[25-Sep-2023 20:47:38 UTC] PHP Warning:  Undefined property: stdClass::$is_enabled in /home/swiftwav/analytics.cyrixx.com/app/controllers/Login.php on line 229
[25-Sep-2023 20:47:38 UTC] PHP Warning:  Attempt to read property "is_enabled" on string in /home/swiftwav/analytics.cyrixx.com/themes/altum/views/login/index.php on line 81
[25-Sep-2023 20:47:38 UTC] PHP Warning:  Undefined property: stdClass::$is_enabled in /home/swiftwav/analytics.cyrixx.com/themes/altum/views/login/index.php on line 89
[25-Sep-2023 20:47:38 UTC] PHP Warning:  Undefined property: stdClass::$guests_content in /home/swiftwav/analytics.cyrixx.com/themes/altum/views/partials/announcements.php on line 4
[25-Sep-2023 20:47:38 UTC] PHP Warning:  Undefined property: stdClass::$users_content in /home/swiftwav/analytics.cyrixx.com/themes/altum/views/partials/announcements.php on line 4
[25-Sep-2023 21:06:10 UTC] PHP Warning:  Undefined property: stdClass::$contact_is_enabled in /home/swiftwav/analytics.cyrixx.com/themes/altum/views/contact/index.php on line 51
[25-Sep-2023 21:06:10 UTC] PHP Warning:  Undefined property: stdClass::$guests_content in /home/swiftwav/analytics.cyrixx.com/themes/altum/views/partials/announcements.php on line 4
[25-Sep-2023 21:06:10 UTC] PHP Warning:  Undefined property: stdClass::$users_content in /home/swiftwav/analytics.cyrixx.com/themes/altum/views/partials/announcements.php on line 4
[25-Sep-2023 21:12:26 UTC] PHP Warning:  Attempt to read property "is_enabled" on string in /home/swiftwav/analytics.cyrixx.com/app/controllers/Login.php on line 187
[25-Sep-2023 21:12:26 UTC] PHP Warning:  Undefined property: stdClass::$is_enabled in /home/swiftwav/analytics.cyrixx.com/app/controllers/Login.php on line 229
[25-Sep-2023 21:12:26 UTC] PHP Warning:  Attempt to read property "is_enabled" on string in /home/swiftwav/analytics.cyrixx.com/themes/altum/views/login/index.php on line 81
[25-Sep-2023 21:12:26 UTC] PHP Warning:  Undefined property: stdClass::$is_enabled in /home/swiftwav/analytics.cyrixx.com/themes/altum/views/login/index.php on line 89
[25-Sep-2023 21:12:26 UTC] PHP Warning:  Undefined property: stdClass::$guests_content in /home/swiftwav/analytics.cyrixx.com/themes/altum/views/partials/announcements.php on line 4
[25-Sep-2023 21:12:26 UTC] PHP Warning:  Undefined property: stdClass::$users_content in /home/swiftwav/analytics.cyrixx.com/themes/altum/views/partials/announcements.php on line 4
[25-Sep-2023 22:27:31 UTC] PHP Warning:  Undefined property: stdClass::$guests_content in /home/swiftwav/analytics.cyrixx.com/themes/altum/views/partials/announcements.php on line 4
[25-Sep-2023 22:27:31 UTC] PHP Warning:  Undefined property: stdClass::$users_content in /home/swiftwav/analytics.cyrixx.com/themes/altum/views/partials/announcements.php on line 4
